#
# A fatal error has been detected by the Java Runtime Environment:
#
#  EXCEPTION_ACCESS_VIOLATION (0xc0000005) at pc=0x0000000057453653, pid=3416, tid=2276
#
# JRE version: Java(TM) SE Runtime Environment (8.0_51-b16) (build 1.8.0_51-b16)
# Java VM: Java HotSpot(TM) 64-Bit Server VM (25.51-b03 mixed mode windows-amd64 compressed oops)
# Problematic frame:
# V  [jvm.dll+0x213653]
#
# Failed to write core dump. Minidumps are not enabled by default on client versions of Windows
#
# If you would like to submit a bug report, please visit:
#   http://bugreport.java.com/bugreport/crash.jsp
#

---------------  T H R E A D  ---------------

Current thread (0x000000001564b000):  JavaThread "JDWP Transport Listener: dt_socket" daemon [_thread_in_vm, id=2276, stack(0x00000000178b0000,0x0000000017ab0000)]

siginfo: ExceptionCode=0xc0000005, reading address 0x0000000000000358

Registers:
RAX=0x0000000000000300, RBX=0x0000000000000300, RCX=0x0000000000000000, RDX=0x000000002951f200
RSP=0x0000000017aaf9b0, RBP=0x0000000000000000, RSI=0x0000000000000006, RDI=0x000000002951f200
R8 =0x0000000000000300, R9 =0x000000001564b000, R10=0x0000000000000000, R11=0x0000000000000000
R12=0x0000000000000000, R13=0x0000000015651f48, R14=0x0000000000000000, R15=0x0000000000000000
RIP=0x0000000057453653, EFLAGS=0x0000000000010206

Top of Stack: (sp=0x0000000017aaf9b0)
0x0000000017aaf9b0:   000000001564b000 000000002951f200
0x0000000017aaf9c0:   0000000017aafac8 00000000573fdb17
0x0000000017aaf9d0:   000000001e6fa800 00000000573e1617
0x0000000017aaf9e0:   000000002951f200 0000000017aafac8
0x0000000017aaf9f0:   0000000000000006 00000000573e6f25
0x0000000017aafa00:   000000001e6fa800 00000000573e3459
0x0000000017aafa10:   0000000000000005 0000000000000000
0x0000000017aafa20:   00000000156408e0 000000005b8e101e
0x0000000017aafa30:   0000000017aafac8 000000005756c9a8
0x0000000017aafa40:   000000001564b000 0000000001fba3f0
0x0000000017aafa50:   000000001b89fd80 000000005737c150
0x0000000017aafa60:   000000001564b000 0000000000000000
0x0000000017aafa70:   0000000000000000 0000000000000000
0x0000000017aafa80:   0000000017aafb00 000000005b8dd38b
0x0000000017aafa90:   0000000017aafb08 000000001b89fd80
0x0000000017aafaa0:   000000001b89fd80 0000000000000000 

Instructions: (pc=0x0000000057453653)
0x0000000057453633:   e9 62 00 00 4c 8b 1f 49 f7 c3 fe ff ff ff 74 32
0x0000000057453643:   41 f6 c3 01 74 89 eb 2a 48 83 e3 fe 48 89 5f 10
0x0000000057453653:   48 8b 43 58 48 89 47 10 48 89 5f 18 e8 bc 62 00
0x0000000057453663:   00 4c 8b 1f 41 f6 c3 01 75 08 48 8b cb e8 9b 13 


Register to memory mapping:

RAX=0x0000000000000300 is an unknown value
RBX=0x0000000000000300 is an unknown value
RCX=0x0000000000000000 is an unknown value
RDX=0x000000002951f200 is an unknown value
RSP=0x0000000017aaf9b0 is pointing into the stack for thread: 0x000000001564b000
RBP=0x0000000000000000 is an unknown value
RSI=0x0000000000000006 is an unknown value
RDI=0x000000002951f200 is an unknown value
R8 =0x0000000000000300 is an unknown value
R9 =0x000000001564b000 is a thread
R10=0x0000000000000000 is an unknown value
R11=0x0000000000000000 is an unknown value
R12=0x0000000000000000 is an unknown value
R13=0x0000000015651f48 is an unknown value
R14=0x0000000000000000 is an unknown value
R15=0x0000000000000000 is an unknown value


Stack: [0x00000000178b0000,0x0000000017ab0000],  sp=0x0000000017aaf9b0,  free space=2046k
Native frames: (J=compiled Java code, j=interpreted, Vv=VM code, C=native code)


---------------  P R O C E S S  ---------------

Java Threads: ( => current thread )
  0x000000001e6fa800 JavaThread "RequestProcessor queue manager" daemon [_thread_blocked, id=2732, stack(0x0000000022c70000,0x0000000022e70000)]
  0x0000000028a8d800 JavaThread "Swing-Shell" daemon [_thread_blocked, id=4736, stack(0x0000000033de0000,0x0000000033fe0000)]
  0x0000000028a8d000 JavaThread "Prism Font Disposer" daemon [_thread_blocked, id=872, stack(0x0000000033be0000,0x0000000033de0000)]
  0x0000000028a8c000 JavaThread "Thread-7" daemon [_thread_in_native, id=3436, stack(0x000000002f7e0000,0x000000002f9e0000)]
  0x0000000028a8b800 JavaThread "JavaFX Application Thread" [_thread_blocked, id=2800, stack(0x000000002ebe0000,0x000000002ede0000)]
  0x0000000028a8a800 JavaThread "Thread-6" daemon [_thread_blocked, id=4688, stack(0x000000002e9e0000,0x000000002ebe0000)]
  0x000000001e6fb000 JavaThread "QuantumRenderer-0" daemon [_thread_blocked, id=760, stack(0x000000002d920000,0x000000002db20000)]
  0x000000001e6f9000 JavaThread "Thread-3" daemon [_thread_blocked, id=656, stack(0x0000000022470000,0x0000000022670000)]
  0x000000001e6f8000 JavaThread "TimerQueue" daemon [_thread_blocked, id=3176, stack(0x00000000212a0000,0x00000000214a0000)]
  0x000000001e6f7800 JavaThread "D3D Screen Updater" daemon [_thread_blocked, id=3044, stack(0x0000000020f90000,0x0000000021190000)]
  0x000000001e6f6800 JavaThread "File Watcher" daemon [_thread_blocked, id=1788, stack(0x000000001faf0000,0x000000001fcf0000)]
  0x000000001951f800 JavaThread "org.netbeans.modules.debugger.jpda.visual AWT Access Loop" daemon [_thread_blocked, id=2640, stack(0x00000000180b0000,0x00000000182b0000)]
  0x000000001946e000 JavaThread "AWT-EventQueue-0" [_thread_blocked, id=3588, stack(0x0000000017eb0000,0x00000000180b0000)]
  0x0000000019466800 JavaThread "AWT-Windows" daemon [_thread_in_native, id=2168, stack(0x000000001ade0000,0x000000001afe0000)]
  0x0000000019463800 JavaThread "AWT-Shutdown" [_thread_blocked, id=664, stack(0x000000001abe0000,0x000000001ade0000)]
  0x0000000019322800 JavaThread "Java2D Disposer" daemon [_thread_blocked, id=4872, stack(0x000000001a9e0000,0x000000001abe0000)]
  0x0000000019226800 JavaThread "Inactive RequestProcessor thread [Was:TimedSoftReference/org.openide.util.TimedSoftReference]" daemon [_thread_blocked, id=2508, stack(0x0000000019e00000,0x000000001a000000)]
  0x00000000191bd800 JavaThread "CLI Requests Server" daemon [_thread_in_native, id=3260, stack(0x0000000019c00000,0x0000000019e00000)]
  0x0000000019194800 JavaThread "Active Reference Queue Daemon" daemon [_thread_blocked, id=4828, stack(0x0000000019800000,0x0000000019a00000)]
  0x00000000156fa800 JavaThread "Service Thread" daemon [_thread_blocked, id=1500, stack(0x0000000018c00000,0x0000000018e00000)]
  0x000000001568f800 JavaThread "C1 CompilerThread2" daemon [_thread_blocked, id=3196, stack(0x0000000018a00000,0x0000000018c00000)]
  0x0000000015673800 JavaThread "C2 CompilerThread1" daemon [_thread_blocked, id=3868, stack(0x0000000018800000,0x0000000018a00000)]
  0x0000000015663800 JavaThread "C2 CompilerThread0" daemon [_thread_blocked, id=320, stack(0x0000000018600000,0x0000000018800000)]
  0x0000000015662800 JavaThread "JDWP Command Reader" daemon [_thread_in_native, id=4524, stack(0x0000000017cb0000,0x0000000017eb0000)]
  0x0000000015655800 JavaThread "JDWP Event Helper Thread" daemon [_thread_blocked, id=808, stack(0x0000000017ab0000,0x0000000017cb0000)]
=>0x000000001564b000 JavaThread "JDWP Transport Listener: dt_socket" daemon [_thread_in_vm, id=2276, stack(0x00000000178b0000,0x0000000017ab0000)]
  0x0000000015644000 JavaThread "Attach Listener" daemon [_thread_blocked, id=2396, stack(0x00000000176b0000,0x00000000178b0000)]
  0x0000000015642800 JavaThread "Signal Dispatcher" daemon [_thread_blocked, id=364, stack(0x00000000174b0000,0x00000000176b0000)]
  0x00000000155e4800 JavaThread "Finalizer" daemon [_thread_blocked, id=2600, stack(0x00000000172b0000,0x00000000174b0000)]
  0x00000000155dd000 JavaThread "Reference Handler" daemon [_thread_blocked, id=2960, stack(0x00000000170b0000,0x00000000172b0000)]
  0x0000000001ee9000 JavaThread "main" [_thread_blocked, id=4808, stack(0x0000000000030000,0x0000000000230000)]

Other Threads:
  0x00000000155d5800 VMThread [stack: 0x00000000169b0000,0x0000000016bb0000] [id=4332]
  0x00000000156fd000 WatcherThread [stack: 0x0000000018e00000,0x0000000019000000] [id=3908]

VM state:not at safepoint (normal execution)

VM Mutex/Monitor currently owned by a thread: None

Heap:
 PSYoungGen      total 183296K, used 166778K [0x00000000eab00000, 0x00000000f7380000, 0x0000000100000000)
  eden space 170496K, 90% used [0x00000000eab00000,0x00000000f419a908,0x00000000f5180000)
  from space 12800K, 98% used [0x00000000f6700000,0x00000000f73440f8,0x00000000f7380000)
  to   space 15360K, 0% used [0x00000000f5580000,0x00000000f5580000,0x00000000f6480000)
 ParOldGen       total 110080K, used 49680K [0x00000000c0000000, 0x00000000c6b80000, 0x00000000eab00000)
  object space 110080K, 45% used [0x00000000c0000000,0x00000000c3084200,0x00000000c6b80000)
 Metaspace       used 65000K, capacity 67886K, committed 68224K, reserved 1107968K
  class space    used 8095K, capacity 8963K, committed 9088K, reserved 1048576K

Card table byte_map: [0x0000000011d70000,0x0000000011f80000] byte_map_base: 0x0000000011770000

Marking Bits: (ParMarkBitMap*) 0x0000000057a44040
 Begin Bits: [0x0000000012b20000, 0x0000000013b20000)
 End Bits:   [0x0000000013b20000, 0x0000000014b20000)

Polling page: 0x0000000000440000

CodeCache: size=245760Kb used=24986Kb max_used=25164Kb free=220773Kb
 bounds [0x00000000029b0000, 0x0000000004290000, 0x00000000119b0000]
 total_blobs=7936 nmethods=7013 adapters=841
 compilation: enabled

Compilation events (10 events):
Event: 81.126 Thread 0x000000001568f800 8265       3       java.util.PriorityQueue::<init> (41 bytes)
Event: 81.126 Thread 0x000000001568f800 nmethod 8265 0x000000000319c810 code [0x000000000319c9a0, 0x000000000319cde8]
Event: 81.701 Thread 0x0000000015663800 8267       4       java.awt.geom.RectangularShape::<init> (5 bytes)
Event: 81.701 Thread 0x0000000015663800 nmethod 8267 0x00000000030b5e90 code [0x00000000030b5fc0, 0x00000000030b6018]
Event: 81.871 Thread 0x0000000015673800 8268  s    4       sun.java2d.StateTrackableDelegate::getStateTracker (82 bytes)
Event: 81.874 Thread 0x0000000015673800 nmethod 8268 0x0000000003a41610 code [0x0000000003a41760, 0x0000000003a41b98]
Event: 82.143 Thread 0x0000000015663800 8269       4       java.util.WeakHashMap$HashIterator::<init> (41 bytes)
Event: 82.144 Thread 0x0000000015663800 nmethod 8269 0x0000000003a41210 code [0x0000000003a41360, 0x0000000003a41488]
Event: 84.285 Thread 0x0000000015673800 8270       4       sun.java2d.SunGraphics2D::<init> (180 bytes)
Event: 84.291 Thread 0x0000000015673800 nmethod 8270 0x00000000032a8fd0 code [0x00000000032a9160, 0x00000000032a9728]

GC Heap History (10 events):
Event: 8.229 GC heap before
{Heap before GC invocations=13 (full 2):
 PSYoungGen      total 120320K, used 120294K [0x00000000eab00000, 0x00000000f3600000, 0x0000000100000000)
  eden space 110080K, 100% used [0x00000000eab00000,0x00000000f1680000,0x00000000f1680000)
  from space 10240K, 99% used [0x00000000f2480000,0x00000000f2e799d0,0x00000000f2e80000)
  to   space 14336K, 0% used [0x00000000f1680000,0x00000000f1680000,0x00000000f2480000)
 ParOldGen       total 61440K, used 26872K [0x00000000c0000000, 0x00000000c3c00000, 0x00000000eab00000)
  object space 61440K, 43% used [0x00000000c0000000,0x00000000c1a3e218,0x00000000c3c00000)
 Metaspace       used 49117K, capacity 50766K, committed 51072K, reserved 1093632K
  class space    used 5820K, capacity 6435K, committed 6528K, reserved 1048576K
Event: 8.276 GC heap after
Heap after GC invocations=13 (full 2):
 PSYoungGen      total 124416K, used 8716K [0x00000000eab00000, 0x00000000f5280000, 0x0000000100000000)
  eden space 110080K, 0% used [0x00000000eab00000,0x00000000eab00000,0x00000000f1680000)
  from space 14336K, 60% used [0x00000000f1680000,0x00000000f1f03038,0x00000000f2480000)
  to   space 14848K, 0% used [0x00000000f4400000,0x00000000f4400000,0x00000000f5280000)
 ParOldGen       total 61440K, used 36860K [0x00000000c0000000, 0x00000000c3c00000, 0x00000000eab00000)
  object space 61440K, 59% used [0x00000000c0000000,0x00000000c23ff368,0x00000000c3c00000)
 Metaspace       used 49117K, capacity 50766K, committed 51072K, reserved 1093632K
  class space    used 5820K, capacity 6435K, committed 6528K, reserved 1048576K
}
Event: 8.973 GC heap before
{Heap before GC invocations=14 (full 2):
 PSYoungGen      total 124416K, used 118796K [0x00000000eab00000, 0x00000000f5280000, 0x0000000100000000)
  eden space 110080K, 100% used [0x00000000eab00000,0x00000000f1680000,0x00000000f1680000)
  from space 14336K, 60% used [0x00000000f1680000,0x00000000f1f03038,0x00000000f2480000)
  to   space 14848K, 0% used [0x00000000f4400000,0x00000000f4400000,0x00000000f5280000)
 ParOldGen       total 61440K, used 36860K [0x00000000c0000000, 0x00000000c3c00000, 0x00000000eab00000)
  object space 61440K, 59% used [0x00000000c0000000,0x00000000c23ff368,0x00000000c3c00000)
 Metaspace       used 52253K, capacity 54242K, committed 54400K, reserved 1097728K
  class space    used 6327K, capacity 6942K, committed 7040K, reserved 1048576K
Event: 8.986 GC heap after
Heap after GC invocations=14 (full 2):
 PSYoungGen      total 152576K, used 4008K [0x00000000eab00000, 0x00000000f5000000, 0x0000000100000000)
  eden space 140288K, 0% used [0x00000000eab00000,0x00000000eab00000,0x00000000f3400000)
  from space 12288K, 32% used [0x00000000f4400000,0x00000000f47ea348,0x00000000f5000000)
  to   space 14336K, 0% used [0x00000000f3400000,0x00000000f3400000,0x00000000f4200000)
 ParOldGen       total 61440K, used 44741K [0x00000000c0000000, 0x00000000c3c00000, 0x00000000eab00000)
  object space 61440K, 72% used [0x00000000c0000000,0x00000000c2bb1540,0x00000000c3c00000)
 Metaspace       used 52253K, capacity 54242K, committed 54400K, reserved 1097728K
  class space    used 6327K, capacity 6942K, committed 7040K, reserved 1048576K
}
Event: 9.319 GC heap before
{Heap before GC invocations=15 (full 2):
 PSYoungGen      total 152576K, used 23625K [0x00000000eab00000, 0x00000000f5000000, 0x0000000100000000)
  eden space 140288K, 13% used [0x00000000eab00000,0x00000000ebe281e0,0x00000000f3400000)
  from space 12288K, 32% used [0x00000000f4400000,0x00000000f47ea348,0x00000000f5000000)
  to   space 14336K, 0% used [0x00000000f3400000,0x00000000f3400000,0x00000000f4200000)
 ParOldGen       total 61440K, used 44741K [0x00000000c0000000, 0x00000000c3c00000, 0x00000000eab00000)
  object space 61440K, 72% used [0x00000000c0000000,0x00000000c2bb1540,0x00000000c3c00000)
 Metaspace       used 56827K, capacity 59020K, committed 59160K, reserved 1101824K
  class space    used 7040K, capacity 7731K, committed 7808K, reserved 1048576K
Event: 9.327 GC heap after
Heap after GC invocations=15 (full 2):
 PSYoungGen      total 154624K, used 5149K [0x00000000eab00000, 0x00000000f7480000, 0x0000000100000000)
  eden space 140288K, 0% used [0x00000000eab00000,0x00000000eab00000,0x00000000f3400000)
  from space 14336K, 35% used [0x00000000f3400000,0x00000000f3907498,0x00000000f4200000)
  to   space 13824K, 0% used [0x00000000f6700000,0x00000000f6700000,0x00000000f7480000)
 ParOldGen       total 61440K, used 44749K [0x00000000c0000000, 0x00000000c3c00000, 0x00000000eab00000)
  object space 61440K, 72% used [0x00000000c0000000,0x00000000c2bb3540,0x00000000c3c00000)
 Metaspace       used 56827K, capacity 59020K, committed 59160K, reserved 1101824K
  class space    used 7040K, capacity 7731K, committed 7808K, reserved 1048576K
}
Event: 9.327 GC heap before
{Heap before GC invocations=16 (full 3):
 PSYoungGen      total 154624K, used 5149K [0x00000000eab00000, 0x00000000f7480000, 0x0000000100000000)
  eden space 140288K, 0% used [0x00000000eab00000,0x00000000eab00000,0x00000000f3400000)
  from space 14336K, 35% used [0x00000000f3400000,0x00000000f3907498,0x00000000f4200000)
  to   space 13824K, 0% used [0x00000000f6700000,0x00000000f6700000,0x00000000f7480000)
 ParOldGen       total 61440K, used 44749K [0x00000000c0000000, 0x00000000c3c00000, 0x00000000eab00000)
  object space 61440K, 72% used [0x00000000c0000000,0x00000000c2bb3540,0x00000000c3c00000)
 Metaspace       used 56827K, capacity 59020K, committed 59160K, reserved 1101824K
  class space    used 7040K, capacity 7731K, committed 7808K, reserved 1048576K
Event: 9.522 GC heap after
Heap after GC invocations=16 (full 3):
 PSYoungGen      total 154624K, used 0K [0x00000000eab00000, 0x00000000f7480000, 0x0000000100000000)
  eden space 140288K, 0% used [0x00000000eab00000,0x00000000eab00000,0x00000000f3400000)
  from space 14336K, 0% used [0x00000000f3400000,0x00000000f3400000,0x00000000f4200000)
  to   space 13824K, 0% used [0x00000000f6700000,0x00000000f6700000,0x00000000f7480000)
 ParOldGen       total 110080K, used 46729K [0x00000000c0000000, 0x00000000c6b80000, 0x00000000eab00000)
  object space 110080K, 42% used [0x00000000c0000000,0x00000000c2da26f0,0x00000000c6b80000)
 Metaspace       used 56825K, capacity 59014K, committed 59160K, reserved 1101824K
  class space    used 7040K, capacity 7730K, committed 7808K, reserved 1048576K
}
Event: 20.501 GC heap before
{Heap before GC invocations=17 (full 3):
 PSYoungGen      total 154624K, used 140288K [0x00000000eab00000, 0x00000000f7480000, 0x0000000100000000)
  eden space 140288K, 100% used [0x00000000eab00000,0x00000000f3400000,0x00000000f3400000)
  from space 14336K, 0% used [0x00000000f3400000,0x00000000f3400000,0x00000000f4200000)
  to   space 13824K, 0% used [0x00000000f6700000,0x00000000f6700000,0x00000000f7480000)
 ParOldGen       total 110080K, used 46729K [0x00000000c0000000, 0x00000000c6b80000, 0x00000000eab00000)
  object space 110080K, 42% used [0x00000000c0000000,0x00000000c2da26f0,0x00000000c6b80000)
 Metaspace       used 63603K, capacity 66474K, committed 66688K, reserved 1107968K
  class space    used 7955K, capacity 8797K, committed 8832K, reserved 1048576K
Event: 20.515 GC heap after
Heap after GC invocations=17 (full 3):
 PSYoungGen      total 183296K, used 12560K [0x00000000eab00000, 0x00000000f7380000, 0x0000000100000000)
  eden space 170496K, 0% used [0x00000000eab00000,0x00000000eab00000,0x00000000f5180000)
  from space 12800K, 98% used [0x00000000f6700000,0x00000000f73440f8,0x00000000f7380000)
  to   space 15360K, 0% used [0x00000000f5580000,0x00000000f5580000,0x00000000f6480000)
 ParOldGen       total 110080K, used 49680K [0x00000000c0000000, 0x00000000c6b80000, 0x00000000eab00000)
  object space 110080K, 45% used [0x00000000c0000000,0x00000000c3084200,0x00000000c6b80000)
 Metaspace       used 63603K, capacity 66474K, committed 66688K, reserved 1107968K
  class space    used 7955K, capacity 8797K, committed 8832K, reserved 1048576K
}

Deoptimization events (10 events):
Event: 32.250 Thread 0x000000001946e000 Uncommon trap: reason=class_check action=maybe_recompile pc=0x0000000004139bf8 method=java.awt.EventQueue.setCurrentEventAndMostRecentTimeImpl(Ljava/awt/AWTEvent;)V @ 53
Event: 32.250 Thread 0x000000001946e000 Uncommon trap: reason=class_check action=maybe_recompile pc=0x0000000004139bf8 method=java.awt.EventQueue.setCurrentEventAndMostRecentTimeImpl(Ljava/awt/AWTEvent;)V @ 53
Event: 32.327 Thread 0x000000001946e000 Uncommon trap: reason=class_check action=maybe_recompile pc=0x000000000417f40c method=java.awt.EventQueue.coalesceEvent(Ljava/awt/AWTEvent;I)Z @ 77
Event: 32.327 Thread 0x000000001946e000 Uncommon trap: reason=class_check action=maybe_recompile pc=0x0000000004139bf8 method=java.awt.EventQueue.setCurrentEventAndMostRecentTimeImpl(Ljava/awt/AWTEvent;)V @ 53
Event: 32.327 Thread 0x000000001946e000 Uncommon trap: reason=class_check action=maybe_recompile pc=0x0000000004139bf8 method=java.awt.EventQueue.setCurrentEventAndMostRecentTimeImpl(Ljava/awt/AWTEvent;)V @ 53
Event: 32.483 Thread 0x000000001946e000 Uncommon trap: reason=class_check action=maybe_recompile pc=0x000000000417f40c method=java.awt.EventQueue.coalesceEvent(Ljava/awt/AWTEvent;I)Z @ 77
Event: 32.607 Thread 0x000000001946e000 Uncommon trap: reason=class_check action=maybe_recompile pc=0x000000000417f40c method=java.awt.EventQueue.coalesceEvent(Ljava/awt/AWTEvent;I)Z @ 77
Event: 51.797 Thread 0x000000001946e000 Uncommon trap: reason=unstable_if action=reinterpret pc=0x00000000041e61e8 method=java.awt.Container.getMouseEventTargetImpl(IIZLjava/awt/Container$EventTargetFilter;ZZ)Ljava/awt/Component; @ 218
Event: 53.906 Thread 0x0000000019201000 Uncommon trap: reason=unstable_if action=reinterpret pc=0x0000000003ad9250 method=java.util.PriorityQueue.poll()Ljava/lang/Object; @ 4
Event: 72.482 Thread 0x000000001e6fa800 Uncommon trap: reason=unstable_if action=reinterpret pc=0x0000000002caed44 method=java.util.PriorityQueue.poll()Ljava/lang/Object; @ 4

Internal exceptions (10 events):
Event: 9.158 Thread 0x000000001946e000 Exception <a 'java/lang/NullPointerException'> (0x00000000eb4c8c20) thrown at [C:\re\workspace\8-2-build-windows-amd64-cygwin\jdk8u51\3951\hotspot\src\share\vm\interpreter\linkResolver.cpp, line 1178]
Event: 9.200 Thread 0x0000000028a8b800 Exception <a 'java/lang/NullPointerException'> (0x00000000eba15c28) thrown at [C:\re\workspace\8-2-build-windows-amd64-cygwin\jdk8u51\3951\hotspot\src\share\vm\interpreter\linkResolver.cpp, line 1178]
Event: 9.200 Thread 0x0000000028a8b800 Exception <a 'java/lang/NullPointerException'> (0x00000000eba15c28) thrown at [C:\re\workspace\8-2-build-windows-amd64-cygwin\jdk8u51\3951\hotspot\src\share\vm\prims\jvm.cpp, line 1386]
Event: 10.726 Thread 0x0000000019226800 Implicit null exception at 0x0000000002afcb6b to 0x0000000002afd581
Event: 13.061 Thread 0x000000001946e000 Exception <a 'sun/nio/fs/WindowsException'> (0x00000000f172e708) thrown at [C:\re\workspace\8-2-build-windows-amd64-cygwin\jdk8u51\3951\hotspot\src\share\vm\prims\jni.cpp, line 709]
Event: 20.492 Thread 0x0000000028a8b800 Implicit null exception at 0x0000000003953085 to 0x0000000003954529
Event: 20.625 Thread 0x000000001946e000 Exception <a 'java/lang/NullPointerException'> (0x00000000eb7bbee8) thrown at [C:\re\workspace\8-2-build-windows-amd64-cygwin\jdk8u51\3951\hotspot\src\share\vm\interpreter\linkResolver.cpp, line 1178]
Event: 20.625 Thread 0x000000001946e000 Exception <a 'java/lang/NullPointerException'> (0x00000000eb7bbee8) thrown at [C:\re\workspace\8-2-build-windows-amd64-cygwin\jdk8u51\3951\hotspot\src\share\vm\prims\jvm.cpp, line 1386]
Event: 20.626 Thread 0x000000001946e000 Exception <a 'java/lang/NullPointerException'> (0x00000000eb7bbee8) thrown at [C:\re\workspace\8-2-build-windows-amd64-cygwin\jdk8u51\3951\hotspot\src\share\vm\prims\jvm.cpp, line 1386]
Event: 20.808 Thread 0x000000001e6fa800 Exception <a 'java/lang/NoSuchMethodError': <clinit>> (0x00000000ec8aebc0) thrown at [C:\re\workspace\8-2-build-windows-amd64-cygwin\jdk8u51\3951\hotspot\src\share\vm\prims\jni.cpp, line 1598]

Events (10 events):
Event: 85.645 Thread 0x000000001e6fa800 Thread added: 0x000000001e6fa800
Event: 85.645 Thread 0x000000001e6fa800 Thread exited: 0x000000001e6fa800
Event: 85.679 Thread 0x000000001e6fa800 Thread added: 0x000000001e6fa800
Event: 85.680 Thread 0x000000001e6fa800 Thread exited: 0x000000001e6fa800
Event: 85.713 Thread 0x000000001e6fa800 Thread added: 0x000000001e6fa800
Event: 85.714 Thread 0x000000001e6fa800 Thread exited: 0x000000001e6fa800
Event: 85.747 Thread 0x000000001e6fa800 Thread added: 0x000000001e6fa800
Event: 85.748 Thread 0x000000001e6fa800 Thread exited: 0x000000001e6fa800
Event: 85.781 Thread 0x000000001e6fa800 Thread added: 0x000000001e6fa800
Event: 85.781 Thread 0x000000001e6fa800 Thread exited: 0x000000001e6fa800


Dynamic libraries:
0x0000000000400000 - 0x000000000043a000 	D:\Program Files\NetBeans IDE\NetBeans 8.0.1\platform\lib\nbexec64.exe
0x00000000779e0000 - 0x0000000077b89000 	C:\Windows\SYSTEM32\ntdll.dll
0x00000000777c0000 - 0x00000000778df000 	C:\Windows\system32\kernel32.dll
0x000007fefdc50000 - 0x000007fefdcbb000 	C:\Windows\system32\KERNELBASE.dll
0x000007fefe2b0000 - 0x000007fefe38b000 	C:\Windows\system32\ADVAPI32.dll
0x000007fefe170000 - 0x000007fefe20f000 	C:\Windows\system32\msvcrt.dll
0x000007fefe530000 - 0x000007fefe54f000 	C:\Windows\SYSTEM32\sechost.dll
0x000007feff6a0000 - 0x000007feff7cd000 	C:\Windows\system32\RPCRT4.dll
0x00000000778e0000 - 0x00000000779da000 	C:\Windows\system32\USER32.dll
0x000007fefdd00000 - 0x000007fefdd67000 	C:\Windows\system32\GDI32.dll
0x000007fefdd70000 - 0x000007fefdd7e000 	C:\Windows\system32\LPK.dll
0x000007feffba0000 - 0x000007feffc69000 	C:\Windows\system32\USP10.dll
0x000007feff670000 - 0x000007feff69e000 	C:\Windows\system32\IMM32.DLL
0x000007feff9f0000 - 0x000007feffaf9000 	C:\Windows\system32\MSCTF.dll
0x0000000073300000 - 0x0000000073454000 	D:\Program Files\NetBeans IDE\NetBeans 8.0.1\platform\lib\nbexec64.dll
0x0000000057240000 - 0x0000000057ac3000 	D:\Program Files\Java\jdk1.8.0_51\jre\bin\server\jvm.dll
0x000007fefa070000 - 0x000007fefa079000 	C:\Windows\system32\WSOCK32.dll
0x000007fefdd80000 - 0x000007fefddcd000 	C:\Windows\system32\WS2_32.dll
0x000007feff9e0000 - 0x000007feff9e8000 	C:\Windows\system32\NSI.dll
0x000007fefb8b0000 - 0x000007fefb8eb000 	C:\Windows\system32\WINMM.dll
0x000007fefca40000 - 0x000007fefca4c000 	C:\Windows\system32\VERSION.dll
0x0000000077ba0000 - 0x0000000077ba7000 	C:\Windows\system32\PSAPI.DLL
0x000000005a1a0000 - 0x000000005a272000 	D:\Program Files\Java\jdk1.8.0_51\jre\bin\MSVCR100.dll
0x000000005be90000 - 0x000000005bec9000 	D:\Program Files\Java\jdk1.8.0_51\jre\bin\splashscreen.dll
0x0000000067760000 - 0x000000006776f000 	D:\Program Files\Java\jdk1.8.0_51\jre\bin\verify.dll
0x000000005be60000 - 0x000000005be89000 	D:\Program Files\Java\jdk1.8.0_51\jre\bin\java.dll
0x000000005b8c0000 - 0x000000005b8f5000 	D:\Program Files\Java\jdk1.8.0_51\jre\bin\jdwp.dll
0x000000005bf40000 - 0x000000005bf48000 	D:\Program Files\Java\jdk1.8.0_51\jre\bin\npt.dll
0x000000005be40000 - 0x000000005be56000 	D:\Program Files\Java\jdk1.8.0_51\jre\bin\zip.dll
0x000007fefc070000 - 0x000007fefc0c6000 	C:\Windows\system32\uxtheme.dll
0x000007feff7d0000 - 0x000007feff9d3000 	C:\Windows\system32\ole32.dll
0x000007fefd860000 - 0x000007fefd86f000 	C:\Windows\system32\CRYPTBASE.dll
0x000007fefe5d0000 - 0x000007feff358000 	C:\Windows\system32\SHELL32.dll
0x000007fefe550000 - 0x000007fefe5c1000 	C:\Windows\system32\SHLWAPI.dll
0x000007fefd930000 - 0x000007fefd93f000 	C:\Windows\system32\profapi.dll
0x000000005be30000 - 0x000000005be39000 	D:\Program Files\Java\jdk1.8.0_51\jre\bin\dt_socket.dll
0x000007fefd1a0000 - 0x000007fefd1f5000 	C:\Windows\system32\mswsock.dll
0x000007fefcb60000 - 0x000007fefcb67000 	C:\Windows\System32\wshtcpip.dll
0x000007fefddd0000 - 0x000007fefdea7000 	C:\Windows\system32\OLEAUT32.DLL
0x000000005b920000 - 0x000000005b93a000 	D:\Program Files\Java\jdk1.8.0_51\jre\bin\net.dll
0x000007fefd190000 - 0x000007fefd197000 	C:\Windows\System32\wship6.dll
0x000000005b900000 - 0x000000005b911000 	D:\Program Files\Java\jdk1.8.0_51\jre\bin\nio.dll
0x000007fefb380000 - 0x000007fefb3a7000 	C:\Windows\system32\IPHLPAPI.DLL
0x000007fefb370000 - 0x000007fefb37b000 	C:\Windows\system32\WINNSI.DLL
0x000007fefb050000 - 0x000007fefb061000 	C:\Windows\system32\dhcpcsvc6.DLL
0x000007fefb020000 - 0x000007fefb038000 	C:\Windows\system32\dhcpcsvc.DLL
0x00000000581c0000 - 0x0000000058358000 	D:\Program Files\Java\jdk1.8.0_51\jre\bin\awt.dll
0x000007fefd200000 - 0x000007fefd217000 	C:\Windows\system32\CRYPTSP.dll
0x000007fefcf00000 - 0x000007fefcf47000 	C:\Windows\system32\rsaenh.dll
0x000007fefcc70000 - 0x000007fefcc8e000 	C:\Windows\system32\USERENV.dll
0x000007fefbc90000 - 0x000007fefbca8000 	C:\Windows\system32\DWMAPI.DLL
0x000007fefb980000 - 0x000007fefb995000 	C:\Windows\system32\NLAapi.dll
0x000007fef9590000 - 0x000007fef95a5000 	C:\Windows\system32\napinsp.dll
0x000007fef9570000 - 0x000007fef9589000 	C:\Windows\system32\pnrpnsp.dll
0x000007fefd020000 - 0x000007fefd07b000 	C:\Windows\system32\DNSAPI.dll
0x000007fef9560000 - 0x000007fef956b000 	C:\Windows\System32\winrnr.dll
0x0000000074990000 - 0x00000000749b6000 	C:\Program Files\Bonjour\mdnsNSP.dll
0x0000000074960000 - 0x000000007498e000 	C:\Program Files\Common Files\Microsoft Shared\Windows Live\WLIDNSP.DLL
0x000007fefa6a0000 - 0x000007fefa6a8000 	C:\Windows\system32\rasadhlp.dll
0x000007fefb110000 - 0x000007fefb163000 	C:\Windows\System32\fwpuclnt.dll
0x000007fefc520000 - 0x000007fefc714000 	C:\Windows\WinSxS\amd64_microsoft.windows.common-controls_6595b64144ccf1df_6.0.7601.17514_none_fa396087175ac9ac\COMCTL32.dll
0x000007feeae40000 - 0x000007feeb03f000 	C:\Windows\system32\d3d9.dll
0x000007fefad50000 - 0x000007fefad57000 	C:\Windows\system32\d3d8thk.dll
0x0000000057dd0000 - 0x00000000581b8000 	C:\Windows\system32\atiumd64.dll
0x0000000057b30000 - 0x0000000057dc9000 	C:\Windows\system32\atiumd6a.dll
0x000000005a100000 - 0x000000005a147000 	D:\Program Files\Java\jdk1.8.0_51\jre\bin\fontmanager.dll
0x000000005a150000 - 0x000000005a192000 	D:\Program Files\Java\jdk1.8.0_51\jre\bin\t2k.dll
0x0000000180000000 - 0x0000000180038000 	D:\Program Files\NetBeans IDE\NetBeans 8.0.1\platform\modules\lib\amd64\jnidispatch-410.dll
0x000007feffb00000 - 0x000007feffb99000 	C:\Windows\system32\CLBCatQ.DLL
0x000007fefbb20000 - 0x000007fefbc4a000 	C:\Windows\system32\WindowsCodecs.dll
0x000007fefd800000 - 0x000007fefd857000 	C:\Windows\system32\apphelp.dll
0x000007fef3d50000 - 0x000007fef3f8d000 	C:\PROGRA~1\MICROS~2\Office15\GROOVEEX.DLL
0x0000000073070000 - 0x0000000073108000 	C:\Windows\system32\MSVCP100.dll
0x0000000067770000 - 0x000000006779b000 	C:\Windows\system32\ATL100.DLL
0x000007fef39d0000 - 0x000007fef3ce6000 	C:\Windows\system32\msi.dll
0x000007fef2a50000 - 0x000007fef32cf000 	C:\PROGRA~1\MICROS~2\Office15\1049\GrooveIntlResource.dll
0x000007fef27f0000 - 0x000007fef2932000 	C:\Program Files\Yandex\YandexDisk\bin\YandexDiskOverlays-2398.dll
0x0000000067740000 - 0x0000000067756000 	C:\Program Files\Common Files\TortoiseOverlays\TortoiseOverlays.dll
0x000000001a400000 - 0x000000001a47b000 	C:\Program Files\TortoiseHg\ThgShellx64.dll
0x000000005b8a0000 - 0x000000005b8ad000 	D:\Program Files\Java\jdk1.8.0_51\jre\bin\management.dll
0x000007fef9410000 - 0x000007fef9481000 	C:\Windows\system32\winhttp.dll
0x000007fef9380000 - 0x000007fef93e4000 	C:\Windows\system32\webio.dll
0x000000005a0d0000 - 0x000000005a0fc000 	D:\Program Files\Java\jdk1.8.0_51\jre\bin\prism_d3d.dll
0x000000005a080000 - 0x000000005a0c1000 	D:\Program Files\Java\jdk1.8.0_51\jre\bin\glass.dll
0x000007fefe210000 - 0x000007fefe2a7000 	C:\Windows\system32\COMDLG32.dll
0x000000005b880000 - 0x000000005b895000 	D:\Program Files\Java\jdk1.8.0_51\jre\bin\javafx_font.dll
0x000007feeb380000 - 0x000007feeb4fe000 	C:\Windows\system32\dwrite.dll
0x000000005a060000 - 0x000000005a071000 	D:\Program Files\Java\jdk1.8.0_51\jre\bin\prism_common.dll
0x000007fef92b0000 - 0x000007fef9350000 	C:\Windows\WinSxS\amd64_microsoft.windows.common-controls_6595b64144ccf1df_5.82.7601.17514_none_a4d6a923711520a9\comctl32.dll
0x000007feff360000 - 0x000007feff537000 	C:\Windows\system32\SETUPAPI.dll
0x000007fefdcc0000 - 0x000007fefdcf6000 	C:\Windows\system32\CFGMGR32.dll
0x000007fefdb50000 - 0x000007fefdb6a000 	C:\Windows\system32\DEVOBJ.dll
0x000007fefc200000 - 0x000007fefc32c000 	C:\Windows\system32\propsys.dll
0x000007fefca10000 - 0x000007fefca3d000 	C:\Windows\system32\ntmarta.dll
0x000007fefe110000 - 0x000007fefe162000 	C:\Windows\system32\WLDAP32.dll
0x000007fef2010000 - 0x000007fef21ac000 	C:\Windows\system32\NetworkExplorer.dll
0x000007fef26e0000 - 0x000007fef2714000 	C:\Windows\System32\shdocvw.dll
0x000007fefb700000 - 0x000007fefb70b000 	C:\Windows\system32\slc.dll
0x000007fef95b0000 - 0x000007fef95c8000 	C:\Windows\system32\MPR.dll
0x000007feed800000 - 0x000007feed80a000 	C:\Windows\System32\drprov.dll
0x000007fefcde0000 - 0x000007fefce1d000 	C:\Windows\System32\WINSTA.dll
0x000007feed7d0000 - 0x000007feed7f2000 	C:\Windows\System32\ntlanman.dll
0x000007feed7b0000 - 0x000007feed7cc000 	C:\Windows\System32\davclnt.dll
0x000007fefa7a0000 - 0x000007fefa7aa000 	C:\Windows\System32\DAVHLPR.dll
0x000007fefb470000 - 0x000007fefb485000 	C:\Windows\system32\wkscli.dll
0x000007fef6ea0000 - 0x000007fef6eaf000 	C:\Windows\system32\cscapi.dll
0x000007fefb490000 - 0x000007fefb49c000 	C:\Windows\system32\netutils.dll
0x000007fee9130000 - 0x000007fee93a1000 	C:\Windows\system32\wpdshext.dll
0x000007fefbe50000 - 0x000007fefc066000 	C:\Windows\WinSxS\amd64_microsoft.windows.gdiplus_6595b64144ccf1df_1.1.7601.18455_none_2b283fd671e9bf4d\gdiplus.dll
0x000007fef14d0000 - 0x000007fef158d000 	C:\Windows\system32\PortableDeviceApi.dll
0x000007fefdb70000 - 0x000007fefdbaa000 	C:\Windows\system32\WINTRUST.dll
0x000007fefd9e0000 - 0x000007fefdb4a000 	C:\Windows\system32\CRYPT32.dll
0x000007fefd9d0000 - 0x000007fefd9df000 	C:\Windows\system32\MSASN1.dll
0x000007fefae60000 - 0x000007fefae95000 	C:\Windows\system32\EhStorShell.dll
0x000007fefac70000 - 0x000007fefac97000 	C:\Windows\system32\EhStorAPI.dll
0x000007fef26d0000 - 0x000007fef26dc000 	C:\Windows\system32\LINKINFO.dll
0x000007fefd600000 - 0x000007fefd60b000 	C:\Windows\system32\Secur32.dll
0x000007fefd7d0000 - 0x000007fefd7f5000 	C:\Windows\system32\SSPICLI.DLL
0x000000006be40000 - 0x000000006befa000 	C:\Users\Pete\AppData\Local\Temp\sqlite-3.8.7-f463b47d-79f1-40ea-b84d-7fbdf80e99a1-sqlitejdbc.dll
0x000007feefba0000 - 0x000007feefcc5000 	C:\Windows\system32\dbghelp.dll

VM Arguments:
jvm_args: -Dnetbeans.logger.console=true -ea -Xdebug -Xrunjdwp:transport=dt_socket,suspend=y,server=n,address=127.0.0.1:1258 -Duser.language=en -Duser.region=EN -Djdk.home=D:\Program Files\Java\jdk1.8.0_51 -splash:C:\Users\Pete\Documents\NetBeansProjects\DAS\build\testuserdir\var\cache\splash.png -Dnetbeans.home=D:\Program Files\NetBeans IDE\NetBeans 8.0.1\platform -Dnetbeans.user=C:\Users\Pete\Documents\NetBeansProjects\DAS\build\testuserdir -Dnetbeans.default_userdir_root= -XX:+HeapDumpOnOutOfMemoryError -XX:HeapDumpPath=C:\Users\Pete\Documents\NetBeansProjects\DAS\build\testuserdir\var\log\heapdump.hprof -Dsun.awt.keepWorkingSetOnMinimize=true -Dnetbeans.dirs=C:\Users\Pete\Documents\NetBeansProjects\DAS\build\cluster;D:\Program Files\NetBeans IDE\NetBeans 8.0.1\platform exit 
java_command: <unknown>
java_class_path (initial): D:\Program Files\NetBeans IDE\NetBeans 8.0.1\platform\lib\boot.jar;D:\Program Files\NetBeans IDE\NetBeans 8.0.1\platform\lib\org-openide-modules.jar;D:\Program Files\NetBeans IDE\NetBeans 8.0.1\platform\lib\org-openide-util-lookup.jar;D:\Program Files\NetBeans IDE\NetBeans 8.0.1\platform\lib\org-openide-util.jar;D:\Program Files\NetBeans IDE\NetBeans 8.0.1\platform\lib\locale\boot_ja.jar;D:\Program Files\NetBeans IDE\NetBeans 8.0.1\platform\lib\locale\boot_pt_BR.jar;D:\Program Files\NetBeans IDE\NetBeans 8.0.1\platform\lib\locale\boot_ru.jar;D:\Program Files\NetBeans IDE\NetBeans 8.0.1\platform\lib\locale\boot_zh_CN.jar;D:\Program Files\NetBeans IDE\NetBeans 8.0.1\platform\lib\locale\org-openide-modules_ja.jar;D:\Program Files\NetBeans IDE\NetBeans 8.0.1\platform\lib\locale\org-openide-modules_pt_BR.jar;D:\Program Files\NetBeans IDE\NetBeans 8.0.1\platform\lib\locale\org-openide-modules_ru.jar;D:\Program Files\NetBeans IDE\NetBeans 8.0.1\platform\lib\locale\org-openide-modules_zh_CN.jar;D:\Program Files\NetBeans IDE\NetBeans 8.0.1\platform\lib\locale\org-openide-util-lookup_ja.jar;D:\Program Files\NetBeans IDE\NetBeans 8.0.1\platform\lib\locale\org-openide-util-lookup_pt_BR.jar;D:\Program Files\NetBeans IDE\NetBeans 8.0.1\platform\lib\locale\org-openide-util-lookup_ru.jar;D:\Program Files\NetBeans IDE\NetBeans 8.0.1\platform\lib\locale\org-openide-util-lookup_zh_CN.jar;D:\Program Files\NetBeans IDE\NetBeans 8.0.1\platform\lib\locale\org-openide-util_ja.jar;D:\Program Files\NetBeans IDE\NetBeans 8.0.1\platform\lib\locale\org-openide-util_pt_BR.jar;D:\Program Files\NetBeans IDE\NetBeans 8.0.1\platform\lib\locale\org-openide-util_ru.jar;D:\Program Files\NetBeans IDE\NetBeans 8.0.1\platform\lib\locale\org-openide-util_zh_CN.jar;D:\Program Files\Java\jdk1.8.0_51\lib\dt.jar;D:\Program Files\Java\jdk1.8.0_51\lib\tools.jar
Launcher Type: generic

Environment Variables:
JAVA_HOME=D:\Program Files\Java\jdk1.8.0_51\bin
PATH=C:\Program Files\Common Files\Microsoft Shared\Windows Live;"D:\Program Files\Java\jdk1.8.0_51\bin";C:\Program Files\Microsoft HPC Pack 2008 R2\Bin\;C:\ProgramData\Oracle\Java\javapath;C:\Windows\system32;C:\Windows;C:\Windows\System32\Wbem;C:\Windows\System32\WindowsPowerShell\v1.0\;C:\Program Files\Microsoft\Web Platform Installer\;C:\Program Files (x86)\Microsoft ASP.NET\ASP.NET Web Pages\v1.0\;C:\Program Files (x86)\Windows Kits\8.0\Windows Performance Toolkit\;C:\Program Files\Microsoft SQL Server\110\Tools\Binn\;C:\Program Files (x86)\Microsoft SQL Server\110\Tools\Binn\;C:\Program Files\Microsoft SQL Server\110\DTS\Binn\;C:\Program Files (x86)\Microsoft SQL Server\110\Tools\Binn\ManagementStudio\;C:\Program Files (x86)\Microsoft Visual Studio 10.0\Common7\IDE\PrivateAssemblies\;C:\Program Files (x86)\Microsoft SQL Server\110\DTS\Binn\;D:\Program Files\MATLAB\R2013\runtime\win64;D:\Program Files\MATLAB\R2013\bin;D:\Program Files\MATLAB\R2013\polyspace\bin;D:\Program Files\MiKTeX 2.9\miktex\bin\x64\;"D:\Program Files\Git\bin\git.exe";"D:\Program Files\Python\Python 3.4.2";"D:\Program Files\Git\bin";"D:\Program Files\OpenCASCADE6.8.0\opencascade-6.8.0\win32\vc10\bin";"C:\Users\Pete\Documents\visual studio 2012\Projects\MFCApplication3\DLL";"C:\Program Files\TortoiseHg\";"D:\Program Files\NetBeans IDE\NetBeans 8.0.1\extide\ant\bin";"D:\Program Files\SVN\bin";C:\Program Files (x86)\Skype\Phone\;C:\Program Files\Common Files\Microsoft Shared\Windows Live
USERNAME=Pete
OS=Windows_NT
PROCESSOR_IDENTIFIER=Intel64 Family 6 Model 23 Stepping 10, GenuineIntel



---------------  S Y S T E M  ---------------

OS: Windows 7 , 64 bit Build 7601 (6.1.7601.18409)

CPU:total 4 (4 cores per cpu, 1 threads per core) family 6 model 23 stepping 10, cmov, cx8, fxsr, mmx, sse, sse2, sse3, ssse3, sse4.1, tsc

Memory: 4k page, physical 4192312k(1097544k free), swap 8382780k(4276704k free)

vm_info: Java HotSpot(TM) 64-Bit Server VM (25.51-b03) for windows-amd64 JRE (1.8.0_51-b16), built on Jun  8 2015 18:03:07 by "java_re" with MS VC++ 10.0 (VS2010)

time: Sat Oct 24 19:34:36 2015
elapsed time: 85 seconds (0d 0h 1m 25s)

