#
# A fatal error has been detected by the Java Runtime Environment:
#
#  EXCEPTION_ACCESS_VIOLATION (0xc0000005) at pc=0x000000005af8c220, pid=4992, tid=2536
#
# JRE version: Java(TM) SE Runtime Environment (8.0_71-b15) (build 1.8.0_71-b15)
# Java VM: Java HotSpot(TM) 64-Bit Server VM (25.71-b15 mixed mode windows-amd64 compressed oops)
# Problematic frame:
# C  [MSVCR100.dll+0x3c220]
#
# Failed to write core dump. Minidumps are not enabled by default on client versions of Windows
#
# If you would like to submit a bug report, please visit:
#   http://bugreport.java.com/bugreport/crash.jsp
#

---------------  T H R E A D  ---------------

Current thread (0x000000002d2e8000):  JavaThread "System clipboard synchronizer" daemon [_thread_in_vm, id=2536, stack(0x000000001ea60000,0x000000001ec60000)]

siginfo: ExceptionCode=0xc0000005, reading address 0x00000000222455b8

Registers:
RAX=0x0000000000000005, RBX=0x000000002d2e8000, RCX=0x00000000eb3ca498, RDX=0xffffffff36e7b128
RSP=0x000000001ec5f098, RBP=0x0000000018ec3b60, RSI=0x0000000000000000, RDI=0x0000000000128444
R8 =0x00000000000d6440, R9 =0xffadd8e6ffadd8e6, R10=0xffadd8e6ffadd8e6, R11=0x00000000eb2f4f18
R12=0x0000000000000008, R13=0x0000000000000000, R14=0x0000000000128444, R15=0x000000002d2e8000
RIP=0x000000005af8c220, EFLAGS=0x0000000000010206

Top of Stack: (sp=0x000000001ec5f098)
0x000000001ec5f098:   00000000583fa761 0000000022170000
0x000000001ec5f0a8:   00000000583df64d 0000000000128444
0x000000001ec5f0b8:   000000007734eb92 000000001ec5f1d8
0x000000001ec5f0c8:   0000000022170000 000000002d2e8000
0x000000001ec5f0d8:   0000000000000000 0000000000128444
0x000000001ec5f0e8:   0000000000000008 0000000018ec3b60
0x000000001ec5f0f8:   000000005ae3a643 000000002d2e81f8
0x000000001ec5f108:   000000001ec5f1d8 0000000022170040
0x000000001ec5f118:   00000000034c56f4 0000000022170040
0x000000001ec5f128:   00000000c2570af8 00000000eb2c1e50
0x000000001ec5f138:   fffffffffffffffe 000000001ec5f208
0x000000001ec5f148:   0000000021f2d670 0000000000000000
0x000000001ec5f158:   0000000003033894 0000000021f2d678
0x000000001ec5f168:   0000000000000008 00000000eb2c2028
0x000000001ec5f178:   0000000022170040 00000000c2570af8
0x000000001ec5f188:   0000000003344a04 00000000c00fe048 

Instructions: (pc=0x000000005af8c220)
0x000000005af8c200:   48 81 e9 80 00 00 00 0f 18 04 0a 0f 18 44 0a 40
0x000000005af8c210:   ff c8 75 ec 48 81 c1 00 10 00 00 b8 40 00 00 00
0x000000005af8c220:   4c 8b 4c 0a f8 4c 8b 54 0a f0 4c 0f c3 49 f8 4c
0x000000005af8c230:   0f c3 51 f0 4c 8b 4c 0a e8 4c 8b 54 0a e0 4c 0f 


Register to memory mapping:

RAX=0x0000000000000005 is an unknown value
RBX=0x000000002d2e8000 is a thread
RCX=0x00000000eb3ca498 is an oop

[error occurred during error reporting (printing register info), id 0xc0000005]

Stack: [0x000000001ea60000,0x000000001ec60000],  sp=0x000000001ec5f098,  free space=2044k
Native frames: (J=compiled Java code, j=interpreted, Vv=VM code, C=native code)
C  [MSVCR100.dll+0x3c220]
V  [jvm.dll+0x15a761]
C  [awt.dll+0x8a643]
C  0x0000000003033894

Java frames: (J=compiled Java code, j=interpreted, Vv=VM code)
j  sun.awt.windows.WClipboard.getClipboardData(J)[B+0
j  sun.awt.datatransfer.ClipboardTransferable.fetchOneFlavor(Lsun/awt/datatransfer/SunClipboard;Ljava/awt/datatransfer/DataFlavor;Ljava/lang/Long;Ljava/util/HashMap;)Z+32
j  sun.awt.datatransfer.ClipboardTransferable.<init>(Lsun/awt/datatransfer/SunClipboard;)V+122
j  sun.awt.datatransfer.SunClipboard.getContents(Ljava/lang/Object;)Ljava/awt/datatransfer/Transferable;+17
j  org.netbeans.NbClipboard$GetContents.run()V+16
j  org.openide.util.RequestProcessor$Task.run()V+51
j  org.netbeans.modules.openide.util.GlobalLookup.execute(Lorg/openide/util/Lookup;Ljava/lang/Runnable;)Z+33
j  org.openide.util.lookup.Lookups.executeWith(Lorg/openide/util/Lookup;Ljava/lang/Runnable;)V+2
j  org.openide.util.RequestProcessor$Processor.run()V+259
v  ~StubRoutines::call_stub

---------------  P R O C E S S  ---------------

Java Threads: ( => current thread )
  0x000000001dfb9000 JavaThread "RequestProcessor queue manager" daemon [_thread_blocked, id=4584, stack(0x00000000193a0000,0x00000000195a0000)]
=>0x000000002d2e8000 JavaThread "System clipboard synchronizer" daemon [_thread_in_vm, id=2536, stack(0x000000001ea60000,0x000000001ec60000)]
  0x000000002d2ec000 JavaThread "Thread-19" daemon [_thread_in_native, id=2160, stack(0x0000000032ed0000,0x00000000330d0000)]
  0x000000002d2eb000 JavaThread "Thread-18" daemon [_thread_in_native, id=5068, stack(0x0000000032cd0000,0x0000000032ed0000)]
  0x000000002d2ea800 JavaThread "Thread-17" daemon [_thread_in_native, id=3808, stack(0x0000000032ad0000,0x0000000032cd0000)]
  0x000000002d2e9800 JavaThread "Thread-16" daemon [_thread_in_native, id=2824, stack(0x0000000031570000,0x0000000031770000)]
  0x000000002d2e7800 JavaThread "Thread-15" daemon [_thread_in_native, id=4040, stack(0x0000000030e70000,0x0000000031070000)]
  0x000000002d2e6800 JavaThread "Thread-14" daemon [_thread_in_native, id=1576, stack(0x0000000027be0000,0x0000000027de0000)]
  0x000000002d2e5800 JavaThread "Swing-Shell" daemon [_thread_blocked, id=4692, stack(0x0000000030530000,0x0000000030730000)]
  0x0000000023023800 JavaThread "Thread-10" daemon [_thread_in_native, id=3748, stack(0x0000000027430000,0x0000000027630000)]
  0x0000000023023000 JavaThread "Thread-9" [_thread_blocked, id=3336, stack(0x0000000027230000,0x0000000027430000)]
  0x0000000023021800 JavaThread "Prism Font Disposer" daemon [_thread_blocked, id=1092, stack(0x0000000026020000,0x0000000026220000)]
  0x000000002301f000 JavaThread "Thread-8" daemon [_thread_in_native, id=2620, stack(0x0000000024920000,0x0000000024b20000)]
  0x000000002301e800 JavaThread "JavaFX Application Thread" [_thread_in_native, id=912, stack(0x0000000023f20000,0x0000000024120000)]
  0x000000002301d800 JavaThread "Thread-7" daemon [_thread_blocked, id=1640, stack(0x0000000023d20000,0x0000000023f20000)]
  0x000000002301d000 JavaThread "QuantumRenderer-0" daemon [_thread_blocked, id=3464, stack(0x0000000023b20000,0x0000000023d20000)]
  0x000000001dfbd000 JavaThread "Thread-5" daemon [_thread_in_native, id=4548, stack(0x0000000023920000,0x0000000023b20000)]
  0x000000001dfbc800 JavaThread "Thread-4" [_thread_blocked, id=4628, stack(0x0000000023720000,0x0000000023920000)]
  0x000000001dfb8800 JavaThread "Thread-3" daemon [_thread_blocked, id=1152, stack(0x0000000021b70000,0x0000000021d70000)]
  0x000000001dfb7800 JavaThread "TimerQueue" daemon [_thread_blocked, id=4328, stack(0x0000000021770000,0x0000000021970000)]
  0x000000001dfb7000 JavaThread "D3D Screen Updater" daemon [_thread_blocked, id=1260, stack(0x00000000022f0000,0x00000000024f0000)]
  0x000000001dfb6000 JavaThread "File Watcher" daemon [_thread_blocked, id=3476, stack(0x000000001ef50000,0x000000001f150000)]
  0x0000000018f51000 JavaThread "AWT-EventQueue-0" [_thread_blocked, id=4120, stack(0x000000001a7c0000,0x000000001a9c0000)]
  0x0000000018f4e000 JavaThread "AWT-Windows" daemon [_thread_in_native, id=4952, stack(0x000000001a5c0000,0x000000001a7c0000)]
  0x0000000018f4d800 JavaThread "AWT-Shutdown" [_thread_blocked, id=5088, stack(0x000000001a3c0000,0x000000001a5c0000)]
  0x0000000018f43000 JavaThread "Java2D Disposer" daemon [_thread_blocked, id=2520, stack(0x000000001a1c0000,0x000000001a3c0000)]
  0x0000000018c68000 JavaThread "CLI Requests Server" daemon [_thread_in_native, id=3724, stack(0x00000000191a0000,0x00000000193a0000)]
  0x0000000018baf800 JavaThread "Active Reference Queue Daemon" daemon [_thread_blocked, id=4532, stack(0x0000000015d50000,0x0000000015f50000)]
  0x0000000015b1e800 JavaThread "Service Thread" daemon [_thread_blocked, id=3148, stack(0x0000000018330000,0x0000000018530000)]
  0x0000000015a8d000 JavaThread "C1 CompilerThread2" daemon [_thread_blocked, id=5036, stack(0x0000000018130000,0x0000000018330000)]
  0x0000000015a8c000 JavaThread "C2 CompilerThread1" daemon [_thread_blocked, id=4768, stack(0x0000000017f30000,0x0000000018130000)]
  0x0000000015a78000 JavaThread "C2 CompilerThread0" daemon [_thread_blocked, id=2952, stack(0x0000000017d30000,0x0000000017f30000)]
  0x0000000015a73800 JavaThread "Attach Listener" daemon [_thread_blocked, id=1636, stack(0x0000000017b30000,0x0000000017d30000)]
  0x0000000015a72000 JavaThread "Signal Dispatcher" daemon [_thread_blocked, id=4024, stack(0x0000000017930000,0x0000000017b30000)]
  0x0000000015a13800 JavaThread "Finalizer" daemon [_thread_blocked, id=3396, stack(0x0000000017730000,0x0000000017930000)]
  0x0000000015a0c800 JavaThread "Reference Handler" daemon [_thread_blocked, id=2728, stack(0x0000000017530000,0x0000000017730000)]
  0x00000000020bc800 JavaThread "main" [_thread_blocked, id=412, stack(0x0000000000030000,0x0000000000230000)]

Other Threads:
  0x0000000015a07000 VMThread [stack: 0x0000000017330000,0x0000000017530000] [id=4728]
  0x0000000015b25000 WatcherThread [stack: 0x0000000018530000,0x0000000018730000] [id=1328]

VM state:not at safepoint (normal execution)

VM Mutex/Monitor currently owned by a thread: None

Heap:
 PSYoungGen      total 176640K, used 28755K [0x00000000eab00000, 0x00000000f8000000, 0x0000000100000000)
  eden space 157184K, 5% used [0x00000000eab00000,0x00000000eb4211c8,0x00000000f4480000)
  from space 19456K, 99% used [0x00000000f5880000,0x00000000f6b73c88,0x00000000f6b80000)
  to   space 20992K, 0% used [0x00000000f6b80000,0x00000000f6b80000,0x00000000f8000000)
 ParOldGen       total 108032K, used 72973K [0x00000000c0000000, 0x00000000c6980000, 0x00000000eab00000)
  object space 108032K, 67% used [0x00000000c0000000,0x00000000c4743628,0x00000000c6980000)
 Metaspace       used 73754K, capacity 77056K, committed 77312K, reserved 1116160K
  class space    used 9125K, capacity 10140K, committed 10240K, reserved 1048576K

Card table byte_map: [0x00000000123e0000,0x00000000125f0000] byte_map_base: 0x0000000011de0000

Marking Bits: (ParMarkBitMap*) 0x0000000058aaf600
 Begin Bits: [0x0000000012f50000, 0x0000000013f50000)
 End Bits:   [0x0000000013f50000, 0x0000000014f50000)

Polling page: 0x0000000000300000

CodeCache: size=245760Kb used=30855Kb max_used=31005Kb free=214904Kb
 bounds [0x0000000003020000, 0x0000000004ea0000, 0x0000000012020000]
 total_blobs=10250 nmethods=9213 adapters=948
 compilation: enabled

Compilation events (10 events):
Event: 647.371 Thread 0x0000000015a8c000 nmethod 11089 0x0000000004475110 code [0x00000000044752c0, 0x00000000044758b8]
Event: 647.371 Thread 0x0000000015a8c000 11090       4       org.openide.filesystems.MultiFileObject::list (272 bytes)
Event: 647.509 Thread 0x0000000015a8c000 nmethod 11090 0x00000000049ec410 code [0x00000000049ec7e0, 0x00000000049f0170]
Event: 647.510 Thread 0x0000000015a8c000 11091       4       java.util.Hashtable$KeySet::contains (9 bytes)
Event: 647.517 Thread 0x0000000015a8c000 nmethod 11091 0x0000000003737510 code [0x0000000003737660, 0x0000000003737c38]
Event: 648.183 Thread 0x0000000015a78000 nmethod 11082 0x0000000004aef390 code [0x0000000004aefb40, 0x0000000004af9888]
Event: 649.157 Thread 0x0000000015a8d000 11092       3       sun.java2d.DefaultDisposerRecord::dispose (12 bytes)
Event: 649.157 Thread 0x0000000015a8d000 nmethod 11092 0x00000000037370d0 code [0x0000000003737240, 0x00000000037373e8]
Event: 659.970 Thread 0x0000000015a8d000 11094       1       java.util.Locale$LocaleKey::hashCode (5 bytes)
Event: 659.970 Thread 0x0000000015a8d000 nmethod 11094 0x0000000003c43190 code [0x0000000003c432e0, 0x0000000003c433f0]

GC Heap History (10 events):
Event: 29.710 GC heap before
{Heap before GC invocations=16 (full 3):
 PSYoungGen      total 160768K, used 160336K [0x00000000eab00000, 0x00000000f6380000, 0x0000000100000000)
  eden space 144896K, 100% used [0x00000000eab00000,0x00000000f3880000,0x00000000f3880000)
  from space 15872K, 97% used [0x00000000f5400000,0x00000000f6314378,0x00000000f6380000)
  to   space 20992K, 0% used [0x00000000f3a80000,0x00000000f3a80000,0x00000000f4f00000)
 ParOldGen       total 108032K, used 46426K [0x00000000c0000000, 0x00000000c6980000, 0x00000000eab00000)
  object space 108032K, 42% used [0x00000000c0000000,0x00000000c2d56a40,0x00000000c6980000)
 Metaspace       used 72061K, capacity 75270K, committed 75392K, reserved 1114112K
  class space    used 9002K, capacity 10057K, committed 10112K, reserved 1048576K
Event: 29.738 GC heap after
Heap after GC invocations=16 (full 3):
 PSYoungGen      total 167936K, used 20971K [0x00000000eab00000, 0x00000000f8800000, 0x0000000100000000)
  eden space 146944K, 0% used [0x00000000eab00000,0x00000000eab00000,0x00000000f3a80000)
  from space 20992K, 99% used [0x00000000f3a80000,0x00000000f4efaea8,0x00000000f4f00000)
  to   space 27136K, 0% used [0x00000000f6d80000,0x00000000f6d80000,0x00000000f8800000)
 ParOldGen       total 108032K, used 53411K [0x00000000c0000000, 0x00000000c6980000, 0x00000000eab00000)
  object space 108032K, 49% used [0x00000000c0000000,0x00000000c3428c90,0x00000000c6980000)
 Metaspace       used 72061K, capacity 75270K, committed 75392K, reserved 1114112K
  class space    used 9002K, capacity 10057K, committed 10112K, reserved 1048576K
}
Event: 142.950 GC heap before
{Heap before GC invocations=17 (full 3):
 PSYoungGen      total 167936K, used 167915K [0x00000000eab00000, 0x00000000f8800000, 0x0000000100000000)
  eden space 146944K, 100% used [0x00000000eab00000,0x00000000f3a80000,0x00000000f3a80000)
  from space 20992K, 99% used [0x00000000f3a80000,0x00000000f4efaea8,0x00000000f4f00000)
  to   space 27136K, 0% used [0x00000000f6d80000,0x00000000f6d80000,0x00000000f8800000)
 ParOldGen       total 108032K, used 53411K [0x00000000c0000000, 0x00000000c6980000, 0x00000000eab00000)
  object space 108032K, 49% used [0x00000000c0000000,0x00000000c3428c90,0x00000000c6980000)
 Metaspace       used 72615K, capacity 75756K, committed 75904K, reserved 1116160K
  class space    used 9071K, capacity 10064K, committed 10112K, reserved 1048576K
Event: 142.983 GC heap after
Heap after GC invocations=17 (full 3):
 PSYoungGen      total 194048K, used 15156K [0x00000000eab00000, 0x00000000f8580000, 0x0000000100000000)
  eden space 169472K, 0% used [0x00000000eab00000,0x00000000eab00000,0x00000000f5080000)
  from space 24576K, 61% used [0x00000000f6d80000,0x00000000f7c4d0f8,0x00000000f8580000)
  to   space 27136K, 0% used [0x00000000f5080000,0x00000000f5080000,0x00000000f6b00000)
 ParOldGen       total 108032K, used 72949K [0x00000000c0000000, 0x00000000c6980000, 0x00000000eab00000)
  object space 108032K, 67% used [0x00000000c0000000,0x00000000c473d628,0x00000000c6980000)
 Metaspace       used 72615K, capacity 75756K, committed 75904K, reserved 1116160K
  class space    used 9071K, capacity 10064K, committed 10112K, reserved 1048576K
}
Event: 386.916 GC heap before
{Heap before GC invocations=18 (full 3):
 PSYoungGen      total 194048K, used 184628K [0x00000000eab00000, 0x00000000f8580000, 0x0000000100000000)
  eden space 169472K, 100% used [0x00000000eab00000,0x00000000f5080000,0x00000000f5080000)
  from space 24576K, 61% used [0x00000000f6d80000,0x00000000f7c4d0f8,0x00000000f8580000)
  to   space 27136K, 0% used [0x00000000f5080000,0x00000000f5080000,0x00000000f6b00000)
 ParOldGen       total 108032K, used 72949K [0x00000000c0000000, 0x00000000c6980000, 0x00000000eab00000)
  object space 108032K, 67% used [0x00000000c0000000,0x00000000c473d628,0x00000000c6980000)
 Metaspace       used 72776K, capacity 75886K, committed 76160K, reserved 1116160K
  class space    used 9095K, capacity 10103K, committed 10112K, reserved 1048576K
Event: 386.925 GC heap after
Heap after GC invocations=18 (full 3):
 PSYoungGen      total 196608K, used 16069K [0x00000000eab00000, 0x00000000f9a80000, 0x0000000100000000)
  eden space 169472K, 0% used [0x00000000eab00000,0x00000000eab00000,0x00000000f5080000)
  from space 27136K, 59% used [0x00000000f5080000,0x00000000f60317d8,0x00000000f6b00000)
  to   space 27648K, 0% used [0x00000000f7f80000,0x00000000f7f80000,0x00000000f9a80000)
 ParOldGen       total 108032K, used 72957K [0x00000000c0000000, 0x00000000c6980000, 0x00000000eab00000)
  object space 108032K, 67% used [0x00000000c0000000,0x00000000c473f628,0x00000000c6980000)
 Metaspace       used 72776K, capacity 75886K, committed 76160K, reserved 1116160K
  class space    used 9095K, capacity 10103K, committed 10112K, reserved 1048576K
}
Event: 625.570 GC heap before
{Heap before GC invocations=19 (full 3):
 PSYoungGen      total 196608K, used 185541K [0x00000000eab00000, 0x00000000f9a80000, 0x0000000100000000)
  eden space 169472K, 100% used [0x00000000eab00000,0x00000000f5080000,0x00000000f5080000)
  from space 27136K, 59% used [0x00000000f5080000,0x00000000f60317d8,0x00000000f6b00000)
  to   space 27648K, 0% used [0x00000000f7f80000,0x00000000f7f80000,0x00000000f9a80000)
 ParOldGen       total 108032K, used 72957K [0x00000000c0000000, 0x00000000c6980000, 0x00000000eab00000)
  object space 108032K, 67% used [0x00000000c0000000,0x00000000c473f628,0x00000000c6980000)
 Metaspace       used 73300K, capacity 76460K, committed 76800K, reserved 1116160K
  class space    used 9124K, capacity 10140K, committed 10240K, reserved 1048576K
Event: 625.581 GC heap after
Heap after GC invocations=19 (full 3):
 PSYoungGen      total 176640K, used 12954K [0x00000000eab00000, 0x00000000f8c80000, 0x0000000100000000)
  eden space 163328K, 0% used [0x00000000eab00000,0x00000000eab00000,0x00000000f4a80000)
  from space 13312K, 97% used [0x00000000f7f80000,0x00000000f8c26840,0x00000000f8c80000)
  to   space 26624K, 0% used [0x00000000f5880000,0x00000000f5880000,0x00000000f7280000)
 ParOldGen       total 108032K, used 72965K [0x00000000c0000000, 0x00000000c6980000, 0x00000000eab00000)
  object space 108032K, 67% used [0x00000000c0000000,0x00000000c4741628,0x00000000c6980000)
 Metaspace       used 73300K, capacity 76460K, committed 76800K, reserved 1116160K
  class space    used 9124K, capacity 10140K, committed 10240K, reserved 1048576K
}
Event: 649.138 GC heap before
{Heap before GC invocations=20 (full 3):
 PSYoungGen      total 176640K, used 176282K [0x00000000eab00000, 0x00000000f8c80000, 0x0000000100000000)
  eden space 163328K, 100% used [0x00000000eab00000,0x00000000f4a80000,0x00000000f4a80000)
  from space 13312K, 97% used [0x00000000f7f80000,0x00000000f8c26840,0x00000000f8c80000)
  to   space 26624K, 0% used [0x00000000f5880000,0x00000000f5880000,0x00000000f7280000)
 ParOldGen       total 108032K, used 72965K [0x00000000c0000000, 0x00000000c6980000, 0x00000000eab00000)
  object space 108032K, 67% used [0x00000000c0000000,0x00000000c4741628,0x00000000c6980000)
 Metaspace       used 73753K, capacity 77056K, committed 77312K, reserved 1116160K
  class space    used 9125K, capacity 10140K, committed 10240K, reserved 1048576K
Event: 649.155 GC heap after
Heap after GC invocations=20 (full 3):
 PSYoungGen      total 176640K, used 19407K [0x00000000eab00000, 0x00000000f8000000, 0x0000000100000000)
  eden space 157184K, 0% used [0x00000000eab00000,0x00000000eab00000,0x00000000f4480000)
  from space 19456K, 99% used [0x00000000f5880000,0x00000000f6b73c88,0x00000000f6b80000)
  to   space 20992K, 0% used [0x00000000f6b80000,0x00000000f6b80000,0x00000000f8000000)
 ParOldGen       total 108032K, used 72973K [0x00000000c0000000, 0x00000000c6980000, 0x00000000eab00000)
  object space 108032K, 67% used [0x00000000c0000000,0x00000000c4743628,0x00000000c6980000)
 Metaspace       used 73753K, capacity 77056K, committed 77312K, reserved 1116160K
  class space    used 9125K, capacity 10140K, committed 10240K, reserved 1048576K
}

Deoptimization events (10 events):
Event: 624.642 Thread 0x000000002301e800 Uncommon trap: reason=bimorphic action=maybe_recompile pc=0x0000000004b7cef8 method=javafx.scene.Node.getGeomBounds(Lcom/sun/javafx/geom/BaseBounds;Lcom/sun/javafx/geom/transform/BaseTransform;)Lcom/sun/javafx/geom/BaseBounds; @ 21
Event: 624.654 Thread 0x000000002301e800 Uncommon trap: reason=bimorphic action=maybe_recompile pc=0x0000000003d90c08 method=javafx.scene.Node.getGeomBounds(Lcom/sun/javafx/geom/BaseBounds;Lcom/sun/javafx/geom/transform/BaseTransform;)Lcom/sun/javafx/geom/BaseBounds; @ 21
Event: 624.658 Thread 0x000000002301e800 Uncommon trap: reason=bimorphic action=maybe_recompile pc=0x0000000004b7cef8 method=javafx.scene.Node.getGeomBounds(Lcom/sun/javafx/geom/BaseBounds;Lcom/sun/javafx/geom/transform/BaseTransform;)Lcom/sun/javafx/geom/BaseBounds; @ 21
Event: 624.670 Thread 0x000000002301e800 Uncommon trap: reason=bimorphic action=maybe_recompile pc=0x0000000003d90c08 method=javafx.scene.Node.getGeomBounds(Lcom/sun/javafx/geom/BaseBounds;Lcom/sun/javafx/geom/transform/BaseTransform;)Lcom/sun/javafx/geom/BaseBounds; @ 21
Event: 626.400 Thread 0x0000000018f51000 Uncommon trap: reason=array_check action=maybe_recompile pc=0x0000000004c7564c method=java.util.TimSort.binarySort([Ljava/lang/Object;IIILjava/util/Comparator;)V @ 215
Event: 628.291 Thread 0x0000000018f51000 Uncommon trap: reason=class_check action=maybe_recompile pc=0x0000000004b1cb0c method=sun.java2d.SunGraphics2D.validateCompClip()V @ 102
Event: 628.299 Thread 0x0000000018f51000 Uncommon trap: reason=class_check action=maybe_recompile pc=0x0000000004b1cb0c method=sun.java2d.SunGraphics2D.validateCompClip()V @ 102
Event: 628.307 Thread 0x0000000018f51000 Uncommon trap: reason=class_check action=maybe_recompile pc=0x0000000004b1cb0c method=sun.java2d.SunGraphics2D.validateCompClip()V @ 102
Event: 628.307 Thread 0x000000002301d000 Uncommon trap: reason=unstable_if action=reinterpret pc=0x00000000044929fc method=com.sun.prism.impl.QueuedPixelSource.getUnusedPixels(IIF)Lcom/sun/glass/ui/Pixels; @ 113
Event: 628.318 Thread 0x0000000018f51000 Uncommon trap: reason=class_check action=maybe_recompile pc=0x0000000004b1cb0c method=sun.java2d.SunGraphics2D.validateCompClip()V @ 102

Internal exceptions (10 events):
Event: 11.787 Thread 0x0000000018f51000 Exception <a 'java/lang/ArrayIndexOutOfBoundsException'> (0x00000000ebdbe9d0) thrown at [C:\re\workspace\8-2-build-windows-amd64-cygwin\jdk8u71\5731\hotspot\src\share\vm\runtime\sharedRuntime.cpp, line 605]
Event: 11.788 Thread 0x0000000018f51000 Exception <a 'java/lang/ArrayIndexOutOfBoundsException'> (0x00000000ebdd2c38) thrown at [C:\re\workspace\8-2-build-windows-amd64-cygwin\jdk8u71\5731\hotspot\src\share\vm\runtime\sharedRuntime.cpp, line 605]
Event: 11.788 Thread 0x0000000018f51000 Exception <a 'java/lang/ArrayIndexOutOfBoundsException'> (0x00000000ebde73f8) thrown at [C:\re\workspace\8-2-build-windows-amd64-cygwin\jdk8u71\5731\hotspot\src\share\vm\runtime\sharedRuntime.cpp, line 605]
Event: 11.789 Thread 0x0000000018f51000 Exception <a 'java/lang/ArrayIndexOutOfBoundsException'> (0x00000000ebf39798) thrown at [C:\re\workspace\8-2-build-windows-amd64-cygwin\jdk8u71\5731\hotspot\src\share\vm\runtime\sharedRuntime.cpp, line 605]
Event: 12.234 Thread 0x0000000018f51000 Exception <a 'java/io/FileNotFoundException'> (0x00000000ee18e0d8) thrown at [C:\re\workspace\8-2-build-windows-amd64-cygwin\jdk8u71\5731\hotspot\src\share\vm\prims\jni.cpp, line 709]
Event: 12.836 Thread 0x000000001da02800 Implicit null exception at 0x0000000003d0d592 to 0x0000000003d0e621
Event: 14.204 Thread 0x0000000018f51000 Exception <a 'sun/nio/fs/WindowsException'> (0x00000000f1464e30) thrown at [C:\re\workspace\8-2-build-windows-amd64-cygwin\jdk8u71\5731\hotspot\src\share\vm\prims\jni.cpp, line 709]
Event: 23.286 Thread 0x000000001dfba000 Exception <a 'java/lang/NoSuchMethodError': <clinit>> (0x00000000f09e6d58) thrown at [C:\re\workspace\8-2-build-windows-amd64-cygwin\jdk8u71\5731\hotspot\src\share\vm\prims\jni.cpp, line 1591]
Event: 81.774 Thread 0x0000000018f51000 Implicit null exception at 0x00000000038b0540 to 0x00000000038b0c69
Event: 616.234 Thread 0x000000002d2e8000 Implicit null exception at 0x0000000004bb4355 to 0x0000000004bb4669

Events (10 events):
Event: 629.234 Thread 0x0000000015a8c000 flushing nmethod 0x00000000048ccad0
Event: 629.234 Thread 0x0000000015a8c000 flushing nmethod 0x00000000048d0690
Event: 629.236 Thread 0x0000000015a8d000 flushing nmethod 0x00000000049dc710
Event: 629.236 Thread 0x0000000015a8d000 flushing nmethod 0x00000000049df290
Event: 647.312 Executing VM operation: RevokeBias
Event: 647.313 Executing VM operation: RevokeBias done
Event: 647.356 Executing VM operation: RevokeBias
Event: 647.356 Executing VM operation: RevokeBias done
Event: 649.138 Executing VM operation: ParallelGCFailedAllocation
Event: 649.156 Executing VM operation: ParallelGCFailedAllocation done


Dynamic libraries:
0x0000000000400000 - 0x000000000043a000 	D:\Program Files\NetBeans IDE\NetBeans 8.1\platform\lib\nbexec64.exe
0x0000000077420000 - 0x00000000775c9000 	C:\Windows\SYSTEM32\ntdll.dll
0x0000000077300000 - 0x000000007741f000 	C:\Windows\system32\kernel32.dll
0x000007fefd6d0000 - 0x000007fefd73b000 	C:\Windows\system32\KERNELBASE.dll
0x000007feff4f0000 - 0x000007feff5cb000 	C:\Windows\system32\ADVAPI32.dll
0x000007feff450000 - 0x000007feff4ef000 	C:\Windows\system32\msvcrt.dll
0x000007feff2b0000 - 0x000007feff2cf000 	C:\Windows\SYSTEM32\sechost.dll
0x000007fefdbe0000 - 0x000007fefdd0d000 	C:\Windows\system32\RPCRT4.dll
0x0000000077200000 - 0x00000000772fa000 	C:\Windows\system32\USER32.dll
0x000007fefd7a0000 - 0x000007fefd807000 	C:\Windows\system32\GDI32.dll
0x000007fefd810000 - 0x000007fefd81e000 	C:\Windows\system32\LPK.dll
0x000007fefd820000 - 0x000007fefd8e9000 	C:\Windows\system32\USP10.dll
0x000007fefdb30000 - 0x000007fefdb5e000 	C:\Windows\system32\IMM32.DLL
0x000007fefecb0000 - 0x000007fefedb9000 	C:\Windows\system32\MSCTF.dll
0x000000005b110000 - 0x000000005b5c4000 	D:\Program Files\NetBeans IDE\NetBeans 8.1\platform\lib\nbexec64.dll
0x00000000582a0000 - 0x0000000058b2f000 	D:\Program Files\Java\jdk1.8.0_71\jre\bin\server\jvm.dll
0x000007fef9ab0000 - 0x000007fef9ab9000 	C:\Windows\system32\WSOCK32.dll
0x000007fefdae0000 - 0x000007fefdb2d000 	C:\Windows\system32\WS2_32.dll
0x000007fefd8f0000 - 0x000007fefd8f8000 	C:\Windows\system32\NSI.dll
0x000007fefb2f0000 - 0x000007fefb32b000 	C:\Windows\system32\WINMM.dll
0x000007fefc480000 - 0x000007fefc48c000 	C:\Windows\system32\VERSION.dll
0x00000000775f0000 - 0x00000000775f7000 	C:\Windows\system32\PSAPI.DLL
0x000000005af50000 - 0x000000005b022000 	D:\Program Files\Java\jdk1.8.0_71\jre\bin\MSVCR100.dll
0x000000005b800000 - 0x000000005b839000 	D:\Program Files\Java\jdk1.8.0_71\jre\bin\splashscreen.dll
0x000007fefbb30000 - 0x000007fefbb86000 	C:\Windows\system32\uxtheme.dll
0x0000000073130000 - 0x000000007313f000 	D:\Program Files\Java\jdk1.8.0_71\jre\bin\verify.dll
0x000000005b7d0000 - 0x000000005b7f9000 	D:\Program Files\Java\jdk1.8.0_71\jre\bin\java.dll
0x00000000684a0000 - 0x00000000684b6000 	D:\Program Files\Java\jdk1.8.0_71\jre\bin\zip.dll
0x000007fefeaa0000 - 0x000007fefeca3000 	C:\Windows\system32\ole32.dll
0x000007fefd2a0000 - 0x000007fefd2af000 	C:\Windows\system32\CRYPTBASE.dll
0x000007feff650000 - 0x000007feff727000 	C:\Windows\system32\OLEAUT32.DLL
0x000007fefdd10000 - 0x000007fefea98000 	C:\Windows\system32\SHELL32.dll
0x000007fefdb60000 - 0x000007fefdbd1000 	C:\Windows\system32\SHLWAPI.dll
0x000007fefd370000 - 0x000007fefd37f000 	C:\Windows\system32\profapi.dll
0x000000005b7b0000 - 0x000000005b7ca000 	D:\Program Files\Java\jdk1.8.0_71\jre\bin\net.dll
0x000007fefcbe0000 - 0x000007fefcc35000 	C:\Windows\system32\mswsock.dll
0x000007fefcbd0000 - 0x000007fefcbd7000 	C:\Windows\System32\wship6.dll
0x000000005b790000 - 0x000000005b7a1000 	D:\Program Files\Java\jdk1.8.0_71\jre\bin\nio.dll
0x000007fefac60000 - 0x000007fefac87000 	C:\Windows\system32\IPHLPAPI.DLL
0x000007fefac50000 - 0x000007fefac5b000 	C:\Windows\system32\WINNSI.DLL
0x000007fefaa50000 - 0x000007fefaa61000 	C:\Windows\system32\dhcpcsvc6.DLL
0x000007fefa9d0000 - 0x000007fefa9e8000 	C:\Windows\system32\dhcpcsvc.DLL
0x000000005adb0000 - 0x000000005af48000 	D:\Program Files\Java\jdk1.8.0_71\jre\bin\awt.dll
0x000007fefcc40000 - 0x000007fefcc58000 	C:\Windows\system32\CRYPTSP.dll
0x000007fefc940000 - 0x000007fefc987000 	C:\Windows\system32\rsaenh.dll
0x000007fefc6b0000 - 0x000007fefc6ce000 	C:\Windows\system32\USERENV.dll
0x000007fefb3b0000 - 0x000007fefb3c5000 	C:\Windows\system32\NLAapi.dll
0x000007fef8fd0000 - 0x000007fef8fe5000 	C:\Windows\system32\napinsp.dll
0x000007fef8fb0000 - 0x000007fef8fc9000 	C:\Windows\system32\pnrpnsp.dll
0x000007fefca60000 - 0x000007fefcabb000 	C:\Windows\system32\DNSAPI.dll
0x000007fef8fa0000 - 0x000007fef8fab000 	C:\Windows\System32\winrnr.dll
0x00000000746d0000 - 0x00000000746f6000 	C:\Program Files\Bonjour\mdnsNSP.dll
0x00000000746a0000 - 0x00000000746ce000 	C:\Program Files\Common Files\Microsoft Shared\Windows Live\WLIDNSP.DLL
0x000007fefc5a0000 - 0x000007fefc5a7000 	C:\Windows\System32\wshtcpip.dll
0x000007fefa0e0000 - 0x000007fefa0e8000 	C:\Windows\system32\rasadhlp.dll
0x000007fefab00000 - 0x000007fefab53000 	C:\Windows\System32\fwpuclnt.dll
0x000007fefba00000 - 0x000007fefba18000 	C:\Windows\system32\DWMAPI.DLL
0x000007fefbf60000 - 0x000007fefc154000 	C:\Windows\WinSxS\amd64_microsoft.windows.common-controls_6595b64144ccf1df_6.0.7601.17514_none_fa396087175ac9ac\COMCTL32.dll
0x000007feeb860000 - 0x000007feeba5f000 	C:\Windows\system32\d3d9.dll
0x000007fefb9f0000 - 0x000007fefb9f7000 	C:\Windows\system32\d3d8thk.dll
0x0000000059c60000 - 0x000000005a048000 	C:\Windows\system32\atiumd64.dll
0x000000005ab10000 - 0x000000005ada9000 	C:\Windows\system32\atiumd6a.dll
0x000000005b0c0000 - 0x000000005b107000 	D:\Program Files\Java\jdk1.8.0_71\jre\bin\fontmanager.dll
0x000000005b070000 - 0x000000005b0b2000 	D:\Program Files\Java\jdk1.8.0_71\jre\bin\t2k.dll
0x0000000180000000 - 0x0000000180038000 	D:\Program Files\NetBeans IDE\NetBeans 8.1\platform\modules\lib\amd64\jnidispatch-410.dll
0x000007fefeef0000 - 0x000007fefef89000 	C:\Windows\system32\CLBCatQ.DLL
0x000007fefb550000 - 0x000007fefb67a000 	C:\Windows\system32\WindowsCodecs.dll
0x000007fefd240000 - 0x000007fefd297000 	C:\Windows\system32\apphelp.dll
0x000007fef56c0000 - 0x000007fef58fd000 	C:\PROGRA~1\MICROS~2\Office15\GROOVEEX.DLL
0x0000000072a30000 - 0x0000000072ac8000 	C:\Windows\system32\MSVCP100.dll
0x0000000068540000 - 0x000000006856b000 	C:\Windows\system32\ATL100.DLL
0x000007fef5370000 - 0x000007fef5686000 	C:\Windows\system32\msi.dll
0x000007fef4590000 - 0x000007fef4e0f000 	C:\PROGRA~1\MICROS~2\Office15\1049\GrooveIntlResource.dll
0x000007fef4440000 - 0x000007fef4582000 	C:\Program Files\Yandex\YandexDisk\bin\YandexDiskOverlays-2398.dll
0x0000000070e80000 - 0x0000000070e96000 	C:\Program Files\Common Files\TortoiseOverlays\TortoiseOverlays.dll
0x0000000019e80000 - 0x0000000019efb000 	C:\Program Files\TortoiseHg\ThgShellx64.dll
0x0000000073120000 - 0x000000007312d000 	D:\Program Files\Java\jdk1.8.0_71\jre\bin\management.dll
0x000007fef8e90000 - 0x000007fef8f01000 	C:\Windows\system32\winhttp.dll
0x000007fef8dc0000 - 0x000007fef8e24000 	C:\Windows\system32\webio.dll
0x000007feef470000 - 0x000007feef55f000 	D:\Program Files\Java\jdk1.8.0_71\jre\bin\msvcr120.dll
0x000007fef3c20000 - 0x000007fef3cc6000 	D:\Program Files\Java\jdk1.8.0_71\jre\bin\msvcp120.dll
0x000000005aae0000 - 0x000000005ab03000 	D:\Program Files\Java\jdk1.8.0_71\jre\bin\prism_d3d.dll
0x000000005aa90000 - 0x000000005aad3000 	D:\Program Files\Java\jdk1.8.0_71\jre\bin\glass.dll
0x000007fefef90000 - 0x000007feff027000 	C:\Windows\system32\COMDLG32.dll
0x000000005aa70000 - 0x000000005aa84000 	D:\Program Files\Java\jdk1.8.0_71\jre\bin\javafx_font.dll
0x000007feebae0000 - 0x000007feebc5e000 	C:\Windows\system32\dwrite.dll
0x000000005aa50000 - 0x000000005aa61000 	D:\Program Files\Java\jdk1.8.0_71\jre\bin\prism_common.dll
0x000000005b040000 - 0x000000005b06a000 	D:\Program Files\Java\jdk1.8.0_71\jre\bin\dcpr.dll
0x000007fef8cf0000 - 0x000007fef8d90000 	C:\Windows\WinSxS\amd64_microsoft.windows.common-controls_6595b64144ccf1df_5.82.7601.17514_none_a4d6a923711520a9\comctl32.dll
0x000007fefd900000 - 0x000007fefdad7000 	C:\Windows\system32\SETUPAPI.dll
0x000007fefd480000 - 0x000007fefd4b6000 	C:\Windows\system32\CFGMGR32.dll
0x000007fefd420000 - 0x000007fefd43a000 	C:\Windows\system32\DEVOBJ.dll
0x000007fefbc40000 - 0x000007fefbd6c000 	C:\Windows\system32\propsys.dll
0x000007fefc450000 - 0x000007fefc47d000 	C:\Windows\system32\ntmarta.dll
0x000007fefd740000 - 0x000007fefd792000 	C:\Windows\system32\WLDAP32.dll
0x000007fef39c0000 - 0x000007fef3b5c000 	C:\Windows\system32\NetworkExplorer.dll
0x000007fef42a0000 - 0x000007fef42d4000 	C:\Windows\System32\shdocvw.dll
0x000007fefb100000 - 0x000007fefb10b000 	C:\Windows\system32\slc.dll
0x000007fef8ff0000 - 0x000007fef9008000 	C:\Windows\system32\MPR.dll
0x000007feec9e0000 - 0x000007feec9ea000 	C:\Windows\System32\drprov.dll
0x000007fefc890000 - 0x000007fefc8cd000 	C:\Windows\System32\WINSTA.dll
0x000007feec680000 - 0x000007feec6a2000 	C:\Windows\System32\ntlanman.dll
0x000007feec660000 - 0x000007feec67c000 	C:\Windows\System32\davclnt.dll
0x000007fefa1e0000 - 0x000007fefa1ea000 	C:\Windows\System32\DAVHLPR.dll
0x000007fefae90000 - 0x000007fefaea5000 	C:\Windows\system32\wkscli.dll
0x000007fef68e0000 - 0x000007fef68ef000 	C:\Windows\system32\cscapi.dll
0x000007fefaed0000 - 0x000007fefaedc000 	C:\Windows\system32\netutils.dll
0x000007feeb5e0000 - 0x000007feeb851000 	C:\Windows\system32\wpdshext.dll
0x000007fefb7c0000 - 0x000007fefb9d6000 	C:\Windows\WinSxS\amd64_microsoft.windows.gdiplus_6595b64144ccf1df_1.1.7601.18455_none_2b283fd671e9bf4d\gdiplus.dll
0x000007fef3290000 - 0x000007fef334d000 	C:\Windows\system32\PortableDeviceApi.dll
0x000007fefd440000 - 0x000007fefd47b000 	C:\Windows\system32\WINTRUST.dll
0x000007fefd4c0000 - 0x000007fefd62d000 	C:\Windows\system32\CRYPT32.dll
0x000007fefd410000 - 0x000007fefd41f000 	C:\Windows\system32\MSASN1.dll
0x000007fef3be0000 - 0x000007fef3c15000 	C:\Windows\system32\EhStorShell.dll
0x000007fef38c0000 - 0x000007fef38e7000 	C:\Windows\system32\EhStorAPI.dll
0x000007fef4290000 - 0x000007fef429c000 	C:\Windows\system32\LINKINFO.dll
0x000007fefd040000 - 0x000007fefd04b000 	C:\Windows\system32\Secur32.dll
0x000007fefd210000 - 0x000007fefd235000 	C:\Windows\system32\SSPICLI.DLL
0x000007feefd60000 - 0x000007feefe85000 	C:\Windows\system32\dbghelp.dll

VM Arguments:
jvm_args: -Dnetbeans.logger.console=true -ea -Duser.language=en -Duser.region=EN -Djdk.home=D:\Program Files\Java\jdk1.8.0_71 -splash:C:\Users\Pete\Documents\NetBeansProjects\DAS\build\testuserdir\var\cache\splash.png -Dnetbeans.home=D:\Program Files\NetBeans IDE\NetBeans 8.1\platform -Dnetbeans.user=C:\Users\Pete\Documents\NetBeansProjects\DAS\build\testuserdir -Dnetbeans.default_userdir_root= -XX:+HeapDumpOnOutOfMemoryError -XX:HeapDumpPath=C:\Users\Pete\Documents\NetBeansProjects\DAS\build\testuserdir\var\log\heapdump.hprof -Dsun.awt.keepWorkingSetOnMinimize=true -Dnetbeans.dirs=C:\Users\Pete\Documents\NetBeansProjects\DAS\build\cluster;D:\Program Files\NetBeans IDE\NetBeans 8.1\platform exit 
java_command: <unknown>
java_class_path (initial): D:\Program Files\NetBeans IDE\NetBeans 8.1\platform\lib\boot.jar;D:\Program Files\NetBeans IDE\NetBeans 8.1\platform\lib\org-openide-modules.jar;D:\Program Files\NetBeans IDE\NetBeans 8.1\platform\lib\org-openide-util-lookup.jar;D:\Program Files\NetBeans IDE\NetBeans 8.1\platform\lib\org-openide-util-ui.jar;D:\Program Files\NetBeans IDE\NetBeans 8.1\platform\lib\org-openide-util.jar;D:\Program Files\NetBeans IDE\NetBeans 8.1\platform\lib\locale\boot_ja.jar;D:\Program Files\NetBeans IDE\NetBeans 8.1\platform\lib\locale\boot_pt_BR.jar;D:\Program Files\NetBeans IDE\NetBeans 8.1\platform\lib\locale\boot_ru.jar;D:\Program Files\NetBeans IDE\NetBeans 8.1\platform\lib\locale\boot_zh_CN.jar;D:\Program Files\NetBeans IDE\NetBeans 8.1\platform\lib\locale\org-openide-modules_ja.jar;D:\Program Files\NetBeans IDE\NetBeans 8.1\platform\lib\locale\org-openide-modules_pt_BR.jar;D:\Program Files\NetBeans IDE\NetBeans 8.1\platform\lib\locale\org-openide-modules_ru.jar;D:\Program Files\NetBeans IDE\NetBeans 8.1\platform\lib\locale\org-openide-modules_zh_CN.jar;D:\Program Files\NetBeans IDE\NetBeans 8.1\platform\lib\locale\org-openide-util-lookup_ja.jar;D:\Program Files\NetBeans IDE\NetBeans 8.1\platform\lib\locale\org-openide-util-lookup_pt_BR.jar;D:\Program Files\NetBeans IDE\NetBeans 8.1\platform\lib\locale\org-openide-util-lookup_ru.jar;D:\Program Files\NetBeans IDE\NetBeans 8.1\platform\lib\locale\org-openide-util-lookup_zh_CN.jar;D:\Program Files\NetBeans IDE\NetBeans 8.1\platform\lib\locale\org-openide-util-ui_ja.jar;D:\Program Files\NetBeans IDE\NetBeans 8.1\platform\lib\locale\org-openide-util-ui_pt_BR.jar;D:\Program Files\NetBeans IDE\NetBeans 8.1\platform\lib\locale\org-openide-util-ui_ru.jar;D:\Program Files\NetBeans IDE\NetBeans 8.1\platform\lib\locale\org-openide-util-ui_zh_CN.jar;D:\Program Files\NetBeans IDE\NetBeans 8.1\platform\lib\locale\org-openide-util_ja.jar;D:\Program Files\NetBeans IDE\NetBeans 8.1\platform\lib\locale\org-openide-uti
Launcher Type: generic

Environment Variables:
JAVA_HOME=D:\Program Files\Java\jdk1.8.0_71\bin
PATH=D:\Perl64\site\bin;D:\Perl64\bin;C:\Program Files (x86)\NVIDIA Corporation\PhysX\Common;C:\Python3\Scripts\;C:\Python3\;C:\Program Files\Common Files\Microsoft Shared\Windows Live;"D:\Program Files\Java\jdk1.8.0_71\bin";C:\Program Files\Microsoft HPC Pack 2008 R2\Bin\;C:\ProgramData\Oracle\Java\javapath;C:\Windows\system32;C:\Windows;C:\Windows\System32\Wbem;C:\Windows\System32\WindowsPowerShell\v1.0\;C:\Program Files\Microsoft\Web Platform Installer\;C:\Program Files (x86)\Microsoft ASP.NET\ASP.NET Web Pages\v1.0\;C:\Program Files (x86)\Windows Kits\8.0\Windows Performance Toolkit\;C:\Program Files\Microsoft SQL Server\110\Tools\Binn\;C:\Program Files (x86)\Microsoft SQL Server\110\Tools\Binn\;C:\Program Files\Microsoft SQL Server\110\DTS\Binn\;C:\Program Files (x86)\Microsoft SQL Server\110\Tools\Binn\ManagementStudio\;C:\Program Files (x86)\Microsoft Visual Studio 10.0\Common7\IDE\PrivateAssemblies\;C:\Program Files (x86)\Microsoft SQL Server\110\DTS\Binn\;D:\Program Files\MATLAB\R2013\runtime\win64;D:\Program Files\MATLAB\R2013\bin;D:\Program Files\MATLAB\R2013\polyspace\bin;D:\Program Files\MiKTeX 2.9\miktex\bin\x64\;"D:\Program Files\Git\bin\git.exe";"D:\Program Files\Python\Python 3.4.2";"D:\Program Files\Git\bin";"D:\Program Files\OpenCASCADE6.8.0\opencascade-6.8.0\win32\vc10\bin";"C:\Users\Pete\Documents\visual studio 2012\Projects\MFCApplication3\DLL";"C:\Program Files\TortoiseHg\";"D:\Program Files\NetBeans IDE\NetBeans 8.0.1\extide\ant\bin";"D:\Program Files\SVN\bin";C:\Program Files (x86)\Skype\Phone\;C:\Program Files (x86)\ATI Technologies\ATI.ACE\Core-Static;C:\SIMULIA\Abaqus\Commands;C:\Program Files\Common Files\Microsoft Shared\Windows Live
USERNAME=Pete
OS=Windows_NT
PROCESSOR_IDENTIFIER=Intel64 Family 6 Model 23 Stepping 10, GenuineIntel



---------------  S Y S T E M  ---------------

OS: Windows 7 , 64 bit Build 7601 (6.1.7601.18409)

CPU:total 4 (4 cores per cpu, 1 threads per core) family 6 model 23 stepping 10, cmov, cx8, fxsr, mmx, sse, sse2, sse3, ssse3, sse4.1, tsc

Memory: 4k page, physical 4192312k(309708k free), swap 8382780k(3669768k free)

vm_info: Java HotSpot(TM) 64-Bit Server VM (25.71-b15) for windows-amd64 JRE (1.8.0_71-b15), built on Dec 22 2015 18:15:55 by "java_re" with MS VC++ 10.0 (VS2010)

time: Tue May 10 23:07:54 2016
elapsed time: 660 seconds (0d 0h 11m 0s)

