#
# A fatal error has been detected by the Java Runtime Environment:
#
#  EXCEPTION_ACCESS_VIOLATION (0xc0000005) at pc=0x0000000057095985, pid=3476, tid=5756
#
# JRE version: Java(TM) SE Runtime Environment (8.0_71-b15) (build 1.8.0_71-b15)
# Java VM: Java HotSpot(TM) 64-Bit Server VM (25.71-b15 mixed mode windows-amd64 compressed oops)
# Problematic frame:
# V  [jvm.dll+0x25985]
#
# Failed to write core dump. Minidumps are not enabled by default on client versions of Windows
#
# If you would like to submit a bug report, please visit:
#   http://bugreport.java.com/bugreport/crash.jsp
#

---------------  T H R E A D  ---------------

Current thread (0x000000001572b800):  JavaThread "C1 CompilerThread2" daemon [_thread_in_native, id=5756, stack(0x0000000018550000,0x0000000018750000)]

siginfo: ExceptionCode=0xc0000005, writing address 0x00000000090172f8

Registers:
RAX=0x00000000090172f8, RBX=0x000000001597e8c0, RCX=0x0000000000000000, RDX=0x0000000000000000
RSP=0x000000001874f3f0, RBP=0x0000000002bba843, RSI=0x00000000190f9a40, RDI=0x0000000018f7d760
R8 =0x000000001874f7a8, R9 =0x000000001597e8c0, R10=0x000000001874f800, R11=0x00000000090172f8
R12=0x000000001874f7a8, R13=0x0000000015709430, R14=0x0000000015728770, R15=0x00000000157287b0
RIP=0x0000000057095985, EFLAGS=0x0000000000010246

Top of Stack: (sp=0x000000001874f3f0)
0x000000001874f3f0:   0000000000000001 000000001874f4d0
0x000000001874f400:   0000000000000003 000000001b4a4740
0x000000001874f410:   00000000190f99e0 0000000057095afc
0x000000001874f420:   00000000190f9a40 0000000000000000
0x000000001874f430:   000000001874f4d0 0000000000000011
0x000000001874f440:   0000000000000002 000000005749eb14
0x000000001874f450:   000000001874f4d0 000000001b4a4740
0x000000001874f460:   000000000000000c 00000000190f7dd0
0x000000001874f470:   000000001b6ce7e0 000000005749f31c
0x000000001874f480:   000000001597e780 000000001874f4d0
0x000000001874f490:   0000000000000028 0000000000000020
0x000000001874f4a0:   00000000ffffffff 0000000057478f11
0x000000001874f4b0:   000000001874f6e0 0000000000000000
0x000000001874f4c0:   000000005783a740 000000001b23d3f0
0x000000001874f4d0:   000000001b23d3f0 000000001b23d410
0x000000001874f4e0:   0000000001d562f0 000000001874f6e0 

Instructions: (pc=0x0000000057095985)
0x0000000057095965:   48 8b 40 18 8b 3c 88 eb 04 8b 7c 83 04 8b d7 49
0x0000000057095975:   8b cc e8 54 05 00 00 4c 8b d8 40 f6 c7 03 75 05
0x0000000057095985:   48 89 28 eb 74 0f b6 08 80 f9 eb 74 2e 0f b6 c1
0x0000000057095995:   24 f0 3c 70 74 25 80 f9 0f 74 0a b8 01 00 00 00 


Register to memory mapping:

RAX=0x00000000090172f8 is an unknown value
RBX=0x000000001597e8c0 is an unknown value
RCX=0x0000000000000000 is an unknown value
RDX=0x0000000000000000 is an unknown value
RSP=0x000000001874f3f0 is pointing into the stack for thread: 0x000000001572b800
RBP=0x0000000002bba843 is at code_begin+11043 in 
[CodeBlob (0x0000000002bb7cd0)]
Framesize: 0
BufferBlob (0x0000000002bb7cd0) used for C1 temporary CodeBuffer
RSI=0x00000000190f9a40 is an unknown value
RDI=0x0000000018f7d760 is an unknown value
R8 =0x000000001874f7a8 is pointing into the stack for thread: 0x000000001572b800
R9 =0x000000001597e8c0 is an unknown value
R10=0x000000001874f800 is pointing into the stack for thread: 0x000000001572b800
R11=0x00000000090172f8 is an unknown value
R12=0x000000001874f7a8 is pointing into the stack for thread: 0x000000001572b800
R13=0x0000000015709430 is an unknown value
R14=0x0000000015728770 is an unknown value
R15=0x00000000157287b0 is an unknown value


Stack: [0x0000000018550000,0x0000000018750000],  sp=0x000000001874f3f0,  free space=2044k
Native frames: (J=compiled Java code, j=interpreted, Vv=VM code, C=native code)
V  [jvm.dll+0x25985]
V  [jvm.dll+0x25afc]
V  [jvm.dll+0x42eb14]
V  [jvm.dll+0x42f31c]
V  [jvm.dll+0x408f11]
V  [jvm.dll+0x40963a]
V  [jvm.dll+0x409712]
V  [jvm.dll+0x4098e1]
V  [jvm.dll+0x409aef]
V  [jvm.dll+0xa4932]
V  [jvm.dll+0xa526f]
V  [jvm.dll+0x243234]
V  [jvm.dll+0x29a10a]
C  [MSVCR100.dll+0x21d9f]
C  [MSVCR100.dll+0x21e3b]
C  [kernel32.dll+0x159ed]
C  [ntdll.dll+0x2c521]


Current CompileTask:
C1:   4166 2788       3       org.openide.filesystems.MultiFileObject::list (272 bytes)


---------------  P R O C E S S  ---------------

Java Threads: ( => current thread )
  0x000000001ff7b000 JavaThread "Image Fetcher 0" daemon [_thread_blocked, id=4708, stack(0x0000000025060000,0x0000000025260000)]
  0x000000001ff7a800 JavaThread "Thread-3" daemon [_thread_blocked, id=11032, stack(0x0000000024c60000,0x0000000024e60000)]
  0x000000001ff79800 JavaThread "TimerQueue" daemon [_thread_blocked, id=4340, stack(0x0000000024a60000,0x0000000024c60000)]
  0x000000001ff78800 JavaThread "D3D Screen Updater" daemon [_thread_blocked, id=8140, stack(0x0000000002120000,0x0000000002320000)]
  0x000000001ff78000 JavaThread "File Watcher" daemon [_thread_blocked, id=7664, stack(0x0000000020f60000,0x0000000021160000)]
  0x000000001b532000 JavaThread "Folder Instance Processor" daemon [_thread_in_Java, id=976, stack(0x0000000020c10000,0x0000000020e10000)]
  0x000000001a9a5800 JavaThread "org.netbeans.modules.debugger.jpda.visual AWT Access Loop" daemon [_thread_blocked, id=4176, stack(0x000000001bdf0000,0x000000001bff0000)]
  0x00000000192fb800 JavaThread "AWT-EventQueue-0" [_thread_blocked, id=1072, stack(0x000000001baf0000,0x000000001bcf0000)]
  0x0000000019257800 JavaThread "AWT-Windows" daemon [_thread_in_native, id=3424, stack(0x000000001a550000,0x000000001a750000)]
  0x0000000019260000 JavaThread "AWT-Shutdown" [_thread_blocked, id=7184, stack(0x000000001a350000,0x000000001a550000)]
  0x0000000019221800 JavaThread "Java2D Disposer" daemon [_thread_blocked, id=6768, stack(0x000000001a150000,0x000000001a350000)]
  0x000000001918c000 JavaThread "RequestProcessor queue manager" daemon [_thread_blocked, id=4500, stack(0x0000000019d50000,0x0000000019f50000)]
  0x00000000191b4000 JavaThread "main" [_thread_blocked, id=5760, stack(0x0000000019b50000,0x0000000019d50000)]
  0x0000000019081000 JavaThread "Inactive RequestProcessor thread [Was:StdErr Flush/org.netbeans.core.startup.logging.PrintStreamLogger]" daemon [_thread_blocked, id=6968, stack(0x0000000019950000,0x0000000019b50000)]
  0x0000000018f70800 JavaThread "CLI Requests Server" daemon [_thread_in_native, id=11180, stack(0x0000000019750000,0x0000000019950000)]
  0x0000000018d64800 JavaThread "Active Reference Queue Daemon" daemon [_thread_blocked, id=8056, stack(0x0000000019350000,0x0000000019550000)]
  0x0000000015784800 JavaThread "Service Thread" daemon [_thread_blocked, id=11716, stack(0x0000000018750000,0x0000000018950000)]
=>0x000000001572b800 JavaThread "C1 CompilerThread2" daemon [_thread_in_native, id=5756, stack(0x0000000018550000,0x0000000018750000)]
  0x000000001570b000 JavaThread "C2 CompilerThread1" daemon [_thread_in_native, id=7692, stack(0x0000000018350000,0x0000000018550000)]
  0x0000000015708000 JavaThread "C2 CompilerThread0" daemon [_thread_in_native, id=10888, stack(0x0000000018150000,0x0000000018350000)]
  0x00000000156fc800 JavaThread "JDWP Command Reader" daemon [_thread_in_native, id=5960, stack(0x0000000017f50000,0x0000000018150000)]
  0x00000000156f9000 JavaThread "JDWP Event Helper Thread" daemon [_thread_blocked, id=11576, stack(0x0000000017d50000,0x0000000017f50000)]
  0x00000000156ec800 JavaThread "JDWP Transport Listener: dt_socket" daemon [_thread_blocked, id=4892, stack(0x0000000017b50000,0x0000000017d50000)]
  0x00000000156e2800 JavaThread "Attach Listener" daemon [_thread_blocked, id=11096, stack(0x0000000017780000,0x0000000017980000)]
  0x00000000156e1000 JavaThread "Signal Dispatcher" daemon [_thread_blocked, id=4844, stack(0x0000000017580000,0x0000000017780000)]
  0x0000000015680000 JavaThread "Finalizer" daemon [_thread_blocked, id=10244, stack(0x00000000172b0000,0x00000000174b0000)]
  0x000000001567e800 JavaThread "Reference Handler" daemon [_thread_blocked, id=5364, stack(0x00000000170b0000,0x00000000172b0000)]
  0x000000000059f000 JavaThread "main" [_thread_blocked, id=3564, stack(0x0000000000030000,0x0000000000230000)]

Other Threads:
  0x0000000015677000 VMThread [stack: 0x0000000016eb0000,0x00000000170b0000] [id=2744]
  0x000000001579f000 WatcherThread [stack: 0x0000000018950000,0x0000000018b50000] [id=7864]

VM state:not at safepoint (normal execution)

VM Mutex/Monitor currently owned by a thread: None

Heap:
 PSYoungGen      total 68096K, used 40243K [0x00000000eab00000, 0x00000000f3600000, 0x0000000100000000)
  eden space 65536K, 61% used [0x00000000eab00000,0x00000000ed24cf40,0x00000000eeb00000)
  from space 2560K, 0% used [0x00000000eeb00000,0x00000000eeb00000,0x00000000eed80000)
  to   space 5632K, 0% used [0x00000000f3080000,0x00000000f3080000,0x00000000f3600000)
 ParOldGen       total 37376K, used 8179K [0x00000000c0000000, 0x00000000c2480000, 0x00000000eab00000)
  object space 37376K, 21% used [0x00000000c0000000,0x00000000c07fced0,0x00000000c2480000)
 Metaspace       used 28345K, capacity 29502K, committed 29568K, reserved 1075200K
  class space    used 3456K, capacity 3905K, committed 3968K, reserved 1048576K

Card table byte_map: [0x0000000011f00000,0x0000000012110000] byte_map_base: 0x0000000011900000

Marking Bits: (ParMarkBitMap*) 0x000000005787f600
 Begin Bits: [0x0000000012910000, 0x0000000013910000)
 End Bits:   [0x0000000013910000, 0x0000000014910000)

Polling page: 0x0000000000540000

CodeCache: size=245760Kb used=10350Kb max_used=10371Kb free=235409Kb
 bounds [0x0000000002b40000, 0x0000000003570000, 0x0000000011b40000]
 total_blobs=3366 nmethods=2786 adapters=502
 compilation: enabled

Compilation events (10 events):
Event: 4.061 Thread 0x000000001572b800 nmethod 2781 0x0000000003554410 code [0x0000000003554580, 0x0000000003554728]
Event: 4.067 Thread 0x0000000015708000 nmethod 2763 0x00000000035575d0 code [0x0000000003557c00, 0x00000000035591a8]
Event: 4.067 Thread 0x0000000015708000 2770       4       java.util.Collections$UnmodifiableCollection$1::next (10 bytes)
Event: 4.068 Thread 0x0000000015708000 nmethod 2770 0x0000000003555e90 code [0x0000000003555fc0, 0x0000000003556058]
Event: 4.068 Thread 0x0000000015708000 2766  s    4       org.netbeans.Clusters::dirs (82 bytes)
Event: 4.069 Thread 0x0000000015708000 nmethod 2766 0x0000000003555a50 code [0x0000000003555ba0, 0x0000000003555dd8]
Event: 4.069 Thread 0x000000001572b800 2788       3       org.openide.filesystems.MultiFileObject::list (272 bytes)
Event: 4.069 Thread 0x0000000015708000 2793   !   4       org.openide.filesystems.MultiFileSystem::writableLayer (101 bytes)
Event: 4.099 Thread 0x0000000015708000 nmethod 2793 0x000000000355d7d0 code [0x000000000355daa0, 0x000000000355efc8]
Event: 4.099 Thread 0x0000000015708000 2792   !   4       org.openide.filesystems.MultiFileObject::getAttribute (108 bytes)

GC Heap History (10 events):
Event: 1.171 GC heap before
{Heap before GC invocations=2 (full 0):
 PSYoungGen      total 18944K, used 18920K [0x00000000eab00000, 0x00000000ed000000, 0x0000000100000000)
  eden space 16384K, 100% used [0x00000000eab00000,0x00000000ebb00000,0x00000000ebb00000)
  from space 2560K, 99% used [0x00000000ebb00000,0x00000000ebd7a3c8,0x00000000ebd80000)
  to   space 2560K, 0% used [0x00000000ecd80000,0x00000000ecd80000,0x00000000ed000000)
 ParOldGen       total 44032K, used 256K [0x00000000c0000000, 0x00000000c2b00000, 0x00000000eab00000)
  object space 44032K, 0% used [0x00000000c0000000,0x00000000c0040000,0x00000000c2b00000)
 Metaspace       used 13030K, capacity 13286K, committed 13568K, reserved 1060864K
  class space    used 1419K, capacity 1487K, committed 1536K, reserved 1048576K
Event: 1.179 GC heap after
Heap after GC invocations=2 (full 0):
 PSYoungGen      total 35328K, used 2542K [0x00000000eab00000, 0x00000000ed000000, 0x0000000100000000)
  eden space 32768K, 0% used [0x00000000eab00000,0x00000000eab00000,0x00000000ecb00000)
  from space 2560K, 99% used [0x00000000ecd80000,0x00000000ecffb830,0x00000000ed000000)
  to   space 2560K, 0% used [0x00000000ecb00000,0x00000000ecb00000,0x00000000ecd80000)
 ParOldGen       total 44032K, used 2348K [0x00000000c0000000, 0x00000000c2b00000, 0x00000000eab00000)
  object space 44032K, 5% used [0x00000000c0000000,0x00000000c024b3f0,0x00000000c2b00000)
 Metaspace       used 13030K, capacity 13286K, committed 13568K, reserved 1060864K
  class space    used 1419K, capacity 1487K, committed 1536K, reserved 1048576K
}
Event: 1.620 GC heap before
{Heap before GC invocations=3 (full 0):
 PSYoungGen      total 35328K, used 35310K [0x00000000eab00000, 0x00000000ed000000, 0x0000000100000000)
  eden space 32768K, 100% used [0x00000000eab00000,0x00000000ecb00000,0x00000000ecb00000)
  from space 2560K, 99% used [0x00000000ecd80000,0x00000000ecffb830,0x00000000ed000000)
  to   space 2560K, 0% used [0x00000000ecb00000,0x00000000ecb00000,0x00000000ecd80000)
 ParOldGen       total 44032K, used 2348K [0x00000000c0000000, 0x00000000c2b00000, 0x00000000eab00000)
  object space 44032K, 5% used [0x00000000c0000000,0x00000000c024b3f0,0x00000000c2b00000)
 Metaspace       used 15502K, capacity 15724K, committed 15872K, reserved 1062912K
  class space    used 1654K, capacity 1745K, committed 1792K, reserved 1048576K
Event: 1.629 GC heap after
Heap after GC invocations=3 (full 0):
 PSYoungGen      total 35328K, used 2556K [0x00000000eab00000, 0x00000000ef000000, 0x0000000100000000)
  eden space 32768K, 0% used [0x00000000eab00000,0x00000000eab00000,0x00000000ecb00000)
  from space 2560K, 99% used [0x00000000ecb00000,0x00000000ecd7f248,0x00000000ecd80000)
  to   space 2560K, 0% used [0x00000000eed80000,0x00000000eed80000,0x00000000ef000000)
 ParOldGen       total 44032K, used 4734K [0x00000000c0000000, 0x00000000c2b00000, 0x00000000eab00000)
  object space 44032K, 10% used [0x00000000c0000000,0x00000000c049f940,0x00000000c2b00000)
 Metaspace       used 15502K, capacity 15724K, committed 15872K, reserved 1062912K
  class space    used 1654K, capacity 1745K, committed 1792K, reserved 1048576K
}
Event: 1.787 GC heap before
{Heap before GC invocations=4 (full 0):
 PSYoungGen      total 35328K, used 35324K [0x00000000eab00000, 0x00000000ef000000, 0x0000000100000000)
  eden space 32768K, 100% used [0x00000000eab00000,0x00000000ecb00000,0x00000000ecb00000)
  from space 2560K, 99% used [0x00000000ecb00000,0x00000000ecd7f248,0x00000000ecd80000)
  to   space 2560K, 0% used [0x00000000eed80000,0x00000000eed80000,0x00000000ef000000)
 ParOldGen       total 44032K, used 4734K [0x00000000c0000000, 0x00000000c2b00000, 0x00000000eab00000)
  object space 44032K, 10% used [0x00000000c0000000,0x00000000c049f940,0x00000000c2b00000)
 Metaspace       used 15792K, capacity 16040K, committed 16128K, reserved 1062912K
  class space    used 1686K, capacity 1756K, committed 1792K, reserved 1048576K
Event: 1.793 GC heap after
Heap after GC invocations=4 (full 0):
 PSYoungGen      total 68096K, used 2530K [0x00000000eab00000, 0x00000000ef000000, 0x0000000100000000)
  eden space 65536K, 0% used [0x00000000eab00000,0x00000000eab00000,0x00000000eeb00000)
  from space 2560K, 98% used [0x00000000eed80000,0x00000000eeff8828,0x00000000ef000000)
  to   space 2560K, 0% used [0x00000000eeb00000,0x00000000eeb00000,0x00000000eed80000)
 ParOldGen       total 44032K, used 5670K [0x00000000c0000000, 0x00000000c2b00000, 0x00000000eab00000)
  object space 44032K, 12% used [0x00000000c0000000,0x00000000c0589a10,0x00000000c2b00000)
 Metaspace       used 15792K, capacity 16040K, committed 16128K, reserved 1062912K
  class space    used 1686K, capacity 1756K, committed 1792K, reserved 1048576K
}
Event: 2.200 GC heap before
{Heap before GC invocations=5 (full 0):
 PSYoungGen      total 68096K, used 25392K [0x00000000eab00000, 0x00000000ef000000, 0x0000000100000000)
  eden space 65536K, 34% used [0x00000000eab00000,0x00000000ec1538b0,0x00000000eeb00000)
  from space 2560K, 98% used [0x00000000eed80000,0x00000000eeff8828,0x00000000ef000000)
  to   space 2560K, 0% used [0x00000000eeb00000,0x00000000eeb00000,0x00000000eed80000)
 ParOldGen       total 44032K, used 5670K [0x00000000c0000000, 0x00000000c2b00000, 0x00000000eab00000)
  object space 44032K, 12% used [0x00000000c0000000,0x00000000c0589a10,0x00000000c2b00000)
 Metaspace       used 20478K, capacity 21132K, committed 21296K, reserved 1069056K
  class space    used 2411K, capacity 2639K, committed 2688K, reserved 1048576K
Event: 2.207 GC heap after
Heap after GC invocations=5 (full 0):
 PSYoungGen      total 68096K, used 2548K [0x00000000eab00000, 0x00000000f3600000, 0x0000000100000000)
  eden space 65536K, 0% used [0x00000000eab00000,0x00000000eab00000,0x00000000eeb00000)
  from space 2560K, 99% used [0x00000000eeb00000,0x00000000eed7d280,0x00000000eed80000)
  to   space 5632K, 0% used [0x00000000f3080000,0x00000000f3080000,0x00000000f3600000)
 ParOldGen       total 44032K, used 7025K [0x00000000c0000000, 0x00000000c2b00000, 0x00000000eab00000)
  object space 44032K, 15% used [0x00000000c0000000,0x00000000c06dc770,0x00000000c2b00000)
 Metaspace       used 20478K, capacity 21132K, committed 21296K, reserved 1069056K
  class space    used 2411K, capacity 2639K, committed 2688K, reserved 1048576K
}
Event: 2.208 GC heap before
{Heap before GC invocations=6 (full 1):
 PSYoungGen      total 68096K, used 2548K [0x00000000eab00000, 0x00000000f3600000, 0x0000000100000000)
  eden space 65536K, 0% used [0x00000000eab00000,0x00000000eab00000,0x00000000eeb00000)
  from space 2560K, 99% used [0x00000000eeb00000,0x00000000eed7d280,0x00000000eed80000)
  to   space 5632K, 0% used [0x00000000f3080000,0x00000000f3080000,0x00000000f3600000)
 ParOldGen       total 44032K, used 7025K [0x00000000c0000000, 0x00000000c2b00000, 0x00000000eab00000)
  object space 44032K, 15% used [0x00000000c0000000,0x00000000c06dc770,0x00000000c2b00000)
 Metaspace       used 20478K, capacity 21132K, committed 21296K, reserved 1069056K
  class space    used 2411K, capacity 2639K, committed 2688K, reserved 1048576K
Event: 2.281 GC heap after
Heap after GC invocations=6 (full 1):
 PSYoungGen      total 68096K, used 0K [0x00000000eab00000, 0x00000000f3600000, 0x0000000100000000)
  eden space 65536K, 0% used [0x00000000eab00000,0x00000000eab00000,0x00000000eeb00000)
  from space 2560K, 0% used [0x00000000eeb00000,0x00000000eeb00000,0x00000000eed80000)
  to   space 5632K, 0% used [0x00000000f3080000,0x00000000f3080000,0x00000000f3600000)
 ParOldGen       total 37376K, used 8179K [0x00000000c0000000, 0x00000000c2480000, 0x00000000eab00000)
  object space 37376K, 21% used [0x00000000c0000000,0x00000000c07fced0,0x00000000c2480000)
 Metaspace       used 20478K, capacity 21132K, committed 21296K, reserved 1069056K
  class space    used 2411K, capacity 2639K, committed 2688K, reserved 1048576K
}

Deoptimization events (10 events):
Event: 2.554 Thread 0x00000000191b4000 Uncommon trap: reason=class_check action=maybe_recompile pc=0x0000000002d2d8d0 method=java.util.regex.Pattern$Start.match(Ljava/util/regex/Matcher;ILjava/lang/CharSequence;)Z @ 44
Event: 2.554 Thread 0x00000000191b4000 Uncommon trap: reason=bimorphic action=maybe_recompile pc=0x000000000340faf4 method=java.util.regex.Pattern$CharProperty.match(Ljava/util/regex/Matcher;ILjava/lang/CharSequence;)Z @ 37
Event: 2.554 Thread 0x00000000191b4000 Uncommon trap: reason=class_check action=maybe_recompile pc=0x0000000002d2d8d0 method=java.util.regex.Pattern$Start.match(Ljava/util/regex/Matcher;ILjava/lang/CharSequence;)Z @ 44
Event: 2.554 Thread 0x00000000191b4000 Uncommon trap: reason=class_check action=maybe_recompile pc=0x0000000002d2d8d0 method=java.util.regex.Pattern$Start.match(Ljava/util/regex/Matcher;ILjava/lang/CharSequence;)Z @ 44
Event: 2.554 Thread 0x00000000191b4000 Uncommon trap: reason=bimorphic action=maybe_recompile pc=0x000000000340faf4 method=java.util.regex.Pattern$CharProperty.match(Ljava/util/regex/Matcher;ILjava/lang/CharSequence;)Z @ 37
Event: 2.554 Thread 0x00000000191b4000 Uncommon trap: reason=class_check action=maybe_recompile pc=0x0000000002d399b4 method=java.util.regex.Pattern$Start.match(Ljava/util/regex/Matcher;ILjava/lang/CharSequence;)Z @ 44
Event: 2.554 Thread 0x00000000191b4000 Uncommon trap: reason=bimorphic action=maybe_recompile pc=0x000000000340faf4 method=java.util.regex.Pattern$CharProperty.match(Ljava/util/regex/Matcher;ILjava/lang/CharSequence;)Z @ 37
Event: 3.841 Thread 0x0000000019081000 Uncommon trap: reason=unstable_if action=reinterpret pc=0x000000000342aaa4 method=java.util.WeakHashMap.expungeStaleEntries()V @ 72
Event: 3.849 Thread 0x0000000019081000 Uncommon trap: reason=unstable_if action=reinterpret pc=0x0000000003059f14 method=java.util.regex.Pattern$BnM.optimize(Ljava/util/regex/Pattern$Node;)Ljava/util/regex/Pattern$Node; @ 22
Event: 3.999 Thread 0x00000000191b4000 Uncommon trap: reason=unstable_if action=reinterpret pc=0x00000000034ed59c method=java.util.regex.Pattern$Start.match(Ljava/util/regex/Matcher;ILjava/lang/CharSequence;)Z @ 10

Internal exceptions (10 events):
Event: 0.452 Thread 0x000000000059f000 Exception <a 'sun/nio/fs/WindowsException'> (0x00000000ead3d0e0) thrown at [C:\re\workspace\8-2-build-windows-amd64-cygwin\jdk8u71\5731\hotspot\src\share\vm\prims\jni.cpp, line 709]
Event: 0.730 Thread 0x000000000059f000 Exception <a 'java/io/FileNotFoundException'> (0x00000000eb36e7a8) thrown at [C:\re\workspace\8-2-build-windows-amd64-cygwin\jdk8u71\5731\hotspot\src\share\vm\prims\jni.cpp, line 709]
Event: 0.765 Thread 0x000000000059f000 Exception <a 'java/lang/NoSuchFieldError': method resolution failed> (0x00000000eb43b560) thrown at [C:\re\workspace\8-2-build-windows-amd64-cygwin\jdk8u71\5731\hotspot\src\share\vm\prims\methodHandles.cpp, line 1146]
Event: 0.766 Thread 0x000000000059f000 Exception <a 'java/lang/NoSuchFieldError': method resolution failed> (0x00000000eb448c20) thrown at [C:\re\workspace\8-2-build-windows-amd64-cygwin\jdk8u71\5731\hotspot\src\share\vm\prims\methodHandles.cpp, line 1146]
Event: 0.868 Thread 0x00000000191b4000 Exception <a 'java/io/FileNotFoundException'> (0x00000000eb72ad68) thrown at [C:\re\workspace\8-2-build-windows-amd64-cygwin\jdk8u71\5731\hotspot\src\share\vm\prims\jni.cpp, line 709]
Event: 1.750 Thread 0x00000000191b4000 Implicit null exception at 0x0000000002d8d39c to 0x0000000002d8d80d
Event: 1.750 Thread 0x00000000191b4000 Implicit null exception at 0x0000000002d36099 to 0x0000000002d364b9
Event: 1.751 Thread 0x00000000191b4000 Exception <a 'java/lang/ClassNotFoundException': sun/net/www/content/content/unknown> (0x00000000ec8ada98) thrown at [C:\re\workspace\8-2-build-windows-amd64-cygwin\jdk8u71\5731\hotspot\src\share\vm\classfile\systemDictionary.cpp, line 210]
Event: 2.451 Thread 0x00000000191b4000 Exception <a 'java/lang/ArrayIndexOutOfBoundsException': 18> (0x00000000eb5d2410) thrown at [C:\re\workspace\8-2-build-windows-amd64-cygwin\jdk8u71\5731\hotspot\src\share\vm\interpreter\interpreterRuntime.cpp, line 366]
Event: 2.451 Thread 0x00000000191b4000 Exception <a 'java/lang/ArrayIndexOutOfBoundsException': 110> (0x00000000eb5d3b50) thrown at [C:\re\workspace\8-2-build-windows-amd64-cygwin\jdk8u71\5731\hotspot\src\share\vm\interpreter\interpreterRuntime.cpp, line 366]

Events (10 events):
Event: 4.109 Thread 0x000000001b532000 DEOPT PACKING pc=0x0000000002d82fc1 sp=0x0000000020e0cf30
Event: 4.109 Thread 0x000000001b532000 DEOPT UNPACKING pc=0x0000000002b871bf sp=0x0000000020e0cc80 mode 1
Event: 4.109 Thread 0x000000001b532000 DEOPT PACKING pc=0x0000000002cb129c sp=0x0000000020e0cfb0
Event: 4.109 Thread 0x000000001b532000 DEOPT UNPACKING pc=0x0000000002b871bf sp=0x0000000020e0cdd0 mode 1
Event: 4.109 Thread 0x000000001b532000 DEOPT PACKING pc=0x0000000002cb1034 sp=0x0000000020e0d140
Event: 4.109 Thread 0x000000001b532000 DEOPT UNPACKING pc=0x0000000002b871bf sp=0x0000000020e0cf60 mode 1
Event: 4.109 Thread 0x000000001b532000 DEOPT PACKING pc=0x0000000002d82fc1 sp=0x0000000020e0d180
Event: 4.109 Thread 0x000000001b532000 DEOPT UNPACKING pc=0x0000000002b871bf sp=0x0000000020e0cee0 mode 1
Event: 4.109 Thread 0x000000001b532000 DEOPT PACKING pc=0x0000000002d4c22c sp=0x0000000020e0d2d0
Event: 4.109 Thread 0x000000001b532000 DEOPT UNPACKING pc=0x0000000002b871bf sp=0x0000000020e0d048 mode 1


Dynamic libraries:
0x0000000000400000 - 0x000000000043a000 	D:\Program Files\NetBeans IDE\NetBeans 8.1\platform\lib\nbexec64.exe
0x0000000077500000 - 0x00000000776a9000 	C:\Windows\SYSTEM32\ntdll.dll
0x00000000772e0000 - 0x00000000773ff000 	C:\Windows\system32\kernel32.dll
0x000007fefd7b0000 - 0x000007fefd81b000 	C:\Windows\system32\KERNELBASE.dll
0x000007feff090000 - 0x000007feff16b000 	C:\Windows\system32\ADVAPI32.dll
0x000007fefe050000 - 0x000007fefe0ef000 	C:\Windows\system32\msvcrt.dll
0x000007feff6b0000 - 0x000007feff6cf000 	C:\Windows\SYSTEM32\sechost.dll
0x000007fefda80000 - 0x000007fefdbad000 	C:\Windows\system32\RPCRT4.dll
0x0000000077400000 - 0x00000000774fa000 	C:\Windows\system32\USER32.dll
0x000007fefdcb0000 - 0x000007fefdd17000 	C:\Windows\system32\GDI32.dll
0x000007fefe0f0000 - 0x000007fefe0fe000 	C:\Windows\system32\LPK.dll
0x000007fefdd20000 - 0x000007fefdde9000 	C:\Windows\system32\USP10.dll
0x000007feff7e0000 - 0x000007feff80e000 	C:\Windows\system32\IMM32.DLL
0x000007feff6d0000 - 0x000007feff7d9000 	C:\Windows\system32\MSCTF.dll
0x0000000058f50000 - 0x0000000059404000 	D:\Program Files\NetBeans IDE\NetBeans 8.1\platform\lib\nbexec64.dll
0x0000000057070000 - 0x00000000578ff000 	D:\Program Files\Java\jdk1.8.0_71\jre\bin\server\jvm.dll
0x000007fefa550000 - 0x000007fefa559000 	C:\Windows\system32\WSOCK32.dll
0x000007feff4c0000 - 0x000007feff50d000 	C:\Windows\system32\WS2_32.dll
0x000007feff2a0000 - 0x000007feff2a8000 	C:\Windows\system32\NSI.dll
0x000007fefaed0000 - 0x000007fefaf0b000 	C:\Windows\system32\WINMM.dll
0x000007fefc5b0000 - 0x000007fefc5bc000 	C:\Windows\system32\VERSION.dll
0x00000000776d0000 - 0x00000000776d7000 	C:\Windows\system32\PSAPI.DLL
0x0000000058e70000 - 0x0000000058f42000 	D:\Program Files\Java\jdk1.8.0_71\jre\bin\MSVCR100.dll
0x0000000058e30000 - 0x0000000058e69000 	D:\Program Files\Java\jdk1.8.0_71\jre\bin\splashscreen.dll
0x00000000710e0000 - 0x00000000710ef000 	D:\Program Files\Java\jdk1.8.0_71\jre\bin\verify.dll
0x0000000058e00000 - 0x0000000058e29000 	D:\Program Files\Java\jdk1.8.0_71\jre\bin\java.dll
0x000007fefb230000 - 0x000007fefb286000 	C:\Windows\system32\uxtheme.dll
0x0000000066eb0000 - 0x0000000066ee5000 	D:\Program Files\Java\jdk1.8.0_71\jre\bin\jdwp.dll
0x0000000070470000 - 0x0000000070478000 	D:\Program Files\Java\jdk1.8.0_71\jre\bin\npt.dll
0x0000000058de0000 - 0x0000000058df6000 	D:\Program Files\Java\jdk1.8.0_71\jre\bin\zip.dll
0x000007feff2b0000 - 0x000007feff4b3000 	C:\Windows\system32\ole32.dll
0x000007fefd380000 - 0x000007fefd38f000 	C:\Windows\system32\CRYPTBASE.dll
0x000007fefef30000 - 0x000007feff007000 	C:\Windows\system32\OLEAUT32.DLL
0x000007fefe1a0000 - 0x000007fefef28000 	C:\Windows\system32\SHELL32.dll
0x000007feff010000 - 0x000007feff081000 	C:\Windows\system32\SHLWAPI.dll
0x000007fefd450000 - 0x000007fefd45f000 	C:\Windows\system32\profapi.dll
0x0000000070480000 - 0x0000000070489000 	D:\Program Files\Java\jdk1.8.0_71\jre\bin\dt_socket.dll
0x000007fefccc0000 - 0x000007fefcd15000 	C:\Windows\system32\mswsock.dll
0x000007fefc680000 - 0x000007fefc687000 	C:\Windows\System32\wshtcpip.dll
0x0000000058dc0000 - 0x0000000058dda000 	D:\Program Files\Java\jdk1.8.0_71\jre\bin\net.dll
0x000007fefccb0000 - 0x000007fefccb7000 	C:\Windows\System32\wship6.dll
0x0000000058da0000 - 0x0000000058db1000 	D:\Program Files\Java\jdk1.8.0_71\jre\bin\nio.dll
0x000007fefba20000 - 0x000007fefba47000 	C:\Windows\system32\IPHLPAPI.DLL
0x000007fefba10000 - 0x000007fefba1b000 	C:\Windows\system32\WINNSI.DLL
0x000007fefb8a0000 - 0x000007fefb8b1000 	C:\Windows\system32\dhcpcsvc6.DLL
0x000007fefb820000 - 0x000007fefb838000 	C:\Windows\system32\dhcpcsvc.DLL
0x0000000058c00000 - 0x0000000058d98000 	D:\Program Files\Java\jdk1.8.0_71\jre\bin\awt.dll
0x000007fefcd20000 - 0x000007fefcd37000 	C:\Windows\system32\CRYPTSP.dll
0x000007fefca20000 - 0x000007fefca67000 	C:\Windows\system32\rsaenh.dll
0x000007fefc790000 - 0x000007fefc7ae000 	C:\Windows\system32\USERENV.dll
0x000007fefad00000 - 0x000007fefad18000 	C:\Windows\system32\DWMAPI.DLL
0x000007fefbaf0000 - 0x000007fefbce4000 	C:\Windows\WinSxS\amd64_microsoft.windows.common-controls_6595b64144ccf1df_6.0.7601.17514_none_fa396087175ac9ac\COMCTL32.dll
0x000007fefbf90000 - 0x000007fefbfa5000 	C:\Windows\system32\NLAapi.dll
0x000007fef9020000 - 0x000007fef9035000 	C:\Windows\system32\napinsp.dll
0x000007fef9000000 - 0x000007fef9019000 	C:\Windows\system32\pnrpnsp.dll
0x000007fefcb40000 - 0x000007fefcb9b000 	C:\Windows\system32\DNSAPI.dll
0x000007fef8ff0000 - 0x000007fef8ffb000 	C:\Windows\System32\winrnr.dll
0x0000000072ce0000 - 0x0000000072d06000 	C:\Program Files\Bonjour\mdnsNSP.dll
0x0000000072cb0000 - 0x0000000072cde000 	C:\Program Files\Common Files\Microsoft Shared\Windows Live\WLIDNSP.DLL
0x000007fefa130000 - 0x000007fefa138000 	C:\Windows\system32\rasadhlp.dll
0x000007fefb8d0000 - 0x000007fefb923000 	C:\Windows\System32\fwpuclnt.dll
0x000007fee71b0000 - 0x000007fee73af000 	C:\Windows\system32\d3d9.dll
0x000007fee9200000 - 0x000007fee9207000 	C:\Windows\system32\d3d8thk.dll
0x000007fef1540000 - 0x000007fef164e000 	C:\Windows\system32\aticfx64.dll
0x000007fee8270000 - 0x000007fee827f000 	C:\Windows\system32\atiu9p64.dll
0x000007fee6350000 - 0x000007fee6a7d000 	C:\Windows\system32\atiumd64.dll
0x000000005e370000 - 0x000000005e78e000 	C:\Windows\system32\atiumd6a.dll
0x0000000058ab0000 - 0x0000000058af7000 	D:\Program Files\Java\jdk1.8.0_71\jre\bin\fontmanager.dll
0x0000000058a60000 - 0x0000000058aa2000 	D:\Program Files\Java\jdk1.8.0_71\jre\bin\t2k.dll
0x0000000180000000 - 0x0000000180038000 	D:\Program Files\NetBeans IDE\NetBeans 8.1\platform\modules\lib\amd64\jnidispatch-410.dll
0x000007fefe100000 - 0x000007fefe199000 	C:\Windows\system32\CLBCatQ.DLL
0x000007fefaa90000 - 0x000007fefabba000 	C:\Windows\system32\WindowsCodecs.dll
0x000007fefd320000 - 0x000007fefd377000 	C:\Windows\system32\apphelp.dll
0x000007fef0b20000 - 0x000007fef0d5d000 	C:\PROGRA~1\MICROS~2\Office15\GROOVEEX.DLL
0x0000000072b20000 - 0x0000000072bb8000 	C:\Windows\system32\MSVCP100.dll
0x0000000067250000 - 0x000000006727b000 	C:\Windows\system32\ATL100.DLL
0x000007fef0800000 - 0x000007fef0b16000 	C:\Windows\system32\msi.dll
0x000007feef160000 - 0x000007feef9df000 	C:\PROGRA~1\MICROS~2\Office15\1049\GrooveIntlResource.dll
0x000007fef06b0000 - 0x000007fef07f2000 	C:\Program Files\Yandex\YandexDisk\bin\YandexDiskOverlays-2398.dll
0x00000000670b0000 - 0x00000000670c6000 	C:\Program Files\Common Files\TortoiseOverlays\TortoiseOverlays.dll
0x000000001a850000 - 0x000000001a8cb000 	C:\Program Files\TortoiseHg\ThgShellx64.dll
0x0000000058500000 - 0x000000005850d000 	D:\Program Files\Java\jdk1.8.0_71\jre\bin\management.dll
0x000007fef8ee0000 - 0x000007fef8f51000 	C:\Windows\system32\winhttp.dll
0x000007fef8e30000 - 0x000007fef8e94000 	C:\Windows\system32\webio.dll
0x000007fef3680000 - 0x000007fef37a5000 	C:\Windows\system32\dbghelp.dll

VM Arguments:
jvm_args: -Dnetbeans.logger.console=true -ea -Xdebug -Xrunjdwp:transport=dt_socket,suspend=y,server=n,address=127.0.0.1:5579 -Duser.language=en -Duser.region=EN -Djdk.home=D:\Program Files\Java\jdk1.8.0_71 -splash:C:\Users\Pete\Documents\NetBeansProjects\DAS\build\testuserdir\var\cache\splash.png -Dnetbeans.home=D:\Program Files\NetBeans IDE\NetBeans 8.1\platform -Dnetbeans.user=C:\Users\Pete\Documents\NetBeansProjects\DAS\build\testuserdir -Dnetbeans.default_userdir_root= -XX:+HeapDumpOnOutOfMemoryError -XX:HeapDumpPath=C:\Users\Pete\Documents\NetBeansProjects\DAS\build\testuserdir\var\log\heapdump.hprof -Dsun.awt.keepWorkingSetOnMinimize=true -Dnetbeans.dirs=C:\Users\Pete\Documents\NetBeansProjects\DAS\build\cluster;D:\Program Files\NetBeans IDE\NetBeans 8.1\platform exit 
java_command: <unknown>
java_class_path (initial): D:\Program Files\NetBeans IDE\NetBeans 8.1\platform\lib\boot.jar;D:\Program Files\NetBeans IDE\NetBeans 8.1\platform\lib\org-openide-modules.jar;D:\Program Files\NetBeans IDE\NetBeans 8.1\platform\lib\org-openide-util-lookup.jar;D:\Program Files\NetBeans IDE\NetBeans 8.1\platform\lib\org-openide-util-ui.jar;D:\Program Files\NetBeans IDE\NetBeans 8.1\platform\lib\org-openide-util.jar;D:\Program Files\NetBeans IDE\NetBeans 8.1\platform\lib\locale\boot_ja.jar;D:\Program Files\NetBeans IDE\NetBeans 8.1\platform\lib\locale\boot_pt_BR.jar;D:\Program Files\NetBeans IDE\NetBeans 8.1\platform\lib\locale\boot_ru.jar;D:\Program Files\NetBeans IDE\NetBeans 8.1\platform\lib\locale\boot_zh_CN.jar;D:\Program Files\NetBeans IDE\NetBeans 8.1\platform\lib\locale\org-openide-modules_ja.jar;D:\Program Files\NetBeans IDE\NetBeans 8.1\platform\lib\locale\org-openide-modules_pt_BR.jar;D:\Program Files\NetBeans IDE\NetBeans 8.1\platform\lib\locale\org-openide-modules_ru.jar;D:\Program Files\NetBeans IDE\NetBeans 8.1\platform\lib\locale\org-openide-modules_zh_CN.jar;D:\Program Files\NetBeans IDE\NetBeans 8.1\platform\lib\locale\org-openide-util-lookup_ja.jar;D:\Program Files\NetBeans IDE\NetBeans 8.1\platform\lib\locale\org-openide-util-lookup_pt_BR.jar;D:\Program Files\NetBeans IDE\NetBeans 8.1\platform\lib\locale\org-openide-util-lookup_ru.jar;D:\Program Files\NetBeans IDE\NetBeans 8.1\platform\lib\locale\org-openide-util-lookup_zh_CN.jar;D:\Program Files\NetBeans IDE\NetBeans 8.1\platform\lib\locale\org-openide-util-ui_ja.jar;D:\Program Files\NetBeans IDE\NetBeans 8.1\platform\lib\locale\org-openide-util-ui_pt_BR.jar;D:\Program Files\NetBeans IDE\NetBeans 8.1\platform\lib\locale\org-openide-util-ui_ru.jar;D:\Program Files\NetBeans IDE\NetBeans 8.1\platform\lib\locale\org-openide-util-ui_zh_CN.jar;D:\Program Files\NetBeans IDE\NetBeans 8.1\platform\lib\locale\org-openide-util_ja.jar;D:\Program Files\NetBeans IDE\NetBeans 8.1\platform\lib\locale\org-openide-uti
Launcher Type: generic

Environment Variables:
JAVA_HOME=D:\Program Files\Java\jdk1.8.0_71\bin
PATH=C:\Program Files (x86)\AMD APP\bin\x86_64;C:\Program Files (x86)\AMD APP\bin\x86;C:\Python3\Scripts\;C:\Python3\;C:\Program Files\Common Files\Microsoft Shared\Windows Live;"D:\Program Files\Java\jdk1.8.0_71\bin";C:\Program Files\Microsoft HPC Pack 2008 R2\Bin\;C:\ProgramData\Oracle\Java\javapath;C:\Windows\system32;C:\Windows;C:\Windows\System32\Wbem;C:\Windows\System32\WindowsPowerShell\v1.0\;C:\Program Files\Microsoft\Web Platform Installer\;C:\Program Files (x86)\Microsoft ASP.NET\ASP.NET Web Pages\v1.0\;C:\Program Files (x86)\Windows Kits\8.0\Windows Performance Toolkit\;C:\Program Files\Microsoft SQL Server\110\Tools\Binn\;C:\Program Files (x86)\Microsoft SQL Server\110\Tools\Binn\;C:\Program Files\Microsoft SQL Server\110\DTS\Binn\;C:\Program Files (x86)\Microsoft SQL Server\110\Tools\Binn\ManagementStudio\;C:\Program Files (x86)\Microsoft Visual Studio 10.0\Common7\IDE\PrivateAssemblies\;C:\Program Files (x86)\Microsoft SQL Server\110\DTS\Binn\;D:\Program Files\MATLAB\R2013\runtime\win64;D:\Program Files\MATLAB\R2013\bin;D:\Program Files\MATLAB\R2013\polyspace\bin;D:\Program Files\MiKTeX 2.9\miktex\bin\x64\;"D:\Program Files\Git\bin\git.exe";"D:\Program Files\Python\Python 3.4.2";"D:\Program Files\Git\bin";"D:\Program Files\OpenCASCADE6.8.0\opencascade-6.8.0\win32\vc10\bin";"C:\Users\Pete\Documents\visual studio 2012\Projects\MFCApplication3\DLL";"C:\Program Files\TortoiseHg\";"D:\Program Files\NetBeans IDE\NetBeans 8.0.1\extide\ant\bin";"D:\Program Files\SVN\bin";C:\Program Files (x86)\Skype\Phone\;C:\Program Files (x86)\ATI Technologies\ATI.ACE\Core-Static;C:\Program Files\Common Files\Microsoft Shared\Windows Live
USERNAME=Pete
OS=Windows_NT
PROCESSOR_IDENTIFIER=Intel64 Family 6 Model 23 Stepping 10, GenuineIntel



---------------  S Y S T E M  ---------------

OS: Windows 7 , 64 bit Build 7601 (6.1.7601.18409)

CPU:total 4 (4 cores per cpu, 1 threads per core) family 6 model 23 stepping 10, cmov, cx8, fxsr, mmx, sse, sse2, sse3, ssse3, sse4.1, tsc

Memory: 4k page, physical 4192312k(1511260k free), swap 8382780k(2731676k free)

vm_info: Java HotSpot(TM) 64-Bit Server VM (25.71-b15) for windows-amd64 JRE (1.8.0_71-b15), built on Dec 22 2015 18:15:55 by "java_re" with MS VC++ 10.0 (VS2010)

time: Thu Feb 11 23:44:54 2016
elapsed time: 4 seconds (0d 0h 0m 4s)

