#
# A fatal error has been detected by the Java Runtime Environment:
#
#  EXCEPTION_ACCESS_VIOLATION (0xc0000005) at pc=0x000000005a62c145, pid=4180, tid=1020
#
# JRE version: Java(TM) SE Runtime Environment (8.0_71-b15) (build 1.8.0_71-b15)
# Java VM: Java HotSpot(TM) 64-Bit Server VM (25.71-b15 mixed mode windows-amd64 compressed oops)
# Problematic frame:
# C  [MSVCR100.dll+0x3c145]
#
# Failed to write core dump. Minidumps are not enabled by default on client versions of Windows
#
# If you would like to submit a bug report, please visit:
#   http://bugreport.java.com/bugreport/crash.jsp
#

---------------  T H R E A D  ---------------

Current thread (0x00000000186cc000):  JavaThread "System clipboard synchronizer" daemon [_thread_in_vm, id=1020, stack(0x00000000194f0000,0x00000000196f0000)]

siginfo: ExceptionCode=0xc0000005, reading address 0x000000000013f278

Registers:
RAX=0x0000000000000010, RBX=0x00000000186cc000, RCX=0x00000000ecc30100, RDX=0xffffffff1350f178
RSP=0x00000000196ef198, RBP=0x0000000018681090, RSI=0x0000000000000000, RDI=0x000000000013f27c
R8 =0x000000000013f27c, R9 =0x00000000ecaf0e78, R10=0x000000000000000c, R11=0x00000000ecaf0e88
R12=0x0000000000000008, R13=0x0000000000000000, R14=0x000000000013f27c, R15=0x00000000186cc000
RIP=0x000000005a62c145, EFLAGS=0x0000000000010206

Top of Stack: (sp=0x00000000196ef198)
0x00000000196ef198:   000000005970a761 00000000186cc1f8
0x00000000196ef1a8:   00000000596ef64d 000000000013f27c
0x00000000196ef1b8:   0000000077baeba1 00000000196ef2d8
0x00000000196ef1c8:   00000000198f0040 00000000186cc000
0x00000000196ef1d8:   0000000000000000 000000000013f27c
0x00000000196ef1e8:   0000000000000008 0000000018681090
0x00000000196ef1f8:   000000005a3fa643 00000000186cc1f8
0x00000000196ef208:   00000000196ef2d8 00000000198f0040
0x00000000196ef218:   00000000c2086a28 0000000000000000
0x00000000196ef228:   0000000014b87440 0000000000000000
0x00000000196ef238:   fffffffffffffffe 00000000196ef308
0x00000000196ef248:   0000000021ed6de8 0000000000000000
0x00000000196ef258:   0000000002983894 0000000021ed6df0
0x00000000196ef268:   0000000000000008 0000000000000122
0x00000000196ef278:   00000000198f0040 00000000ebf98898
0x00000000196ef288:   ebf986301dafe2d4 00000000c20869f0 

Instructions: (pc=0x000000005a62c145)
0x000000005a62c125:   c8 88 01 f6 c1 02 74 0f 48 83 e9 02 66 8b 04 0a
0x000000005a62c135:   49 83 e8 02 66 89 01 f6 c1 04 74 0d 48 83 e9 04
0x000000005a62c145:   8b 04 0a 49 83 e8 04 89 01 4d 8b c8 49 c1 e9 05
0x000000005a62c155:   75 50 4d 8b c8 49 c1 e9 03 74 14 48 83 e9 08 48 


Register to memory mapping:

RAX=0x0000000000000010 is an unknown value
RBX=0x00000000186cc000 is a thread
RCX=0x00000000ecc30100 is an oop

[error occurred during error reporting (printing register info), id 0xc0000005]

Stack: [0x00000000194f0000,0x00000000196f0000],  sp=0x00000000196ef198,  free space=2044k
Native frames: (J=compiled Java code, j=interpreted, Vv=VM code, C=native code)
C  [MSVCR100.dll+0x3c145]
V  [jvm.dll+0x15a761]
C  [awt.dll+0x8a643]
C  0x0000000002983894

Java frames: (J=compiled Java code, j=interpreted, Vv=VM code)
j  sun.awt.windows.WClipboard.getClipboardData(J)[B+0
j  sun.awt.datatransfer.ClipboardTransferable.fetchOneFlavor(Lsun/awt/datatransfer/SunClipboard;Ljava/awt/datatransfer/DataFlavor;Ljava/lang/Long;Ljava/util/HashMap;)Z+32
j  sun.awt.datatransfer.ClipboardTransferable.<init>(Lsun/awt/datatransfer/SunClipboard;)V+122
j  sun.awt.datatransfer.SunClipboard.getContents(Ljava/lang/Object;)Ljava/awt/datatransfer/Transferable;+17
j  org.netbeans.NbClipboard$GetContents.run()V+16
j  org.openide.util.RequestProcessor$Task.run()V+51
j  org.netbeans.modules.openide.util.GlobalLookup.execute(Lorg/openide/util/Lookup;Ljava/lang/Runnable;)Z+33
j  org.openide.util.lookup.Lookups.executeWith(Lorg/openide/util/Lookup;Ljava/lang/Runnable;)V+2
j  org.openide.util.RequestProcessor$Processor.run()V+259
v  ~StubRoutines::call_stub

---------------  P R O C E S S  ---------------

Java Threads: ( => current thread )
  0x000000002b2aa800 JavaThread "RequestProcessor queue manager" daemon [_thread_blocked, id=4216, stack(0x0000000018d20000,0x0000000018f20000)]
  0x000000001ac63800 JavaThread "Thread-21" daemon [_thread_in_native, id=3812, stack(0x00000000325a0000,0x00000000327a0000)]
  0x000000001ac62800 JavaThread "Thread-20" daemon [_thread_in_native, id=3128, stack(0x00000000323a0000,0x00000000325a0000)]
  0x000000001ac62000 JavaThread "Thread-19" daemon [_thread_in_native, id=3720, stack(0x00000000321a0000,0x00000000323a0000)]
  0x000000001ac61000 JavaThread "Thread-18" daemon [_thread_in_native, id=3192, stack(0x0000000031fa0000,0x00000000321a0000)]
  0x000000001ac60800 JavaThread "Thread-17" daemon [_thread_in_native, id=4316, stack(0x0000000031da0000,0x0000000031fa0000)]
  0x000000001ac5f800 JavaThread "Thread-16" daemon [_thread_in_native, id=4696, stack(0x0000000031ba0000,0x0000000031da0000)]
  0x000000001ac5e000 JavaThread "Thread-15" daemon [_thread_in_native, id=3332, stack(0x00000000310a0000,0x00000000312a0000)]
  0x000000001ac5d800 JavaThread "Thread-14" daemon [_thread_in_native, id=4388, stack(0x0000000030ea0000,0x00000000310a0000)]
  0x000000001e1c9800 JavaThread "Swing-Shell" daemon [_thread_blocked, id=2936, stack(0x00000000308a0000,0x0000000030aa0000)]
  0x000000001e1c8000 JavaThread "Thread-10" daemon [_thread_in_native, id=4272, stack(0x0000000027030000,0x0000000027230000)]
  0x000000001e1c7800 JavaThread "Thread-9" [_thread_blocked, id=4264, stack(0x0000000026e30000,0x0000000027030000)]
  0x000000001e1c6000 JavaThread "Thread-8" daemon [_thread_in_native, id=5116, stack(0x0000000027440000,0x0000000027640000)]
  0x000000001e1c5000 JavaThread "Thread-7" [_thread_blocked, id=4920, stack(0x0000000026c30000,0x0000000026e30000)]
  0x000000001e1c4800 JavaThread "Prism Font Disposer" daemon [_thread_blocked, id=2452, stack(0x0000000025c20000,0x0000000025e20000)]
  0x000000001e2bd000 JavaThread "Thread-6" daemon [_thread_in_native, id=3136, stack(0x0000000024720000,0x0000000024920000)]
  0x000000001e2bc000 JavaThread "JavaFX Application Thread" [_thread_in_native, id=3000, stack(0x0000000023d20000,0x0000000023f20000)]
  0x000000001e2bb800 JavaThread "Thread-5" daemon [_thread_blocked, id=2508, stack(0x0000000023b20000,0x0000000023d20000)]
  0x000000001e2ba800 JavaThread "QuantumRenderer-0" daemon [_thread_blocked, id=4632, stack(0x00000000196f0000,0x00000000198f0000)]
  0x000000001e2b8800 JavaThread "Thread-3" daemon [_thread_blocked, id=4452, stack(0x0000000021b40000,0x0000000021d40000)]
  0x000000001e2b7800 JavaThread "TimerQueue" daemon [_thread_blocked, id=3544, stack(0x0000000020510000,0x0000000020710000)]
  0x000000001e2b7000 JavaThread "D3D Screen Updater" daemon [_thread_blocked, id=4716, stack(0x0000000002000000,0x0000000002200000)]
  0x000000001e2b6000 JavaThread "File Watcher" daemon [_thread_blocked, id=1004, stack(0x0000000021740000,0x0000000021940000)]
  0x0000000018829800 JavaThread "AWT-EventQueue-0" [_thread_blocked, id=3580, stack(0x000000001a2f0000,0x000000001a4f0000)]
  0x00000000187bd800 JavaThread "AWT-Windows" daemon [_thread_in_native, id=3160, stack(0x000000001a0f0000,0x000000001a2f0000)]
  0x0000000018751000 JavaThread "AWT-Shutdown" [_thread_blocked, id=1036, stack(0x0000000019ef0000,0x000000001a0f0000)]
  0x000000001873b000 JavaThread "Java2D Disposer" daemon [_thread_blocked, id=2336, stack(0x0000000019cf0000,0x0000000019ef0000)]
=>0x00000000186cc000 JavaThread "System clipboard synchronizer" daemon [_thread_in_vm, id=1020, stack(0x00000000194f0000,0x00000000196f0000)]
  0x00000000183be800 JavaThread "CLI Requests Server" daemon [_thread_in_native, id=2444, stack(0x0000000019220000,0x0000000019420000)]
  0x00000000182ff000 JavaThread "Active Reference Queue Daemon" daemon [_thread_blocked, id=3668, stack(0x0000000018920000,0x0000000018b20000)]
  0x0000000015b56800 JavaThread "Service Thread" daemon [_thread_blocked, id=4416, stack(0x0000000017b70000,0x0000000017d70000)]
  0x0000000015acf000 JavaThread "C1 CompilerThread2" daemon [_thread_blocked, id=4128, stack(0x0000000017970000,0x0000000017b70000)]
  0x0000000015acd800 JavaThread "C2 CompilerThread1" daemon [_thread_blocked, id=3904, stack(0x0000000017770000,0x0000000017970000)]
  0x0000000015ac8000 JavaThread "C2 CompilerThread0" daemon [_thread_blocked, id=3264, stack(0x0000000017570000,0x0000000017770000)]
  0x0000000015ac3800 JavaThread "Attach Listener" daemon [_thread_blocked, id=5036, stack(0x0000000017370000,0x0000000017570000)]
  0x0000000015ac2800 JavaThread "Signal Dispatcher" daemon [_thread_blocked, id=2164, stack(0x0000000017170000,0x0000000017370000)]
  0x0000000015a68000 JavaThread "Finalizer" daemon [_thread_blocked, id=4740, stack(0x0000000016f70000,0x0000000017170000)]
  0x0000000015a61000 JavaThread "Reference Handler" daemon [_thread_blocked, id=1748, stack(0x0000000016d70000,0x0000000016f70000)]
  0x0000000001d4c800 JavaThread "main" [_thread_blocked, id=4812, stack(0x0000000000030000,0x0000000000230000)]

Other Threads:
  0x0000000015a5c000 VMThread [stack: 0x0000000016b70000,0x0000000016d70000] [id=4488]
  0x0000000015b76800 WatcherThread [stack: 0x0000000017d70000,0x0000000017f70000] [id=1896]

VM state:not at safepoint (normal execution)

VM Mutex/Monitor currently owned by a thread: None

Heap:
 PSYoungGen      total 211456K, used 55480K [0x00000000eab00000, 0x00000000fc200000, 0x0000000100000000)
  eden space 189952K, 17% used [0x00000000eab00000,0x00000000ecc30108,0x00000000f6480000)
  from space 21504K, 99% used [0x00000000f6480000,0x00000000f797e1d0,0x00000000f7980000)
  to   space 25600K, 0% used [0x00000000fa900000,0x00000000fa900000,0x00000000fc200000)
 ParOldGen       total 108544K, used 71143K [0x00000000c0000000, 0x00000000c6a00000, 0x00000000eab00000)
  object space 108544K, 65% used [0x00000000c0000000,0x00000000c4579dc8,0x00000000c6a00000)
 Metaspace       used 73823K, capacity 77014K, committed 77184K, reserved 1116160K
  class space    used 9126K, capacity 10107K, committed 10112K, reserved 1048576K

Card table byte_map: [0x0000000011d30000,0x0000000011f40000] byte_map_base: 0x0000000011730000

Marking Bits: (ParMarkBitMap*) 0x0000000059dbf600
 Begin Bits: [0x00000000128a0000, 0x00000000138a0000)
 End Bits:   [0x00000000138a0000, 0x00000000148a0000)

Polling page: 0x00000000022e0000

CodeCache: size=245760Kb used=30963Kb max_used=30963Kb free=214796Kb
 bounds [0x0000000002970000, 0x0000000004800000, 0x0000000011970000]
 total_blobs=10197 nmethods=9159 adapters=948
 compilation: enabled

Compilation events (10 events):
Event: 116.132 Thread 0x0000000015acd800 10896       4       com.sun.javafx.geom.transform.Affine2D::deriveWithNewTransform (19 bytes)
Event: 116.133 Thread 0x0000000015acd800 nmethod 10896 0x000000000438ea10 code [0x000000000438eb60, 0x000000000438ec08]
Event: 119.573 Thread 0x0000000015ac8000 10897   !   4       java.awt.EventQueue::setCurrentEventAndMostRecentTimeImpl (185 bytes)
Event: 119.588 Thread 0x0000000015ac8000 nmethod 10897 0x0000000003e62610 code [0x0000000003e627e0, 0x0000000003e63180]
Event: 127.333 Thread 0x0000000015acf000 10898       3       com.sun.java.swing.plaf.windows.WindowsGraphicsUtils::paintXPText (216 bytes)
Event: 127.333 Thread 0x0000000015ac8000 10900       4       java.awt.Component::getForeground (29 bytes)
Event: 127.335 Thread 0x0000000015ac8000 nmethod 10900 0x000000000445f4d0 code [0x000000000445f620, 0x000000000445f6c8]
Event: 127.336 Thread 0x0000000015acf000 nmethod 10898 0x00000000047ee550 code [0x00000000047ee8e0, 0x00000000047f08c8]
Event: 127.336 Thread 0x0000000015acf000 10899       3       com.sun.java.swing.plaf.windows.XPStyle::getColor (19 bytes)
Event: 127.336 Thread 0x0000000015acf000 nmethod 10899 0x00000000032c5e50 code [0x00000000032c5fc0, 0x00000000032c6218]

GC Heap History (10 events):
Event: 16.074 GC heap before
{Heap before GC invocations=14 (full 2):
 PSYoungGen      total 124928K, used 47360K [0x00000000eab00000, 0x00000000f5a00000, 0x0000000100000000)
  eden space 110080K, 34% used [0x00000000eab00000,0x00000000ecfe2548,0x00000000f1680000)
  from space 14848K, 64% used [0x00000000f1680000,0x00000000f1fddd00,0x00000000f2500000)
  to   space 14848K, 0% used [0x00000000f4b80000,0x00000000f4b80000,0x00000000f5a00000)
 ParOldGen       total 56320K, used 39416K [0x00000000c0000000, 0x00000000c3700000, 0x00000000eab00000)
  object space 56320K, 69% used [0x00000000c0000000,0x00000000c267e398,0x00000000c3700000)
 Metaspace       used 56642K, capacity 59010K, committed 59160K, reserved 1099776K
  class space    used 7166K, capacity 7989K, committed 8064K, reserved 1048576K
Event: 16.088 GC heap after
Heap after GC invocations=14 (full 2):
 PSYoungGen      total 163840K, used 1373K [0x00000000eab00000, 0x00000000f6080000, 0x0000000100000000)
  eden space 148992K, 0% used [0x00000000eab00000,0x00000000eab00000,0x00000000f3c80000)
  from space 14848K, 9% used [0x00000000f4b80000,0x00000000f4cd7508,0x00000000f5a00000)
  to   space 15360K, 0% used [0x00000000f3c80000,0x00000000f3c80000,0x00000000f4b80000)
 ParOldGen       total 56320K, used 48785K [0x00000000c0000000, 0x00000000c3700000, 0x00000000eab00000)
  object space 56320K, 86% used [0x00000000c0000000,0x00000000c2fa47f0,0x00000000c3700000)
 Metaspace       used 56642K, capacity 59010K, committed 59160K, reserved 1099776K
  class space    used 7166K, capacity 7989K, committed 8064K, reserved 1048576K
}
Event: 16.088 GC heap before
{Heap before GC invocations=15 (full 3):
 PSYoungGen      total 163840K, used 1373K [0x00000000eab00000, 0x00000000f6080000, 0x0000000100000000)
  eden space 148992K, 0% used [0x00000000eab00000,0x00000000eab00000,0x00000000f3c80000)
  from space 14848K, 9% used [0x00000000f4b80000,0x00000000f4cd7508,0x00000000f5a00000)
  to   space 15360K, 0% used [0x00000000f3c80000,0x00000000f3c80000,0x00000000f4b80000)
 ParOldGen       total 56320K, used 48785K [0x00000000c0000000, 0x00000000c3700000, 0x00000000eab00000)
  object space 56320K, 86% used [0x00000000c0000000,0x00000000c2fa47f0,0x00000000c3700000)
 Metaspace       used 56642K, capacity 59010K, committed 59160K, reserved 1099776K
  class space    used 7166K, capacity 7989K, committed 8064K, reserved 1048576K
Event: 16.264 GC heap after
Heap after GC invocations=15 (full 3):
 PSYoungGen      total 163840K, used 0K [0x00000000eab00000, 0x00000000f6080000, 0x0000000100000000)
  eden space 148992K, 0% used [0x00000000eab00000,0x00000000eab00000,0x00000000f3c80000)
  from space 14848K, 0% used [0x00000000f4b80000,0x00000000f4b80000,0x00000000f5a00000)
  to   space 15360K, 0% used [0x00000000f3c80000,0x00000000f3c80000,0x00000000f4b80000)
 ParOldGen       total 108544K, used 47048K [0x00000000c0000000, 0x00000000c6a00000, 0x00000000eab00000)
  object space 108544K, 43% used [0x00000000c0000000,0x00000000c2df2090,0x00000000c6a00000)
 Metaspace       used 56642K, capacity 59010K, committed 59160K, reserved 1099776K
  class space    used 7166K, capacity 7989K, committed 8064K, reserved 1048576K
}
Event: 21.183 GC heap before
{Heap before GC invocations=16 (full 3):
 PSYoungGen      total 163840K, used 148992K [0x00000000eab00000, 0x00000000f6080000, 0x0000000100000000)
  eden space 148992K, 100% used [0x00000000eab00000,0x00000000f3c80000,0x00000000f3c80000)
  from space 14848K, 0% used [0x00000000f4b80000,0x00000000f4b80000,0x00000000f5a00000)
  to   space 15360K, 0% used [0x00000000f3c80000,0x00000000f3c80000,0x00000000f4b80000)
 ParOldGen       total 108544K, used 47048K [0x00000000c0000000, 0x00000000c6a00000, 0x00000000eab00000)
  object space 108544K, 43% used [0x00000000c0000000,0x00000000c2df2090,0x00000000c6a00000)
 Metaspace       used 70162K, capacity 73128K, committed 73344K, reserved 1112064K
  class space    used 8818K, capacity 9829K, committed 9856K, reserved 1048576K
Event: 21.217 GC heap after
Heap after GC invocations=16 (full 3):
 PSYoungGen      total 164352K, used 15334K [0x00000000eab00000, 0x00000000f9200000, 0x0000000100000000)
  eden space 148992K, 0% used [0x00000000eab00000,0x00000000eab00000,0x00000000f3c80000)
  from space 15360K, 99% used [0x00000000f3c80000,0x00000000f4b799b8,0x00000000f4b80000)
  to   space 20480K, 0% used [0x00000000f7e00000,0x00000000f7e00000,0x00000000f9200000)
 ParOldGen       total 108544K, used 54258K [0x00000000c0000000, 0x00000000c6a00000, 0x00000000eab00000)
  object space 108544K, 49% used [0x00000000c0000000,0x00000000c34fc9a8,0x00000000c6a00000)
 Metaspace       used 70162K, capacity 73128K, committed 73344K, reserved 1112064K
  class space    used 8818K, capacity 9829K, committed 9856K, reserved 1048576K
}
Event: 36.883 GC heap before
{Heap before GC invocations=17 (full 3):
 PSYoungGen      total 164352K, used 164316K [0x00000000eab00000, 0x00000000f9200000, 0x0000000100000000)
  eden space 148992K, 99% used [0x00000000eab00000,0x00000000f3c7d990,0x00000000f3c80000)
  from space 15360K, 99% used [0x00000000f3c80000,0x00000000f4b799b8,0x00000000f4b80000)
  to   space 20480K, 0% used [0x00000000f7e00000,0x00000000f7e00000,0x00000000f9200000)
 ParOldGen       total 108544K, used 54258K [0x00000000c0000000, 0x00000000c6a00000, 0x00000000eab00000)
  object space 108544K, 49% used [0x00000000c0000000,0x00000000c34fc9a8,0x00000000c6a00000)
 Metaspace       used 72804K, capacity 75958K, committed 76160K, reserved 1116160K
  class space    used 9070K, capacity 10063K, committed 10112K, reserved 1048576K
Event: 36.929 GC heap after
Heap after GC invocations=17 (full 3):
 PSYoungGen      total 206848K, used 13983K [0x00000000eab00000, 0x00000000f8e80000, 0x0000000100000000)
  eden space 189952K, 0% used [0x00000000eab00000,0x00000000eab00000,0x00000000f6480000)
  from space 16896K, 82% used [0x00000000f7e00000,0x00000000f8ba7f20,0x00000000f8e80000)
  to   space 21504K, 0% used [0x00000000f6480000,0x00000000f6480000,0x00000000f7980000)
 ParOldGen       total 108544K, used 69390K [0x00000000c0000000, 0x00000000c6a00000, 0x00000000eab00000)
  object space 108544K, 63% used [0x00000000c0000000,0x00000000c43c3a30,0x00000000c6a00000)
 Metaspace       used 72804K, capacity 75958K, committed 76160K, reserved 1116160K
  class space    used 9070K, capacity 10063K, committed 10112K, reserved 1048576K
}
Event: 93.269 GC heap before
{Heap before GC invocations=18 (full 3):
 PSYoungGen      total 206848K, used 203935K [0x00000000eab00000, 0x00000000f8e80000, 0x0000000100000000)
  eden space 189952K, 100% used [0x00000000eab00000,0x00000000f6480000,0x00000000f6480000)
  from space 16896K, 82% used [0x00000000f7e00000,0x00000000f8ba7f20,0x00000000f8e80000)
  to   space 21504K, 0% used [0x00000000f6480000,0x00000000f6480000,0x00000000f7980000)
 ParOldGen       total 108544K, used 69390K [0x00000000c0000000, 0x00000000c6a00000, 0x00000000eab00000)
  object space 108544K, 63% used [0x00000000c0000000,0x00000000c43c3a30,0x00000000c6a00000)
 Metaspace       used 73791K, capacity 76944K, committed 77184K, reserved 1116160K
  class space    used 9119K, capacity 10106K, committed 10112K, reserved 1048576K
Event: 93.290 GC heap after
Heap after GC invocations=18 (full 3):
 PSYoungGen      total 211456K, used 21496K [0x00000000eab00000, 0x00000000fc200000, 0x0000000100000000)
  eden space 189952K, 0% used [0x00000000eab00000,0x00000000eab00000,0x00000000f6480000)
  from space 21504K, 99% used [0x00000000f6480000,0x00000000f797e1d0,0x00000000f7980000)
  to   space 25600K, 0% used [0x00000000fa900000,0x00000000fa900000,0x00000000fc200000)
 ParOldGen       total 108544K, used 71143K [0x00000000c0000000, 0x00000000c6a00000, 0x00000000eab00000)
  object space 108544K, 65% used [0x00000000c0000000,0x00000000c4579dc8,0x00000000c6a00000)
 Metaspace       used 73791K, capacity 76944K, committed 77184K, reserved 1116160K
  class space    used 9119K, capacity 10106K, committed 10112K, reserved 1048576K
}

Deoptimization events (10 events):
Event: 53.493 Thread 0x000000001e2ba800 Uncommon trap: reason=unstable_if action=reinterpret pc=0x000000000446dd64 method=com.sun.javafx.geom.transform.AffineBase.updateState2D()V @ 86
Event: 71.805 Thread 0x000000001872d800 Uncommon trap: reason=unstable_if action=reinterpret pc=0x0000000002f62af4 method=java.util.PriorityQueue.poll()Ljava/lang/Object; @ 4
Event: 71.805 Thread 0x00000000186cc000 Uncommon trap: reason=unstable_if action=reinterpret pc=0x00000000044dd3f4 method=org.openide.util.RequestProcessor$TickTac.cancel(Lorg/openide/util/RequestProcessor$Item;)V @ 3
Event: 71.814 Thread 0x0000000018829800 Uncommon trap: reason=unstable_if action=reinterpret pc=0x00000000046f2710 method=org.openide.util.RequestProcessor$TickTac.schedule(Lorg/openide/util/RequestProcessor$Item;J)V @ 3
Event: 71.814 Thread 0x000000001e2ba000 Uncommon trap: reason=unstable_if action=reinterpret pc=0x00000000046132b0 method=java.util.PriorityQueue.poll()Ljava/lang/Object; @ 4
Event: 71.830 Thread 0x0000000018829800 Uncommon trap: reason=unstable_if action=reinterpret pc=0x00000000046ea418 method=org.openide.util.RequestProcessor$TickTac.schedule(Lorg/openide/util/RequestProcessor$Item;J)V @ 3
Event: 86.377 Thread 0x00000000186cc000 Uncommon trap: reason=unstable_if action=reinterpret pc=0x0000000003b80088 method=sun.nio.fs.WindowsPathParser.nextNonSlash(Ljava/lang/String;II)I @ 2
Event: 86.420 Thread 0x00000000186cc000 Uncommon trap: reason=unstable_if action=reinterpret pc=0x000000000387c414 method=org.netbeans.ModuleManager.shouldDelegateResource(Lorg/netbeans/Module;Lorg/netbeans/Module;Ljava/lang/String;)Z @ 27
Event: 87.464 Thread 0x0000000018829800 Uncommon trap: reason=unstable_if action=reinterpret pc=0x00000000043854e8 method=java.awt.Container.getMouseEventTargetImpl(IIZLjava/awt/Container$EventTargetFilter;ZZ)Ljava/awt/Component; @ 218
Event: 96.272 Thread 0x0000000018829800 Uncommon trap: reason=predicate action=maybe_recompile pc=0x0000000002adad60 method=java.util.TimSort.binarySort([Ljava/lang/Object;IIILjava/util/Comparator;)V @ 37

Internal exceptions (10 events):
Event: 16.492 Thread 0x0000000018829800 Exception <a 'java/lang/ArrayIndexOutOfBoundsException'> (0x00000000ebb3c658) thrown at [C:\re\workspace\8-2-build-windows-amd64-cygwin\jdk8u71\5731\hotspot\src\share\vm\runtime\sharedRuntime.cpp, line 605]
Event: 16.493 Thread 0x0000000018829800 Exception <a 'java/lang/ArrayIndexOutOfBoundsException'> (0x00000000ebb51028) thrown at [C:\re\workspace\8-2-build-windows-amd64-cygwin\jdk8u71\5731\hotspot\src\share\vm\runtime\sharedRuntime.cpp, line 605]
Event: 16.493 Thread 0x0000000018829800 Exception <a 'java/lang/ArrayIndexOutOfBoundsException'> (0x00000000ebb657d8) thrown at [C:\re\workspace\8-2-build-windows-amd64-cygwin\jdk8u71\5731\hotspot\src\share\vm\runtime\sharedRuntime.cpp, line 605]
Event: 16.494 Thread 0x0000000018829800 Exception <a 'java/lang/ArrayIndexOutOfBoundsException'> (0x00000000ebb79a40) thrown at [C:\re\workspace\8-2-build-windows-amd64-cygwin\jdk8u71\5731\hotspot\src\share\vm\runtime\sharedRuntime.cpp, line 605]
Event: 16.494 Thread 0x0000000018829800 Exception <a 'java/lang/ArrayIndexOutOfBoundsException'> (0x00000000ebb8e200) thrown at [C:\re\workspace\8-2-build-windows-amd64-cygwin\jdk8u71\5731\hotspot\src\share\vm\runtime\sharedRuntime.cpp, line 605]
Event: 16.495 Thread 0x0000000018829800 Exception <a 'java/lang/ArrayIndexOutOfBoundsException'> (0x00000000ebba29c0) thrown at [C:\re\workspace\8-2-build-windows-amd64-cygwin\jdk8u71\5731\hotspot\src\share\vm\runtime\sharedRuntime.cpp, line 605]
Event: 16.967 Thread 0x0000000018829800 Exception <a 'java/io/FileNotFoundException'> (0x00000000ede76f90) thrown at [C:\re\workspace\8-2-build-windows-amd64-cygwin\jdk8u71\5731\hotspot\src\share\vm\prims\jni.cpp, line 709]
Event: 20.584 Thread 0x0000000018829800 Exception <a 'sun/nio/fs/WindowsException'> (0x00000000f152fd48) thrown at [C:\re\workspace\8-2-build-windows-amd64-cygwin\jdk8u71\5731\hotspot\src\share\vm\prims\jni.cpp, line 709]
Event: 27.738 Thread 0x000000001e2ba000 Exception <a 'java/lang/NoSuchMethodError': <clinit>> (0x00000000eeae0dd8) thrown at [C:\re\workspace\8-2-build-windows-amd64-cygwin\jdk8u71\5731\hotspot\src\share\vm\prims\jni.cpp, line 1591]
Event: 49.705 Thread 0x0000000018829800 Implicit null exception at 0x0000000004605876 to 0x0000000004605f7d

Events (10 events):
Event: 96.272 Thread 0x0000000018829800 DEOPT PACKING pc=0x0000000002adad60 sp=0x000000001a4ec730
Event: 96.272 Thread 0x0000000018829800 DEOPT UNPACKING pc=0x00000000029b556a sp=0x000000001a4ec648 mode 2
Event: 102.628 loading class sun/awt/datatransfer/SunClipboard$1SunFlavorChangeNotifier
Event: 102.628 loading class sun/awt/datatransfer/SunClipboard$1SunFlavorChangeNotifier done
Event: 104.131 Executing VM operation: RevokeBias
Event: 104.131 Executing VM operation: RevokeBias done
Event: 104.160 Executing VM operation: RevokeBias
Event: 104.160 Executing VM operation: RevokeBias done
Event: 116.372 Thread 0x000000002b2aa800 Thread exited: 0x000000002b2aa800
Event: 116.372 Thread 0x000000002b2aa800 Thread added: 0x000000002b2aa800


Dynamic libraries:
0x0000000000400000 - 0x000000000043a000 	D:\Program Files\NetBeans IDE\NetBeans 8.1\platform\lib\nbexec64.exe
0x0000000077c80000 - 0x0000000077e29000 	C:\Windows\SYSTEM32\ntdll.dll
0x0000000077b60000 - 0x0000000077c7f000 	C:\Windows\system32\kernel32.dll
0x000007fefde30000 - 0x000007fefde9b000 	C:\Windows\system32\KERNELBASE.dll
0x000007feffe50000 - 0x000007fefff2b000 	C:\Windows\system32\ADVAPI32.dll
0x000007feffad0000 - 0x000007feffb6f000 	C:\Windows\system32\msvcrt.dll
0x000007fefdfb0000 - 0x000007fefdfcf000 	C:\Windows\SYSTEM32\sechost.dll
0x000007feff1a0000 - 0x000007feff2cd000 	C:\Windows\system32\RPCRT4.dll
0x0000000077a60000 - 0x0000000077b5a000 	C:\Windows\system32\USER32.dll
0x000007feffa60000 - 0x000007feffac7000 	C:\Windows\system32\GDI32.dll
0x000007feff190000 - 0x000007feff19e000 	C:\Windows\system32\LPK.dll
0x000007feff2d0000 - 0x000007feff399000 	C:\Windows\system32\USP10.dll
0x000007fefefe0000 - 0x000007feff00e000 	C:\Windows\system32\IMM32.DLL
0x000007feff5b0000 - 0x000007feff6b9000 	C:\Windows\system32\MSCTF.dll
0x000000005a750000 - 0x000000005ac04000 	D:\Program Files\NetBeans IDE\NetBeans 8.1\platform\lib\nbexec64.dll
0x00000000595b0000 - 0x0000000059e3f000 	D:\Program Files\Java\jdk1.8.0_71\jre\bin\server\jvm.dll
0x000007fefa310000 - 0x000007fefa319000 	C:\Windows\system32\WSOCK32.dll
0x000007feff010000 - 0x000007feff05d000 	C:\Windows\system32\WS2_32.dll
0x000007fefdfa0000 - 0x000007fefdfa8000 	C:\Windows\system32\NSI.dll
0x000007fefbb40000 - 0x000007fefbb7b000 	C:\Windows\system32\WINMM.dll
0x000007fefcce0000 - 0x000007fefccec000 	C:\Windows\system32\VERSION.dll
0x0000000077e40000 - 0x0000000077e47000 	C:\Windows\system32\PSAPI.DLL
0x000000005a5f0000 - 0x000000005a6c2000 	D:\Program Files\Java\jdk1.8.0_71\jre\bin\MSVCR100.dll
0x000000005a5b0000 - 0x000000005a5e9000 	D:\Program Files\Java\jdk1.8.0_71\jre\bin\splashscreen.dll
0x000007fefc390000 - 0x000007fefc3e6000 	C:\Windows\system32\uxtheme.dll
0x000000005a5a0000 - 0x000000005a5af000 	D:\Program Files\Java\jdk1.8.0_71\jre\bin\verify.dll
0x000000005a570000 - 0x000000005a599000 	D:\Program Files\Java\jdk1.8.0_71\jre\bin\java.dll
0x000000005a550000 - 0x000000005a566000 	D:\Program Files\Java\jdk1.8.0_71\jre\bin\zip.dll
0x000007feff3a0000 - 0x000007feff5a3000 	C:\Windows\system32\ole32.dll
0x000007fefdb00000 - 0x000007fefdb0f000 	C:\Windows\system32\CRYPTBASE.dll
0x000007fefe250000 - 0x000007fefefd8000 	C:\Windows\system32\SHELL32.dll
0x000007feffdd0000 - 0x000007feffe41000 	C:\Windows\system32\SHLWAPI.dll
0x000007fefdbd0000 - 0x000007fefdbdf000 	C:\Windows\system32\profapi.dll
0x000000005a530000 - 0x000000005a54a000 	D:\Program Files\Java\jdk1.8.0_71\jre\bin\net.dll
0x000007fefd440000 - 0x000007fefd495000 	C:\Windows\system32\mswsock.dll
0x000007fefd430000 - 0x000007fefd437000 	C:\Windows\System32\wship6.dll
0x000000005a510000 - 0x000000005a521000 	D:\Program Files\Java\jdk1.8.0_71\jre\bin\nio.dll
0x000007feff8e0000 - 0x000007feff9b7000 	C:\Windows\system32\OLEAUT32.DLL
0x000007fefb690000 - 0x000007fefb6b7000 	C:\Windows\system32\IPHLPAPI.DLL
0x000007fefb680000 - 0x000007fefb68b000 	C:\Windows\system32\WINNSI.DLL
0x000007fefb270000 - 0x000007fefb281000 	C:\Windows\system32\dhcpcsvc6.DLL
0x000007fefb1d0000 - 0x000007fefb1e8000 	C:\Windows\system32\dhcpcsvc.DLL
0x000000005a370000 - 0x000000005a508000 	D:\Program Files\Java\jdk1.8.0_71\jre\bin\awt.dll
0x000007fefd4a0000 - 0x000007fefd4b8000 	C:\Windows\system32\CRYPTSP.dll
0x000007fefd1a0000 - 0x000007fefd1e7000 	C:\Windows\system32\rsaenh.dll
0x000007fefcf10000 - 0x000007fefcf2e000 	C:\Windows\system32\USERENV.dll
0x000007fefbf30000 - 0x000007fefbf48000 	C:\Windows\system32\DWMAPI.DLL
0x000007fefc7c0000 - 0x000007fefc9b4000 	C:\Windows\WinSxS\amd64_microsoft.windows.common-controls_6595b64144ccf1df_6.0.7601.17514_none_fa396087175ac9ac\COMCTL32.dll
0x000007fefbd50000 - 0x000007fefbd65000 	C:\Windows\system32\NLAapi.dll
0x000007fef9830000 - 0x000007fef9845000 	C:\Windows\system32\napinsp.dll
0x000007fef9810000 - 0x000007fef9829000 	C:\Windows\system32\pnrpnsp.dll
0x000007fefd2c0000 - 0x000007fefd31b000 	C:\Windows\system32\DNSAPI.dll
0x000007fef9800000 - 0x000007fef980b000 	C:\Windows\System32\winrnr.dll
0x00000000747a0000 - 0x00000000747c6000 	C:\Program Files\Bonjour\mdnsNSP.dll
0x0000000074770000 - 0x000000007479e000 	C:\Program Files\Common Files\Microsoft Shared\Windows Live\WLIDNSP.DLL
0x000007fefce00000 - 0x000007fefce07000 	C:\Windows\System32\wshtcpip.dll
0x000007fefa930000 - 0x000007fefa938000 	C:\Windows\system32\rasadhlp.dll
0x000007fefb2e0000 - 0x000007fefb333000 	C:\Windows\System32\fwpuclnt.dll
0x000007feec140000 - 0x000007feec33f000 	C:\Windows\system32\d3d9.dll
0x000007fef4360000 - 0x000007fef4367000 	C:\Windows\system32\d3d8thk.dll
0x0000000059ea0000 - 0x000000005a288000 	C:\Windows\system32\atiumd64.dll
0x0000000059310000 - 0x00000000595a9000 	C:\Windows\system32\atiumd6a.dll
0x000000005a320000 - 0x000000005a367000 	D:\Program Files\Java\jdk1.8.0_71\jre\bin\fontmanager.dll
0x000000005a2d0000 - 0x000000005a312000 	D:\Program Files\Java\jdk1.8.0_71\jre\bin\t2k.dll
0x0000000180000000 - 0x0000000180038000 	D:\Program Files\NetBeans IDE\NetBeans 8.1\platform\modules\lib\amd64\jnidispatch-410.dll
0x000007fefe1b0000 - 0x000007fefe249000 	C:\Windows\system32\CLBCatQ.DLL
0x000007fefb900000 - 0x000007fefba2a000 	C:\Windows\system32\WindowsCodecs.dll
0x000007fefdaa0000 - 0x000007fefdaf7000 	C:\Windows\system32\apphelp.dll
0x000007fef5f40000 - 0x000007fef617d000 	C:\PROGRA~1\MICROS~2\Office15\GROOVEEX.DLL
0x0000000074560000 - 0x00000000745f8000 	C:\Windows\system32\MSVCP100.dll
0x0000000068340000 - 0x000000006836b000 	C:\Windows\system32\ATL100.DLL
0x000007fef5a90000 - 0x000007fef5da6000 	C:\Windows\system32\msi.dll
0x000007fef4aa0000 - 0x000007fef531f000 	C:\PROGRA~1\MICROS~2\Office15\1049\GrooveIntlResource.dll
0x000007fef4950000 - 0x000007fef4a92000 	C:\Program Files\Yandex\YandexDisk\bin\YandexDiskOverlays-2398.dll
0x0000000068310000 - 0x0000000068326000 	C:\Program Files\Common Files\TortoiseOverlays\TortoiseOverlays.dll
0x000000001bec0000 - 0x000000001bf3b000 	C:\Program Files\TortoiseHg\ThgShellx64.dll
0x000000005a2c0000 - 0x000000005a2cd000 	D:\Program Files\Java\jdk1.8.0_71\jre\bin\management.dll
0x000007fef96f0000 - 0x000007fef9761000 	C:\Windows\system32\winhttp.dll
0x000007fef9640000 - 0x000007fef96a4000 	C:\Windows\system32\webio.dll
0x000007feefe50000 - 0x000007feeff3f000 	D:\Program Files\Java\jdk1.8.0_71\jre\bin\msvcr120.dll
0x000007feefc20000 - 0x000007feefcc6000 	D:\Program Files\Java\jdk1.8.0_71\jre\bin\msvcp120.dll
0x0000000059e70000 - 0x0000000059e93000 	D:\Program Files\Java\jdk1.8.0_71\jre\bin\prism_d3d.dll
0x00000000592c0000 - 0x0000000059303000 	D:\Program Files\Java\jdk1.8.0_71\jre\bin\glass.dll
0x000007feff9c0000 - 0x000007feffa57000 	C:\Windows\system32\COMDLG32.dll
0x0000000059e50000 - 0x0000000059e64000 	D:\Program Files\Java\jdk1.8.0_71\jre\bin\javafx_font.dll
0x000007feec9a0000 - 0x000007feecb1e000 	C:\Windows\system32\dwrite.dll
0x00000000592a0000 - 0x00000000592b1000 	D:\Program Files\Java\jdk1.8.0_71\jre\bin\prism_common.dll
0x000000005a290000 - 0x000000005a2ba000 	D:\Program Files\Java\jdk1.8.0_71\jre\bin\dcpr.dll
0x000007fef9550000 - 0x000007fef95f0000 	C:\Windows\WinSxS\amd64_microsoft.windows.common-controls_6595b64144ccf1df_5.82.7601.17514_none_a4d6a923711520a9\comctl32.dll
0x000007fefdfd0000 - 0x000007fefe1a7000 	C:\Windows\system32\SETUPAPI.dll
0x000007fefdc80000 - 0x000007fefdcb6000 	C:\Windows\system32\CFGMGR32.dll
0x000007fefdf40000 - 0x000007fefdf5a000 	C:\Windows\system32\DEVOBJ.dll
0x000007fefc4a0000 - 0x000007fefc5cc000 	C:\Windows\system32\propsys.dll
0x000007fefccb0000 - 0x000007fefccdd000 	C:\Windows\system32\ntmarta.dll
0x000007fefff30000 - 0x000007fefff82000 	C:\Windows\system32\WLDAP32.dll
0x000007fef41b0000 - 0x000007fef434c000 	C:\Windows\system32\NetworkExplorer.dll
0x000007fef4840000 - 0x000007fef4874000 	C:\Windows\System32\shdocvw.dll
0x000007fefba30000 - 0x000007fefba3b000 	C:\Windows\system32\slc.dll
0x000007fef9850000 - 0x000007fef9868000 	C:\Windows\system32\MPR.dll
0x000007feecd70000 - 0x000007feecd7a000 	C:\Windows\System32\drprov.dll
0x000007fefd0f0000 - 0x000007fefd12d000 	C:\Windows\System32\WINSTA.dll
0x000007feecd40000 - 0x000007feecd62000 	C:\Windows\System32\ntlanman.dll
0x000007feecd20000 - 0x000007feecd3c000 	C:\Windows\System32\davclnt.dll
0x000007fefaa40000 - 0x000007fefaa4a000 	C:\Windows\System32\DAVHLPR.dll
0x000007fefb010000 - 0x000007fefb025000 	C:\Windows\system32\wkscli.dll
0x000007fef72a0000 - 0x000007fef72af000 	C:\Windows\system32\cscapi.dll
0x000007fefb030000 - 0x000007fefb03c000 	C:\Windows\system32\netutils.dll
0x000007feebec0000 - 0x000007feec131000 	C:\Windows\system32\wpdshext.dll
0x000007fefc0f0000 - 0x000007fefc306000 	C:\Windows\WinSxS\amd64_microsoft.windows.gdiplus_6595b64144ccf1df_1.1.7601.18455_none_2b283fd671e9bf4d\gdiplus.dll
0x000007fef1c40000 - 0x000007fef1cfd000 	C:\Windows\system32\PortableDeviceApi.dll
0x000007fefdf60000 - 0x000007fefdf9b000 	C:\Windows\system32\WINTRUST.dll
0x000007fefdcc0000 - 0x000007fefde2d000 	C:\Windows\system32\CRYPT32.dll
0x000007fefdc70000 - 0x000007fefdc7f000 	C:\Windows\system32\MSASN1.dll
0x000007feefbe0000 - 0x000007feefc15000 	C:\Windows\system32\EhStorShell.dll
0x000007feefd20000 - 0x000007feefd47000 	C:\Windows\system32\EhStorAPI.dll
0x000007fef4830000 - 0x000007fef483c000 	C:\Windows\system32\LINKINFO.dll
0x000007fefd8a0000 - 0x000007fefd8ab000 	C:\Windows\system32\Secur32.dll
0x000007fefda70000 - 0x000007fefda95000 	C:\Windows\system32\SSPICLI.DLL
0x000007feeff80000 - 0x000007fef00a5000 	C:\Windows\system32\dbghelp.dll

VM Arguments:
jvm_args: -Dnetbeans.logger.console=true -ea -Duser.language=en -Duser.region=EN -Djdk.home=D:\Program Files\Java\jdk1.8.0_71 -splash:C:\Users\Pete\Documents\NetBeansProjects\DAS\build\testuserdir\var\cache\splash.png -Dnetbeans.home=D:\Program Files\NetBeans IDE\NetBeans 8.1\platform -Dnetbeans.user=C:\Users\Pete\Documents\NetBeansProjects\DAS\build\testuserdir -Dnetbeans.default_userdir_root= -XX:+HeapDumpOnOutOfMemoryError -XX:HeapDumpPath=C:\Users\Pete\Documents\NetBeansProjects\DAS\build\testuserdir\var\log\heapdump.hprof -Dsun.awt.keepWorkingSetOnMinimize=true -Dnetbeans.dirs=C:\Users\Pete\Documents\NetBeansProjects\DAS\build\cluster;D:\Program Files\NetBeans IDE\NetBeans 8.1\platform exit 
java_command: <unknown>
java_class_path (initial): D:\Program Files\NetBeans IDE\NetBeans 8.1\platform\lib\boot.jar;D:\Program Files\NetBeans IDE\NetBeans 8.1\platform\lib\org-openide-modules.jar;D:\Program Files\NetBeans IDE\NetBeans 8.1\platform\lib\org-openide-util-lookup.jar;D:\Program Files\NetBeans IDE\NetBeans 8.1\platform\lib\org-openide-util-ui.jar;D:\Program Files\NetBeans IDE\NetBeans 8.1\platform\lib\org-openide-util.jar;D:\Program Files\NetBeans IDE\NetBeans 8.1\platform\lib\locale\boot_ja.jar;D:\Program Files\NetBeans IDE\NetBeans 8.1\platform\lib\locale\boot_pt_BR.jar;D:\Program Files\NetBeans IDE\NetBeans 8.1\platform\lib\locale\boot_ru.jar;D:\Program Files\NetBeans IDE\NetBeans 8.1\platform\lib\locale\boot_zh_CN.jar;D:\Program Files\NetBeans IDE\NetBeans 8.1\platform\lib\locale\org-openide-modules_ja.jar;D:\Program Files\NetBeans IDE\NetBeans 8.1\platform\lib\locale\org-openide-modules_pt_BR.jar;D:\Program Files\NetBeans IDE\NetBeans 8.1\platform\lib\locale\org-openide-modules_ru.jar;D:\Program Files\NetBeans IDE\NetBeans 8.1\platform\lib\locale\org-openide-modules_zh_CN.jar;D:\Program Files\NetBeans IDE\NetBeans 8.1\platform\lib\locale\org-openide-util-lookup_ja.jar;D:\Program Files\NetBeans IDE\NetBeans 8.1\platform\lib\locale\org-openide-util-lookup_pt_BR.jar;D:\Program Files\NetBeans IDE\NetBeans 8.1\platform\lib\locale\org-openide-util-lookup_ru.jar;D:\Program Files\NetBeans IDE\NetBeans 8.1\platform\lib\locale\org-openide-util-lookup_zh_CN.jar;D:\Program Files\NetBeans IDE\NetBeans 8.1\platform\lib\locale\org-openide-util-ui_ja.jar;D:\Program Files\NetBeans IDE\NetBeans 8.1\platform\lib\locale\org-openide-util-ui_pt_BR.jar;D:\Program Files\NetBeans IDE\NetBeans 8.1\platform\lib\locale\org-openide-util-ui_ru.jar;D:\Program Files\NetBeans IDE\NetBeans 8.1\platform\lib\locale\org-openide-util-ui_zh_CN.jar;D:\Program Files\NetBeans IDE\NetBeans 8.1\platform\lib\locale\org-openide-util_ja.jar;D:\Program Files\NetBeans IDE\NetBeans 8.1\platform\lib\locale\org-openide-uti
Launcher Type: generic

Environment Variables:
JAVA_HOME=D:\Program Files\Java\jdk1.8.0_71\bin
PATH=D:\Perl64\site\bin;D:\Perl64\bin;C:\Program Files (x86)\NVIDIA Corporation\PhysX\Common;C:\Python3\Scripts\;C:\Python3\;C:\Program Files\Common Files\Microsoft Shared\Windows Live;"D:\Program Files\Java\jdk1.8.0_71\bin";C:\Program Files\Microsoft HPC Pack 2008 R2\Bin\;C:\ProgramData\Oracle\Java\javapath;C:\Windows\system32;C:\Windows;C:\Windows\System32\Wbem;C:\Windows\System32\WindowsPowerShell\v1.0\;C:\Program Files\Microsoft\Web Platform Installer\;C:\Program Files (x86)\Microsoft ASP.NET\ASP.NET Web Pages\v1.0\;C:\Program Files (x86)\Windows Kits\8.0\Windows Performance Toolkit\;C:\Program Files\Microsoft SQL Server\110\Tools\Binn\;C:\Program Files (x86)\Microsoft SQL Server\110\Tools\Binn\;C:\Program Files\Microsoft SQL Server\110\DTS\Binn\;C:\Program Files (x86)\Microsoft SQL Server\110\Tools\Binn\ManagementStudio\;C:\Program Files (x86)\Microsoft Visual Studio 10.0\Common7\IDE\PrivateAssemblies\;C:\Program Files (x86)\Microsoft SQL Server\110\DTS\Binn\;D:\Program Files\MATLAB\R2013\runtime\win64;D:\Program Files\MATLAB\R2013\bin;D:\Program Files\MATLAB\R2013\polyspace\bin;D:\Program Files\MiKTeX 2.9\miktex\bin\x64\;"D:\Program Files\Git\bin\git.exe";"D:\Program Files\Python\Python 3.4.2";"D:\Program Files\Git\bin";"D:\Program Files\OpenCASCADE6.8.0\opencascade-6.8.0\win32\vc10\bin";"C:\Users\Pete\Documents\visual studio 2012\Projects\MFCApplication3\DLL";"C:\Program Files\TortoiseHg\";"D:\Program Files\NetBeans IDE\NetBeans 8.0.1\extide\ant\bin";"D:\Program Files\SVN\bin";C:\Program Files (x86)\Skype\Phone\;C:\Program Files (x86)\ATI Technologies\ATI.ACE\Core-Static;C:\SIMULIA\Abaqus\Commands;C:\Program Files\Common Files\Microsoft Shared\Windows Live
USERNAME=Pete
OS=Windows_NT
PROCESSOR_IDENTIFIER=Intel64 Family 6 Model 23 Stepping 10, GenuineIntel



---------------  S Y S T E M  ---------------

OS: Windows 7 , 64 bit Build 7601 (6.1.7601.18409)

CPU:total 4 (4 cores per cpu, 1 threads per core) family 6 model 23 stepping 10, cmov, cx8, fxsr, mmx, sse, sse2, sse3, ssse3, sse4.1, tsc

Memory: 4k page, physical 4192312k(784420k free), swap 8382780k(4134748k free)

vm_info: Java HotSpot(TM) 64-Bit Server VM (25.71-b15) for windows-amd64 JRE (1.8.0_71-b15), built on Dec 22 2015 18:15:55 by "java_re" with MS VC++ 10.0 (VS2010)

time: Sun May 08 19:07:36 2016
elapsed time: 127 seconds (0d 0h 2m 7s)

