2017-12-17T17:54:09,772 [INFO ] - The directory "D:\projects\DAS\Workspace" has been successfully set as a workspace. 
2017-12-17T17:54:11,375 [INFO ] - Antialiasing is supported: true 
2017-12-17T17:54:11,682 [INFO ] - Antialiasing is supported: true 
2017-12-17T17:55:41,435 [INFO ] - Model has been successfully loaded. 
2017-12-17T17:55:41,616 [INFO ] - Antialiasing is supported: true 
2017-12-17T17:57:29,289 [INFO ] - Lmgrd started. 
2017-12-17T17:57:29,291 [INFO ] - Lmgrd started. 
2017-12-17T17:57:29,291 [INFO ] - Lmgrd started. 
2017-12-17T17:57:29,292 [INFO ] - Lmgrd started. 
2017-12-17T17:57:29,292 [INFO ] - Lmgrd started. 
2017-12-17T17:57:29,293 [INFO ] - Lmgrd started. 
2017-12-17T17:57:29,293 [INFO ] - Lmgrd started. 
2017-12-17T17:57:29,295 [INFO ] - Lmgrd started. 
2017-12-17T17:57:29,295 [INFO ] - Lmgrd started. 
2017-12-17T17:57:29,296 [INFO ] - Lmgrd started. 
2017-12-17T17:57:29,296 [INFO ] - Lmgrd started. 
2017-12-17T17:57:29,296 [INFO ] - Lmgrd started. 
2017-12-17T17:57:29,296 [INFO ] - Lmgrd started. 
2017-12-17T17:57:29,297 [INFO ] - Lmgrd started. 
2017-12-17T17:57:29,297 [INFO ] - Lmgrd started. 
2017-12-17T17:57:29,297 [INFO ] - Lmgrd started. 
2017-12-17T17:57:29,297 [INFO ] - Lmgrd started. 
2017-12-17T17:57:29,297 [INFO ] - Lmgrd started. 
2017-12-17T17:57:29,297 [INFO ] - Lmgrd started. 
2017-12-17T17:57:29,298 [INFO ] - Lmgrd started. 
2017-12-17T17:57:29,298 [INFO ] - Lmgrd started. 
2017-12-17T17:57:29,298 [INFO ] - Lmgrd started. 
2017-12-17T17:57:29,298 [INFO ] - Lmgrd started. 
2017-12-17T17:57:29,298 [INFO ] - Lmgrd started. 
2017-12-17T17:57:29,298 [INFO ] - Lmgrd started. 
2017-12-17T17:57:29,313 [INFO ] - Lmgrd started. 
2017-12-17T17:57:29,314 [INFO ] - Lmgrd started. 
2017-12-17T17:57:29,314 [INFO ] - Lmgrd started. 
2017-12-17T17:57:29,314 [INFO ] - Lmgrd started. 
2017-12-17T17:57:29,314 [INFO ] - Lmgrd started. 
2017-12-17T17:57:29,314 [INFO ] - Lmgrd started. 
2017-12-17T17:57:29,315 [INFO ] - Lmgrd started. 
2017-12-17T17:57:29,315 [INFO ] - Lmgrd started. 
2017-12-17T17:57:29,397 [INFO ] - Lmgrd started. 
2017-12-17T17:57:29,408 [INFO ] - Lmgrd started. 
2017-12-17T17:57:29,425 [INFO ] - Lmgrd started. 
2017-12-17T17:57:29,425 [INFO ] - Lmgrd started. 
2017-12-17T17:57:29,426 [INFO ] - Lmgrd started. 
2017-12-17T17:57:29,426 [INFO ] - Lmgrd started. 
2017-12-17T17:57:29,426 [INFO ] - Lmgrd started. 
2017-12-17T17:57:29,426 [INFO ] - Lmgrd started. 
2017-12-17T17:57:29,426 [INFO ] - Lmgrd started. 
2017-12-17T17:57:29,427 [INFO ] - Lmgrd started. 
2017-12-17T17:57:29,427 [INFO ] - Lmgrd started. 
2017-12-17T17:57:29,427 [INFO ] - Lmgrd started. 
2017-12-17T17:57:29,427 [INFO ] - Lmgrd started. 
2017-12-17T17:57:29,427 [INFO ] - Lmgrd started. 
2017-12-17T17:57:29,428 [INFO ] - Lmgrd started. 
2017-12-17T17:57:29,428 [INFO ] - Lmgrd started. 
2017-12-17T17:57:29,428 [INFO ] - Lmgrd started. 
2017-12-17T17:57:29,428 [INFO ] - Lmgrd started. 
2017-12-17T17:57:29,428 [INFO ] - Lmgrd started. 
2017-12-17T17:57:29,428 [INFO ] - Lmgrd started. 
2017-12-17T17:57:29,429 [INFO ] - Lmgrd started. 
2017-12-17T17:57:29,429 [INFO ] - Lmgrd started. 
2017-12-17T17:57:29,429 [INFO ] - Lmgrd started. 
2017-12-17T17:57:29,429 [INFO ] - Lmgrd started. 
2017-12-17T17:57:29,430 [INFO ] - Lmgrd started. 
2017-12-17T18:08:40,647 [INFO ] - Lmgrd started. 
2017-12-17T18:08:40,648 [INFO ] - Lmgrd started. 
2017-12-17T18:08:40,649 [INFO ] - Lmgrd started. 
2017-12-17T18:08:43,299 [INFO ] - Lmgrd started. 
2017-12-17T18:08:43,305 [INFO ] - Lmgrd started. 
2017-12-17T18:08:43,356 [ERROR] - com.interactivemesh.jfx.importer.ImportException: ObjModelImporter read(File file) : file doesn't exist ! 
2017-12-17T18:09:00,782 [INFO ] - Antialiasing is supported: true 
2017-12-17T18:29:21,244 [INFO ] - Model has been successfully loaded. 
2017-12-17T18:29:21,281 [INFO ] - Antialiasing is supported: true 
2017-12-17T18:29:25,179 [INFO ] - Lmgrd started. 
2017-12-17T18:29:25,180 [INFO ] - Lmgrd started. 
2017-12-17T18:29:30,606 [INFO ] - Lmgrd started. 
2017-12-17T18:29:30,609 [INFO ] - Lmgrd started. 
2017-12-17T18:30:18,655 [INFO ] - Lmgrd started. 
2017-12-17T18:30:18,677 [INFO ] - Lmgrd started. 
2017-12-17T18:30:18,933 [INFO ] - Lmgrd started. 
2017-12-17T18:30:18,933 [INFO ] - Lmgrd started. 
2017-12-17T18:30:19,004 [INFO ] - Antialiasing is supported: true 
2017-12-17T18:31:29,139 [INFO ] - Lmgrd started. 
2017-12-17T18:31:29,141 [INFO ] - Lmgrd started. 
2017-12-17T18:31:30,269 [INFO ] - Lmgrd started. 
2017-12-17T18:31:30,270 [INFO ] - Lmgrd started. 
2017-12-17T18:31:30,323 [ERROR] - com.interactivemesh.jfx.importer.ImportException: ObjModelImporter read(File file) : file doesn't exist ! 
2017-12-17T18:31:38,315 [INFO ] - Antialiasing is supported: true 
2017-12-17T18:31:41,779 [INFO ] - Lmgrd started. 
2017-12-17T18:31:41,781 [INFO ] - Lmgrd started. 
2017-12-17T18:31:42,292 [INFO ] - Lmgrd started. 
2017-12-17T18:31:42,293 [INFO ] - Lmgrd started. 
2017-12-17T18:31:42,349 [ERROR] - com.interactivemesh.jfx.importer.ImportException: ObjModelImporter read(File file) : file doesn't exist ! 
2017-12-17T18:31:44,738 [INFO ] - Antialiasing is supported: true 
